This file contains any messages produced by compilers while
running configure, to aid debugging if configure makes a mistake.

It was created by RoseCoin Core configure 1.0.0, which was
generated by GNU Autoconf 2.69.  Invocation command line was

  $ ./configure --disable-tests --disable-bench

## --------- ##
## Platform. ##
## --------- ##

hostname = bld
uname -m = x86_64
uname -r = 4.15.0-112-generic
uname -s = Linux
uname -v = #113-Ubuntu SMP Thu Jul 9 23:41:39 UTC 2020

/usr/bin/uname -p = unknown
/bin/uname -X     = unknown

/bin/arch              = unknown
/usr/bin/arch -k       = unknown
/usr/convex/getsysinfo = unknown
/usr/bin/hostinfo      = unknown
/bin/machine           = unknown
/usr/bin/oslevel       = unknown
/bin/universe          = unknown

PATH: /usr/bin
PATH: /bin


## ----------- ##
## Core tests. ##
## ----------- ##

configure:2880: loading site script /home/administrator/walletbuilders/build_environment/litecoin/0.16.3/depends/x86_64-w64-linux/share/config.site
| depends_prefix="`dirname ${ac_site_file}`/.."
| 
| cross_compiling=maybe
| host_alias=x86_64-w64-linux
| ac_tool_prefix=${host_alias}-
| 
| if test -z $with_boost; then
|   with_boost=$depends_prefix
| fi
| if test -z $with_qt_plugindir; then
|   with_qt_plugindir=$depends_prefix/plugins
| fi
| if test -z $with_qt_translationdir; then
|   with_qt_translationdir=$depends_prefix/translations
| fi
| if test -z $with_qt_bindir && test -z ""; then
|   with_qt_bindir=$depends_prefix/native/bin
| fi
| if test -z $with_protoc_bindir && test -z ""; then
|   with_protoc_bindir=$depends_prefix/native/bin
| fi
| 
| 
| if test -z $enable_wallet && test -n ""; then
|   enable_wallet=no
| fi
| 
| if test -z $with_miniupnpc && test -n ""; then
|   with_miniupnpc=no
| fi
| 
| if test -z $with_gui && test -n ""; then
|   with_gui=no
| fi
| 
| if test xlinux = xdarwin; then
|   BREW=no
|   PORT=no
| fi
| 
| if test xlinux = xmingw32; then
|   if test -z $with_qt_incdir; then
|     with_qt_incdir=$depends_prefix/include
|   fi
|   if test -z $with_qt_libdir; then
|     with_qt_libdir=$depends_prefix/lib
|   fi
| fi
| 
| PATH=$depends_prefix/native/bin:$PATH
| PKG_CONFIG="`which pkg-config` --static"
| 
| # These two need to remain exported because pkg-config does not see them
| # otherwise. That means they must be unexported at the end of configure.ac to
| # avoid ruining the cache. Sigh.
| export PKG_CONFIG_PATH=$depends_prefix/share/pkgconfig:$depends_prefix/lib/pkgconfig
| if test -z ""; then
|   export PKGCONFIG_LIBDIR=
| fi
| 
| CPPFLAGS="-I$depends_prefix/include/ $CPPFLAGS"
| LDFLAGS="-L$depends_prefix/lib $LDFLAGS"
| 
| CC="gcc -m64"
| CXX="g++ -m64"
| OBJC="${CC}"
| CCACHE=$depends_prefix/native/bin/ccache
| PYTHONPATH=$depends_prefix/native/lib/python/dist-packages:$PYTHONPATH
| 
| if test -n "ar"; then
|   AR=ar
|   ac_cv_path_ac_pt_AR=${AR}
| fi
| 
| if test -n "ranlib"; then
|   RANLIB=ranlib
|   ac_cv_path_ac_pt_RANLIB=${RANLIB}
| fi
| 
| if test -n "nm"; then
|   NM=nm
|   ac_cv_path_ac_pt_NM=${NM}
| fi
| 
| if test -n ""; then
|   enable_reduce_exports=no
| fi
| 
| if test -n "-pipe -O2"; then
|   CFLAGS="-pipe -O2 $CFLAGS"
| fi
| if test -n "-pipe -O2"; then
|   CXXFLAGS="-pipe -O2 $CXXFLAGS"
| fi
| if test -n ""; then
|   CPPFLAGS=" $CPPFLAGS"
| fi
| if test -n ""; then
|   LDFLAGS=" $LDFLAGS"
| fi
configure:3024: checking build system type
configure:3038: result: x86_64-pc-linux-gnu
configure:3058: checking host system type
configure:3071: result: x86_64-w64-linux-gnu
configure:3114: checking for a BSD-compatible install
configure:3182: result: /usr/bin/install -c
configure:3193: checking whether build environment is sane
configure:3248: result: yes
configure:3307: checking for x86_64-w64-linux-strip
configure:3337: result: no
configure:3347: checking for strip
configure:3363: found /usr/bin/strip
configure:3374: result: strip
configure:3399: checking for a thread-safe mkdir -p
configure:3438: result: /bin/mkdir -p
configure:3445: checking for gawk
configure:3461: found /usr/bin/gawk
configure:3472: result: gawk
configure:3483: checking whether make sets $(MAKE)
configure:3505: result: yes
configure:3534: checking whether make supports nested variables
configure:3551: result: yes
configure:3670: checking whether to enable maintainer-specific portions of Makefiles
configure:3679: result: yes
configure:3704: checking whether make supports nested variables
configure:3721: result: yes
configure:3850: checking for C++ compiler version
configure:3859: g++ -m64 --version >&5
g++ (Ubuntu 7.5.0-3ubuntu1~18.04) 7.5.0
Copyright (C) 2017 Free Software Foundation, Inc.
This is free software; see the source for copying conditions.  There is NO
warranty; not even for MERCHANTABILITY or FITNESS FOR A PARTICULAR PURPOSE.

configure:3870: $? = 0
configure:3859: g++ -m64 -v >&5
Using built-in specs.
COLLECT_GCC=g++
COLLECT_LTO_WRAPPER=/usr/lib/gcc/x86_64-linux-gnu/7/lto-wrapper
OFFLOAD_TARGET_NAMES=nvptx-none
OFFLOAD_TARGET_DEFAULT=1
Target: x86_64-linux-gnu
Configured with: ../src/configure -v --with-pkgversion='Ubuntu 7.5.0-3ubuntu1~18.04' --with-bugurl=file:///usr/share/doc/gcc-7/README.Bugs --enable-languages=c,ada,c++,go,brig,d,fortran,objc,obj-c++ --prefix=/usr --with-gcc-major-version-only --program-suffix=-7 --program-prefix=x86_64-linux-gnu- --enable-shared --enable-linker-build-id --libexecdir=/usr/lib --without-included-gettext --enable-threads=posix --libdir=/usr/lib --enable-nls --enable-bootstrap --enable-clocale=gnu --enable-libstdcxx-debug --enable-libstdcxx-time=yes --with-default-libstdcxx-abi=new --enable-gnu-unique-object --disable-vtable-verify --enable-libmpx --enable-plugin --enable-default-pie --with-system-zlib --with-target-system-zlib --enable-objc-gc=auto --enable-multiarch --disable-werror --with-arch-32=i686 --with-abi=m64 --with-multilib-list=m32,m64,mx32 --enable-multilib --with-tune=generic --enable-offload-targets=nvptx-none --without-cuda-driver --enable-checking=release --build=x86_64-linux-gnu --host=x86_64-linux-gnu --target=x86_64-linux-gnu
Thread model: posix
gcc version 7.5.0 (Ubuntu 7.5.0-3ubuntu1~18.04) 
configure:3870: $? = 0
configure:3859: g++ -m64 -V >&5
g++: error: unrecognized command line option '-V'
g++: fatal error: no input files
compilation terminated.
configure:3870: $? = 1
configure:3859: g++ -m64 -qversion >&5
g++: error: unrecognized command line option '-qversion'; did you mean '--version'?
g++: fatal error: no input files
compilation terminated.
configure:3870: $? = 1
configure:3890: checking whether the C++ compiler works
configure:3912: g++ -m64 -pipe -O2  -I/home/administrator/walletbuilders/build_environment/litecoin/0.16.3/depends/x86_64-w64-linux/share/../include/  -L/home/administrator/walletbuilders/build_environment/litecoin/0.16.3/depends/x86_64-w64-linux/share/../lib  conftest.cpp  >&5
configure:3916: $? = 0
configure:3964: result: yes
configure:3967: checking for C++ compiler default output file name
configure:3969: result: a.out
configure:3975: checking for suffix of executables
configure:3982: g++ -m64 -o conftest -pipe -O2  -I/home/administrator/walletbuilders/build_environment/litecoin/0.16.3/depends/x86_64-w64-linux/share/../include/  -L/home/administrator/walletbuilders/build_environment/litecoin/0.16.3/depends/x86_64-w64-linux/share/../lib  conftest.cpp  >&5
configure:3986: $? = 0
configure:4008: result: 
configure:4030: checking whether we are cross compiling
configure:4038: g++ -m64 -o conftest -pipe -O2  -I/home/administrator/walletbuilders/build_environment/litecoin/0.16.3/depends/x86_64-w64-linux/share/../include/  -L/home/administrator/walletbuilders/build_environment/litecoin/0.16.3/depends/x86_64-w64-linux/share/../lib  conftest.cpp  >&5
configure:4042: $? = 0
configure:4049: ./conftest
configure:4053: $? = 0
configure:4068: result: no
configure:4073: checking for suffix of object files
configure:4095: g++ -m64 -c -pipe -O2  -I/home/administrator/walletbuilders/build_environment/litecoin/0.16.3/depends/x86_64-w64-linux/share/../include/  conftest.cpp >&5
configure:4099: $? = 0
configure:4120: result: o
configure:4124: checking whether we are using the GNU C++ compiler
configure:4143: g++ -m64 -c -pipe -O2  -I/home/administrator/walletbuilders/build_environment/litecoin/0.16.3/depends/x86_64-w64-linux/share/../include/  conftest.cpp >&5
configure:4143: $? = 0
configure:4152: result: yes
configure:4161: checking whether g++ -m64 accepts -g
configure:4181: g++ -m64 -c -g -I/home/administrator/walletbuilders/build_environment/litecoin/0.16.3/depends/x86_64-w64-linux/share/../include/  conftest.cpp >&5
configure:4181: $? = 0
configure:4222: result: yes
configure:4256: checking for style of include used by make
configure:4284: result: GNU
configure:4310: checking dependency style of g++ -m64
configure:4421: result: gcc3
configure:4459: checking whether g++ -m64 supports C++11 features with -std=c++11
configure:4755: g++ -m64 -std=c++11 -c -pipe -O2  -I/home/administrator/walletbuilders/build_environment/litecoin/0.16.3/depends/x86_64-w64-linux/share/../include/  conftest.cpp >&5
configure:4755: $? = 0
configure:4764: result: yes
configure:4808: checking whether std::atomic can be used without link library
configure:4826: g++ -m64 -std=c++11 -o conftest -pipe -O2  -I/home/administrator/walletbuilders/build_environment/litecoin/0.16.3/depends/x86_64-w64-linux/share/../include/  -L/home/administrator/walletbuilders/build_environment/litecoin/0.16.3/depends/x86_64-w64-linux/share/../lib  conftest.cpp  >&5
configure:4826: $? = 0
configure:4828: result: yes
configure:4897: checking for x86_64-w64-linux-g++
configure:4924: result: g++ -m64 -std=c++11
configure:4993: checking for Objective C++ compiler version
configure:5002: g++ -m64 -std=c++11 --version >&5
g++ (Ubuntu 7.5.0-3ubuntu1~18.04) 7.5.0
Copyright (C) 2017 Free Software Foundation, Inc.
This is free software; see the source for copying conditions.  There is NO
warranty; not even for MERCHANTABILITY or FITNESS FOR A PARTICULAR PURPOSE.

configure:5013: $? = 0
configure:5002: g++ -m64 -std=c++11 -v >&5
Using built-in specs.
COLLECT_GCC=g++
COLLECT_LTO_WRAPPER=/usr/lib/gcc/x86_64-linux-gnu/7/lto-wrapper
OFFLOAD_TARGET_NAMES=nvptx-none
OFFLOAD_TARGET_DEFAULT=1
Target: x86_64-linux-gnu
Configured with: ../src/configure -v --with-pkgversion='Ubuntu 7.5.0-3ubuntu1~18.04' --with-bugurl=file:///usr/share/doc/gcc-7/README.Bugs --enable-languages=c,ada,c++,go,brig,d,fortran,objc,obj-c++ --prefix=/usr --with-gcc-major-version-only --program-suffix=-7 --program-prefix=x86_64-linux-gnu- --enable-shared --enable-linker-build-id --libexecdir=/usr/lib --without-included-gettext --enable-threads=posix --libdir=/usr/lib --enable-nls --enable-bootstrap --enable-clocale=gnu --enable-libstdcxx-debug --enable-libstdcxx-time=yes --with-default-libstdcxx-abi=new --enable-gnu-unique-object --disable-vtable-verify --enable-libmpx --enable-plugin --enable-default-pie --with-system-zlib --with-target-system-zlib --enable-objc-gc=auto --enable-multiarch --disable-werror --with-arch-32=i686 --with-abi=m64 --with-multilib-list=m32,m64,mx32 --enable-multilib --with-tune=generic --enable-offload-targets=nvptx-none --without-cuda-driver --enable-checking=release --build=x86_64-linux-gnu --host=x86_64-linux-gnu --target=x86_64-linux-gnu
Thread model: posix
gcc version 7.5.0 (Ubuntu 7.5.0-3ubuntu1~18.04) 
configure:5013: $? = 0
configure:5002: g++ -m64 -std=c++11 -V >&5
g++: error: unrecognized command line option '-V'
g++: fatal error: no input files
compilation terminated.
configure:5013: $? = 1
configure:5002: g++ -m64 -std=c++11 -qversion >&5
g++: error: unrecognized command line option '-qversion'; did you mean '--version'?
g++: fatal error: no input files
compilation terminated.
configure:5013: $? = 1
configure:5017: checking whether we are using the GNU Objective C++ compiler
configure:5036: g++ -m64 -std=c++11 -c  -I/home/administrator/walletbuilders/build_environment/litecoin/0.16.3/depends/x86_64-w64-linux/share/../include/  conftest.mm >&5
g++: error trying to exec 'cc1objplus': execvp: No such file or directory
configure:5036: $? = 1
configure: failed program was:
| /* confdefs.h */
| #define PACKAGE_NAME "RoseCoin Core"
| #define PACKAGE_TARNAME "rosecoin"
| #define PACKAGE_VERSION "1.0.0"
| #define PACKAGE_STRING "RoseCoin Core 1.0.0"
| #define PACKAGE_BUGREPORT "https://github.com/rosecoin-project/rosecoin/issues"
| #define PACKAGE_URL "https://rosecoin.org/"
| #define HAVE_CXX11 1
| /* end confdefs.h.  */
| 
| int
| main ()
| {
| #ifndef __GNUC__
|        choke me
| #endif
| 
|   ;
|   return 0;
| }
configure:5045: result: no
configure:5054: checking whether g++ -m64 -std=c++11 accepts -g
configure:5074: g++ -m64 -std=c++11 -c -g -I/home/administrator/walletbuilders/build_environment/litecoin/0.16.3/depends/x86_64-w64-linux/share/../include/  conftest.mm >&5
g++: error trying to exec 'cc1objplus': execvp: No such file or directory
configure:5074: $? = 1
configure: failed program was:
| /* confdefs.h */
| #define PACKAGE_NAME "RoseCoin Core"
| #define PACKAGE_TARNAME "rosecoin"
| #define PACKAGE_VERSION "1.0.0"
| #define PACKAGE_STRING "RoseCoin Core 1.0.0"
| #define PACKAGE_BUGREPORT "https://github.com/rosecoin-project/rosecoin/issues"
| #define PACKAGE_URL "https://rosecoin.org/"
| #define HAVE_CXX11 1
| /* end confdefs.h.  */
| 
| int
| main ()
| {
| 
|   ;
|   return 0;
| }
configure:5089: g++ -m64 -std=c++11 -c  -I/home/administrator/walletbuilders/build_environment/litecoin/0.16.3/depends/x86_64-w64-linux/share/../include/  conftest.mm >&5
g++: error trying to exec 'cc1objplus': execvp: No such file or directory
configure:5089: $? = 1
configure: failed program was:
| /* confdefs.h */
| #define PACKAGE_NAME "RoseCoin Core"
| #define PACKAGE_TARNAME "rosecoin"
| #define PACKAGE_VERSION "1.0.0"
| #define PACKAGE_STRING "RoseCoin Core 1.0.0"
| #define PACKAGE_BUGREPORT "https://github.com/rosecoin-project/rosecoin/issues"
| #define PACKAGE_URL "https://rosecoin.org/"
| #define HAVE_CXX11 1
| /* end confdefs.h.  */
| 
| int
| main ()
| {
| 
|   ;
|   return 0;
| }
configure:5105: g++ -m64 -std=c++11 -c -g -I/home/administrator/walletbuilders/build_environment/litecoin/0.16.3/depends/x86_64-w64-linux/share/../include/  conftest.mm >&5
g++: error trying to exec 'cc1objplus': execvp: No such file or directory
configure:5105: $? = 1
configure: failed program was:
| /* confdefs.h */
| #define PACKAGE_NAME "RoseCoin Core"
| #define PACKAGE_TARNAME "rosecoin"
| #define PACKAGE_VERSION "1.0.0"
| #define PACKAGE_STRING "RoseCoin Core 1.0.0"
| #define PACKAGE_BUGREPORT "https://github.com/rosecoin-project/rosecoin/issues"
| #define PACKAGE_URL "https://rosecoin.org/"
| #define HAVE_CXX11 1
| /* end confdefs.h.  */
| 
| int
| main ()
| {
| 
|   ;
|   return 0;
| }
configure:5115: result: no
configure:5140: checking dependency style of g++ -m64 -std=c++11
configure:5249: result: gcc3
configure:5312: checking how to print strings
configure:5339: result: printf
configure:5368: checking for x86_64-w64-linux-gcc
configure:5395: result: gcc -m64
configure:5664: checking for C compiler version
configure:5673: gcc -m64 --version >&5
gcc (Ubuntu 7.5.0-3ubuntu1~18.04) 7.5.0
Copyright (C) 2017 Free Software Foundation, Inc.
This is free software; see the source for copying conditions.  There is NO
warranty; not even for MERCHANTABILITY or FITNESS FOR A PARTICULAR PURPOSE.

configure:5684: $? = 0
configure:5673: gcc -m64 -v >&5
Using built-in specs.
COLLECT_GCC=gcc
COLLECT_LTO_WRAPPER=/usr/lib/gcc/x86_64-linux-gnu/7/lto-wrapper
OFFLOAD_TARGET_NAMES=nvptx-none
OFFLOAD_TARGET_DEFAULT=1
Target: x86_64-linux-gnu
Configured with: ../src/configure -v --with-pkgversion='Ubuntu 7.5.0-3ubuntu1~18.04' --with-bugurl=file:///usr/share/doc/gcc-7/README.Bugs --enable-languages=c,ada,c++,go,brig,d,fortran,objc,obj-c++ --prefix=/usr --with-gcc-major-version-only --program-suffix=-7 --program-prefix=x86_64-linux-gnu- --enable-shared --enable-linker-build-id --libexecdir=/usr/lib --without-included-gettext --enable-threads=posix --libdir=/usr/lib --enable-nls --enable-bootstrap --enable-clocale=gnu --enable-libstdcxx-debug --enable-libstdcxx-time=yes --with-default-libstdcxx-abi=new --enable-gnu-unique-object --disable-vtable-verify --enable-libmpx --enable-plugin --enable-default-pie --with-system-zlib --with-target-system-zlib --enable-objc-gc=auto --enable-multiarch --disable-werror --with-arch-32=i686 --with-abi=m64 --with-multilib-list=m32,m64,mx32 --enable-multilib --with-tune=generic --enable-offload-targets=nvptx-none --without-cuda-driver --enable-checking=release --build=x86_64-linux-gnu --host=x86_64-linux-gnu --target=x86_64-linux-gnu
Thread model: posix
gcc version 7.5.0 (Ubuntu 7.5.0-3ubuntu1~18.04) 
configure:5684: $? = 0
configure:5673: gcc -m64 -V >&5
gcc: error: unrecognized command line option '-V'
gcc: fatal error: no input files
compilation terminated.
configure:5684: $? = 1
configure:5673: gcc -m64 -qversion >&5
gcc: error: unrecognized command line option '-qversion'; did you mean '--version'?
gcc: fatal error: no input files
compilation terminated.
configure:5684: $? = 1
configure:5688: checking whether we are using the GNU C compiler
configure:5707: gcc -m64 -c -pipe -O2  -I/home/administrator/walletbuilders/build_environment/litecoin/0.16.3/depends/x86_64-w64-linux/share/../include/  conftest.c >&5
configure:5707: $? = 0
configure:5716: result: yes
configure:5725: checking whether gcc -m64 accepts -g
configure:5745: gcc -m64 -c -g -I/home/administrator/walletbuilders/build_environment/litecoin/0.16.3/depends/x86_64-w64-linux/share/../include/  conftest.c >&5
configure:5745: $? = 0
configure:5786: result: yes
configure:5803: checking for gcc -m64 option to accept ISO C89
configure:5866: gcc -m64  -c -pipe -O2  -I/home/administrator/walletbuilders/build_environment/litecoin/0.16.3/depends/x86_64-w64-linux/share/../include/  conftest.c >&5
configure:5866: $? = 0
configure:5879: result: none needed
configure:5904: checking whether gcc -m64 understands -c and -o together
configure:5926: gcc -m64 -c conftest.c -o conftest2.o
configure:5929: $? = 0
configure:5926: gcc -m64 -c conftest.c -o conftest2.o
configure:5929: $? = 0
configure:5941: result: yes
configure:5960: checking dependency style of gcc -m64
configure:6071: result: gcc3
configure:6086: checking for a sed that does not truncate output
configure:6150: result: /bin/sed
configure:6168: checking for grep that handles long lines and -e
configure:6226: result: /bin/grep
configure:6231: checking for egrep
configure:6293: result: /bin/grep -E
configure:6298: checking for fgrep
configure:6360: result: /bin/grep -F
configure:6395: checking for ld used by gcc -m64
configure:6462: result: /usr/bin/ld
configure:6469: checking if the linker (/usr/bin/ld) is GNU ld
configure:6484: result: yes
configure:6496: checking for BSD- or MS-compatible name lister (nm)
configure:6550: result: nm
configure:6680: checking the name lister (nm) interface
configure:6687: gcc -m64 -c -pipe -O2  -I/home/administrator/walletbuilders/build_environment/litecoin/0.16.3/depends/x86_64-w64-linux/share/../include/  conftest.c >&5
configure:6690: nm "conftest.o"
configure:6693: output
0000000000000000 B some_variable
configure:6700: result: BSD nm
configure:6703: checking whether ln -s works
configure:6707: result: yes
configure:6715: checking the maximum length of command line arguments
configure:6846: result: 1572864
configure:6894: checking how to convert x86_64-pc-linux-gnu file names to x86_64-w64-linux-gnu format
configure:6934: result: func_convert_file_noop
configure:6941: checking how to convert x86_64-pc-linux-gnu file names to toolchain format
configure:6961: result: func_convert_file_noop
configure:6968: checking for /usr/bin/ld option to reload object files
configure:6975: result: -r
configure:7009: checking for x86_64-w64-linux-objdump
configure:7039: result: no
configure:7049: checking for objdump
configure:7065: found /usr/bin/objdump
configure:7076: result: objdump
configure:7108: checking how to recognize dependent libraries
configure:7308: result: pass_all
configure:7353: checking for x86_64-w64-linux-dlltool
configure:7383: result: no
configure:7393: checking for dlltool
configure:7423: result: no
configure:7453: checking how to associate runtime and link libraries
configure:7480: result: printf %s\n
configure:7497: checking for x86_64-w64-linux-ar
configure:7524: result: ar
configure:7605: checking for archiver @FILE support
configure:7622: gcc -m64 -c -pipe -O2  -I/home/administrator/walletbuilders/build_environment/litecoin/0.16.3/depends/x86_64-w64-linux/share/../include/  conftest.c >&5
configure:7622: $? = 0
configure:7625: ar cru libconftest.a @conftest.lst >&5
ar: `u' modifier ignored since `D' is the default (see `U')
configure:7628: $? = 0
configure:7633: ar cru libconftest.a @conftest.lst >&5
ar: `u' modifier ignored since `D' is the default (see `U')
ar: conftest.o: No such file or directory
configure:7636: $? = 1
configure:7648: result: @
configure:7666: checking for x86_64-w64-linux-strip
configure:7693: result: strip
configure:7765: checking for x86_64-w64-linux-ranlib
configure:7792: result: ranlib
configure:7934: checking command to parse nm output from gcc -m64 object
configure:8087: gcc -m64 -c -pipe -O2  -I/home/administrator/walletbuilders/build_environment/litecoin/0.16.3/depends/x86_64-w64-linux/share/../include/  conftest.c >&5
configure:8090: $? = 0
configure:8094: nm conftest.o \| sed -n -e 's/^.*[ ]\([ABCDGIRSTW][ABCDGIRSTW]*\)[ ][ ]*\([_A-Za-z][_A-Za-z0-9]*\)$/\1 \2 \2/p' | sed '/ __gnu_lto/d' \> conftest.nm
configure:8097: $? = 0
configure:8163: gcc -m64 -o conftest -pipe -O2  -I/home/administrator/walletbuilders/build_environment/litecoin/0.16.3/depends/x86_64-w64-linux/share/../include/  -L/home/administrator/walletbuilders/build_environment/litecoin/0.16.3/depends/x86_64-w64-linux/share/../lib  conftest.c conftstm.o >&5
configure:8166: $? = 0
configure:8204: result: ok
configure:8251: checking for sysroot
configure:8281: result: no
configure:8288: checking for a working dd
configure:8326: result: /bin/dd
configure:8330: checking how to truncate binary pipes
configure:8345: result: /bin/dd bs=4096 count=1
configure:8481: gcc -m64 -c -pipe -O2  -I/home/administrator/walletbuilders/build_environment/litecoin/0.16.3/depends/x86_64-w64-linux/share/../include/  conftest.c >&5
configure:8484: $? = 0
configure:8634: checking for x86_64-w64-linux-mt
configure:8664: result: no
configure:8674: checking for mt
configure:8690: found /bin/mt
configure:8701: result: mt
configure:8724: checking if mt is a manifest tool
configure:8730: mt '-?'
configure:8738: result: no
configure:9415: checking how to run the C preprocessor
configure:9446: gcc -m64 -E -I/home/administrator/walletbuilders/build_environment/litecoin/0.16.3/depends/x86_64-w64-linux/share/../include/  conftest.c
configure:9446: $? = 0
configure:9460: gcc -m64 -E -I/home/administrator/walletbuilders/build_environment/litecoin/0.16.3/depends/x86_64-w64-linux/share/../include/  conftest.c
conftest.c:10:10: fatal error: ac_nonexistent.h: No such file or directory
 #include <ac_nonexistent.h>
          ^~~~~~~~~~~~~~~~~~
compilation terminated.
configure:9460: $? = 1
configure: failed program was:
| /* confdefs.h */
| #define PACKAGE_NAME "RoseCoin Core"
| #define PACKAGE_TARNAME "rosecoin"
| #define PACKAGE_VERSION "1.0.0"
| #define PACKAGE_STRING "RoseCoin Core 1.0.0"
| #define PACKAGE_BUGREPORT "https://github.com/rosecoin-project/rosecoin/issues"
| #define PACKAGE_URL "https://rosecoin.org/"
| #define HAVE_CXX11 1
| /* end confdefs.h.  */
| #include <ac_nonexistent.h>
configure:9485: result: gcc -m64 -E
configure:9505: gcc -m64 -E -I/home/administrator/walletbuilders/build_environment/litecoin/0.16.3/depends/x86_64-w64-linux/share/../include/  conftest.c
configure:9505: $? = 0
configure:9519: gcc -m64 -E -I/home/administrator/walletbuilders/build_environment/litecoin/0.16.3/depends/x86_64-w64-linux/share/../include/  conftest.c
conftest.c:10:10: fatal error: ac_nonexistent.h: No such file or directory
 #include <ac_nonexistent.h>
          ^~~~~~~~~~~~~~~~~~
compilation terminated.
configure:9519: $? = 1
configure: failed program was:
| /* confdefs.h */
| #define PACKAGE_NAME "RoseCoin Core"
| #define PACKAGE_TARNAME "rosecoin"
| #define PACKAGE_VERSION "1.0.0"
| #define PACKAGE_STRING "RoseCoin Core 1.0.0"
| #define PACKAGE_BUGREPORT "https://github.com/rosecoin-project/rosecoin/issues"
| #define PACKAGE_URL "https://rosecoin.org/"
| #define HAVE_CXX11 1
| /* end confdefs.h.  */
| #include <ac_nonexistent.h>
configure:9548: checking for ANSI C header files
configure:9568: gcc -m64 -c -pipe -O2  -I/home/administrator/walletbuilders/build_environment/litecoin/0.16.3/depends/x86_64-w64-linux/share/../include/  conftest.c >&5
configure:9568: $? = 0
configure:9641: gcc -m64 -o conftest -pipe -O2  -I/home/administrator/walletbuilders/build_environment/litecoin/0.16.3/depends/x86_64-w64-linux/share/../include/  -L/home/administrator/walletbuilders/build_environment/litecoin/0.16.3/depends/x86_64-w64-linux/share/../lib  conftest.c  >&5
configure:9641: $? = 0
configure:9641: ./conftest
configure:9641: $? = 0
configure:9652: result: yes
configure:9665: checking for sys/types.h
configure:9665: gcc -m64 -c -pipe -O2  -I/home/administrator/walletbuilders/build_environment/litecoin/0.16.3/depends/x86_64-w64-linux/share/../include/  conftest.c >&5
configure:9665: $? = 0
configure:9665: result: yes
configure:9665: checking for sys/stat.h
configure:9665: gcc -m64 -c -pipe -O2  -I/home/administrator/walletbuilders/build_environment/litecoin/0.16.3/depends/x86_64-w64-linux/share/../include/  conftest.c >&5
configure:9665: $? = 0
configure:9665: result: yes
configure:9665: checking for stdlib.h
configure:9665: gcc -m64 -c -pipe -O2  -I/home/administrator/walletbuilders/build_environment/litecoin/0.16.3/depends/x86_64-w64-linux/share/../include/  conftest.c >&5
configure:9665: $? = 0
configure:9665: result: yes
configure:9665: checking for string.h
configure:9665: gcc -m64 -c -pipe -O2  -I/home/administrator/walletbuilders/build_environment/litecoin/0.16.3/depends/x86_64-w64-linux/share/../include/  conftest.c >&5
configure:9665: $? = 0
configure:9665: result: yes
configure:9665: checking for memory.h
configure:9665: gcc -m64 -c -pipe -O2  -I/home/administrator/walletbuilders/build_environment/litecoin/0.16.3/depends/x86_64-w64-linux/share/../include/  conftest.c >&5
configure:9665: $? = 0
configure:9665: result: yes
configure:9665: checking for strings.h
configure:9665: gcc -m64 -c -pipe -O2  -I/home/administrator/walletbuilders/build_environment/litecoin/0.16.3/depends/x86_64-w64-linux/share/../include/  conftest.c >&5
configure:9665: $? = 0
configure:9665: result: yes
configure:9665: checking for inttypes.h
configure:9665: gcc -m64 -c -pipe -O2  -I/home/administrator/walletbuilders/build_environment/litecoin/0.16.3/depends/x86_64-w64-linux/share/../include/  conftest.c >&5
configure:9665: $? = 0
configure:9665: result: yes
configure:9665: checking for stdint.h
configure:9665: gcc -m64 -c -pipe -O2  -I/home/administrator/walletbuilders/build_environment/litecoin/0.16.3/depends/x86_64-w64-linux/share/../include/  conftest.c >&5
configure:9665: $? = 0
configure:9665: result: yes
configure:9665: checking for unistd.h
configure:9665: gcc -m64 -c -pipe -O2  -I/home/administrator/walletbuilders/build_environment/litecoin/0.16.3/depends/x86_64-w64-linux/share/../include/  conftest.c >&5
configure:9665: $? = 0
configure:9665: result: yes
configure:9679: checking for dlfcn.h
configure:9679: gcc -m64 -c -pipe -O2  -I/home/administrator/walletbuilders/build_environment/litecoin/0.16.3/depends/x86_64-w64-linux/share/../include/  conftest.c >&5
configure:9679: $? = 0
configure:9679: result: yes
configure:9944: checking for objdir
configure:9959: result: .libs
configure:10223: checking if gcc -m64 supports -fno-rtti -fno-exceptions
configure:10241: gcc -m64 -c -pipe -O2  -I/home/administrator/walletbuilders/build_environment/litecoin/0.16.3/depends/x86_64-w64-linux/share/../include/  -fno-rtti -fno-exceptions conftest.c >&5
cc1: warning: command line option '-fno-rtti' is valid for C++/ObjC++ but not for C
configure:10245: $? = 0
configure:10258: result: no
configure:10616: checking for gcc -m64 option to produce PIC
configure:10623: result: -fPIC -DPIC
configure:10631: checking if gcc -m64 PIC flag -fPIC -DPIC works
configure:10649: gcc -m64 -c -pipe -O2  -I/home/administrator/walletbuilders/build_environment/litecoin/0.16.3/depends/x86_64-w64-linux/share/../include/  -fPIC -DPIC -DPIC conftest.c >&5
configure:10653: $? = 0
configure:10666: result: yes
configure:10695: checking if gcc -m64 static flag -static works
configure:10723: result: yes
configure:10738: checking if gcc -m64 supports -c -o file.o
configure:10759: gcc -m64 -c -pipe -O2  -I/home/administrator/walletbuilders/build_environment/litecoin/0.16.3/depends/x86_64-w64-linux/share/../include/  -o out/conftest2.o conftest.c >&5
configure:10763: $? = 0
configure:10785: result: yes
configure:10793: checking if gcc -m64 supports -c -o file.o
configure:10840: result: yes
configure:10873: checking whether the gcc -m64 linker (/usr/bin/ld -m elf_x86_64) supports shared libraries
configure:12136: result: yes
configure:12173: checking whether -lc should be explicitly linked in
configure:12181: gcc -m64 -c -pipe -O2  -I/home/administrator/walletbuilders/build_environment/litecoin/0.16.3/depends/x86_64-w64-linux/share/../include/  conftest.c >&5
configure:12184: $? = 0
configure:12199: gcc -m64 -shared  -fPIC -DPIC conftest.o  -v -Wl,-soname -Wl,conftest -o conftest 2\>\&1 \| /bin/grep  -lc  \>/dev/null 2\>\&1
configure:12202: $? = 0
configure:12216: result: no
configure:12376: checking dynamic linker characteristics
configure:12957: gcc -m64 -o conftest -pipe -O2  -I/home/administrator/walletbuilders/build_environment/litecoin/0.16.3/depends/x86_64-w64-linux/share/../include/  -L/home/administrator/walletbuilders/build_environment/litecoin/0.16.3/depends/x86_64-w64-linux/share/../lib  -Wl,-rpath -Wl,/foo conftest.c  >&5
configure:12957: $? = 0
configure:13206: result: GNU/Linux ld.so
configure:13328: checking how to hardcode library paths into programs
configure:13353: result: immediate
configure:13901: checking whether stripping libraries is possible
configure:13906: result: yes
configure:13941: checking if libtool supports shared libraries
configure:13943: result: yes
configure:13946: checking whether to build shared libraries
configure:13971: result: yes
configure:13974: checking whether to build static libraries
configure:13978: result: yes
configure:14001: checking how to run the C++ preprocessor
configure:14028: g++ -m64 -std=c++11 -E -I/home/administrator/walletbuilders/build_environment/litecoin/0.16.3/depends/x86_64-w64-linux/share/../include/  conftest.cpp
configure:14028: $? = 0
configure:14042: g++ -m64 -std=c++11 -E -I/home/administrator/walletbuilders/build_environment/litecoin/0.16.3/depends/x86_64-w64-linux/share/../include/  conftest.cpp
conftest.cpp:22:10: fatal error: ac_nonexistent.h: No such file or directory
 #include <ac_nonexistent.h>
          ^~~~~~~~~~~~~~~~~~
compilation terminated.
configure:14042: $? = 1
configure: failed program was:
| /* confdefs.h */
| #define PACKAGE_NAME "RoseCoin Core"
| #define PACKAGE_TARNAME "rosecoin"
| #define PACKAGE_VERSION "1.0.0"
| #define PACKAGE_STRING "RoseCoin Core 1.0.0"
| #define PACKAGE_BUGREPORT "https://github.com/rosecoin-project/rosecoin/issues"
| #define PACKAGE_URL "https://rosecoin.org/"
| #define HAVE_CXX11 1
| #define STDC_HEADERS 1
| #define HAVE_SYS_TYPES_H 1
| #define HAVE_SYS_STAT_H 1
| #define HAVE_STDLIB_H 1
| #define HAVE_STRING_H 1
| #define HAVE_MEMORY_H 1
| #define HAVE_STRINGS_H 1
| #define HAVE_INTTYPES_H 1
| #define HAVE_STDINT_H 1
| #define HAVE_UNISTD_H 1
| #define HAVE_DLFCN_H 1
| #define LT_OBJDIR ".libs/"
| /* end confdefs.h.  */
| #include <ac_nonexistent.h>
configure:14067: result: g++ -m64 -std=c++11 -E
configure:14087: g++ -m64 -std=c++11 -E -I/home/administrator/walletbuilders/build_environment/litecoin/0.16.3/depends/x86_64-w64-linux/share/../include/  conftest.cpp
configure:14087: $? = 0
configure:14101: g++ -m64 -std=c++11 -E -I/home/administrator/walletbuilders/build_environment/litecoin/0.16.3/depends/x86_64-w64-linux/share/../include/  conftest.cpp
conftest.cpp:22:10: fatal error: ac_nonexistent.h: No such file or directory
 #include <ac_nonexistent.h>
          ^~~~~~~~~~~~~~~~~~
compilation terminated.
configure:14101: $? = 1
configure: failed program was:
| /* confdefs.h */
| #define PACKAGE_NAME "RoseCoin Core"
| #define PACKAGE_TARNAME "rosecoin"
| #define PACKAGE_VERSION "1.0.0"
| #define PACKAGE_STRING "RoseCoin Core 1.0.0"
| #define PACKAGE_BUGREPORT "https://github.com/rosecoin-project/rosecoin/issues"
| #define PACKAGE_URL "https://rosecoin.org/"
| #define HAVE_CXX11 1
| #define STDC_HEADERS 1
| #define HAVE_SYS_TYPES_H 1
| #define HAVE_SYS_STAT_H 1
| #define HAVE_STDLIB_H 1
| #define HAVE_STRING_H 1
| #define HAVE_MEMORY_H 1
| #define HAVE_STRINGS_H 1
| #define HAVE_INTTYPES_H 1
| #define HAVE_STDINT_H 1
| #define HAVE_UNISTD_H 1
| #define HAVE_DLFCN_H 1
| #define LT_OBJDIR ".libs/"
| /* end confdefs.h.  */
| #include <ac_nonexistent.h>
configure:14263: checking for ld used by g++ -m64 -std=c++11
configure:14330: result: /usr/bin/ld -m elf_x86_64
configure:14337: checking if the linker (/usr/bin/ld -m elf_x86_64) is GNU ld
configure:14352: result: yes
configure:14407: checking whether the g++ -m64 -std=c++11 linker (/usr/bin/ld -m elf_x86_64) supports shared libraries
configure:15480: result: yes
configure:15516: g++ -m64 -std=c++11 -c -pipe -O2  -I/home/administrator/walletbuilders/build_environment/litecoin/0.16.3/depends/x86_64-w64-linux/share/../include/  conftest.cpp >&5
configure:15519: $? = 0
configure:16000: checking for g++ -m64 -std=c++11 option to produce PIC
configure:16007: result: -fPIC -DPIC
configure:16015: checking if g++ -m64 -std=c++11 PIC flag -fPIC -DPIC works
configure:16033: g++ -m64 -std=c++11 -c -pipe -O2  -I/home/administrator/walletbuilders/build_environment/litecoin/0.16.3/depends/x86_64-w64-linux/share/../include/  -fPIC -DPIC -DPIC conftest.cpp >&5
configure:16037: $? = 0
configure:16050: result: yes
configure:16073: checking if g++ -m64 -std=c++11 static flag -static works
configure:16101: result: yes
configure:16113: checking if g++ -m64 -std=c++11 supports -c -o file.o
configure:16134: g++ -m64 -std=c++11 -c -pipe -O2  -I/home/administrator/walletbuilders/build_environment/litecoin/0.16.3/depends/x86_64-w64-linux/share/../include/  -o out/conftest2.o conftest.cpp >&5
configure:16138: $? = 0
configure:16160: result: yes
configure:16165: checking if g++ -m64 -std=c++11 supports -c -o file.o
configure:16212: result: yes
configure:16242: checking whether the g++ -m64 -std=c++11 linker (/usr/bin/ld -m elf_x86_64) supports shared libraries
configure:16285: result: yes
configure:16426: checking dynamic linker characteristics
configure:17183: result: GNU/Linux ld.so
configure:17248: checking how to hardcode library paths into programs
configure:17273: result: immediate
configure:17338: checking for x86_64-w64-linux-ar
configure:17371: result: no
configure:17381: checking for ar
configure:17411: result: ar
configure:17436: checking for x86_64-w64-linux-ranlib
configure:17469: result: no
configure:17479: checking for ranlib
configure:17509: result: ranlib
configure:17534: checking for x86_64-w64-linux-strip
configure:17567: result: no
configure:17577: checking for strip
configure:17595: found /usr/bin/strip
configure:17607: result: /usr/bin/strip
configure:17632: checking for x86_64-w64-linux-gcov
configure:17665: result: no
configure:17675: checking for gcov
configure:17693: found /usr/bin/gcov
configure:17705: result: /usr/bin/gcov
configure:17729: checking for lcov
configure:17762: result: no
configure:17771: checking for python3.6
configure:17789: found /usr/bin/python3.6
configure:17801: result: /usr/bin/python3.6
configure:17814: checking for genhtml
configure:17847: result: no
configure:17854: checking for git
configure:17872: found /usr/bin/git
configure:17884: result: /usr/bin/git
configure:17894: checking for ccache
configure:17924: result: /home/administrator/walletbuilders/build_environment/litecoin/0.16.3/depends/x86_64-w64-linux/share/../native/bin/ccache
configure:17934: checking for xgettext
configure:17967: result: no
configure:17974: checking for hexdump
configure:17992: found /usr/bin/hexdump
configure:18004: result: /usr/bin/hexdump
configure:18015: checking for x86_64-w64-linux-readelf
configure:18048: result: no
configure:18058: checking for readelf
configure:18076: found /usr/bin/readelf
configure:18088: result: /usr/bin/readelf
configure:18113: checking for x86_64-w64-linux-c++filt
configure:18146: result: no
configure:18156: checking for c++filt
configure:18174: found /usr/bin/c++filt
configure:18186: result: /usr/bin/c++filt
configure:18211: checking for x86_64-w64-linux-objcopy
configure:18244: result: no
configure:18254: checking for objcopy
configure:18272: found /usr/bin/objcopy
configure:18284: result: /usr/bin/objcopy
configure:18510: checking whether C++ compiler accepts -Werror
configure:18529: g++ -m64 -std=c++11 -c -pipe -O2   -Werror -I/home/administrator/walletbuilders/build_environment/litecoin/0.16.3/depends/x86_64-w64-linux/share/../include/  conftest.cpp >&5
configure:18529: $? = 0
configure:18537: result: yes
configure:19056: checking whether C++ compiler accepts -msse4.2
configure:19075: g++ -m64 -std=c++11 -c -pipe -O2  -Werror -msse4.2 -I/home/administrator/walletbuilders/build_environment/litecoin/0.16.3/depends/x86_64-w64-linux/share/../include/  conftest.cpp >&5
configure:19075: $? = 0
configure:19084: result: yes
configure:19095: checking for assembler crc32 support
configure:19121: g++ -m64 -std=c++11 -c -pipe -O2  -msse4.2 -I/home/administrator/walletbuilders/build_environment/litecoin/0.16.3/depends/x86_64-w64-linux/share/../include/  conftest.cpp >&5
configure:19121: $? = 0
configure:19122: result: yes
configure:20770: checking for x86_64-w64-linux-pkg-config
configure:20800: result: /usr/bin/pkg-config --static
configure:20868: checking pkg-config is at least version 0.9.0
configure:20871: result: yes
configure:20986: checking whether byte ordering is bigendian
configure:21001: g++ -m64 -std=c++11 -c -pipe -O2  -I/home/administrator/walletbuilders/build_environment/litecoin/0.16.3/depends/x86_64-w64-linux/share/../include/  -DHAVE_BUILD_INFO -D__STDC_FORMAT_MACROS conftest.cpp >&5
conftest.cpp:24:9: error: expected unqualified-id before 'not' token
         not a universal capable compiler
         ^~~
configure:21001: $? = 1
configure: failed program was:
| /* confdefs.h */
| #define PACKAGE_NAME "RoseCoin Core"
| #define PACKAGE_TARNAME "rosecoin"
| #define PACKAGE_VERSION "1.0.0"
| #define PACKAGE_STRING "RoseCoin Core 1.0.0"
| #define PACKAGE_BUGREPORT "https://github.com/rosecoin-project/rosecoin/issues"
| #define PACKAGE_URL "https://rosecoin.org/"
| #define HAVE_CXX11 1
| #define STDC_HEADERS 1
| #define HAVE_SYS_TYPES_H 1
| #define HAVE_SYS_STAT_H 1
| #define HAVE_STDLIB_H 1
| #define HAVE_STRING_H 1
| #define HAVE_MEMORY_H 1
| #define HAVE_STRINGS_H 1
| #define HAVE_INTTYPES_H 1
| #define HAVE_STDINT_H 1
| #define HAVE_UNISTD_H 1
| #define HAVE_DLFCN_H 1
| #define LT_OBJDIR ".libs/"
| #define USE_ASM 1
| /* end confdefs.h.  */
| #ifndef __APPLE_CC__
| 	       not a universal capable compiler
| 	     #endif
| 	     typedef int dummy;
| 
configure:21046: g++ -m64 -std=c++11 -c -pipe -O2  -I/home/administrator/walletbuilders/build_environment/litecoin/0.16.3/depends/x86_64-w64-linux/share/../include/  -DHAVE_BUILD_INFO -D__STDC_FORMAT_MACROS conftest.cpp >&5
configure:21046: $? = 0
configure:21064: g++ -m64 -std=c++11 -c -pipe -O2  -I/home/administrator/walletbuilders/build_environment/litecoin/0.16.3/depends/x86_64-w64-linux/share/../include/  -DHAVE_BUILD_INFO -D__STDC_FORMAT_MACROS conftest.cpp >&5
conftest.cpp: In function 'int main()':
conftest.cpp:30:8: error: 'big' was not declared in this scope
    not big endian
        ^~~
configure:21064: $? = 1
configure: failed program was:
| /* confdefs.h */
| #define PACKAGE_NAME "RoseCoin Core"
| #define PACKAGE_TARNAME "rosecoin"
| #define PACKAGE_VERSION "1.0.0"
| #define PACKAGE_STRING "RoseCoin Core 1.0.0"
| #define PACKAGE_BUGREPORT "https://github.com/rosecoin-project/rosecoin/issues"
| #define PACKAGE_URL "https://rosecoin.org/"
| #define HAVE_CXX11 1
| #define STDC_HEADERS 1
| #define HAVE_SYS_TYPES_H 1
| #define HAVE_SYS_STAT_H 1
| #define HAVE_STDLIB_H 1
| #define HAVE_STRING_H 1
| #define HAVE_MEMORY_H 1
| #define HAVE_STRINGS_H 1
| #define HAVE_INTTYPES_H 1
| #define HAVE_STDINT_H 1
| #define HAVE_UNISTD_H 1
| #define HAVE_DLFCN_H 1
| #define LT_OBJDIR ".libs/"
| #define USE_ASM 1
| /* end confdefs.h.  */
| #include <sys/types.h>
| 		#include <sys/param.h>
| 
| int
| main ()
| {
| #if BYTE_ORDER != BIG_ENDIAN
| 		 not big endian
| 		#endif
| 
|   ;
|   return 0;
| }
configure:21192: result: no
configure:21394: checking whether gcc -m64 is Clang
configure:21419: result: no
configure:21542: checking whether pthreads work with -pthread
configure:21636: gcc -m64 -o conftest -pipe -O2  -pthread -I/home/administrator/walletbuilders/build_environment/litecoin/0.16.3/depends/x86_64-w64-linux/share/../include/  -DHAVE_BUILD_INFO -D__STDC_FORMAT_MACROS -L/home/administrator/walletbuilders/build_environment/litecoin/0.16.3/depends/x86_64-w64-linux/share/../lib  conftest.c   >&5
configure:21636: $? = 0
configure:21645: result: yes
configure:21664: checking for joinable pthread attribute
configure:21682: gcc -m64 -o conftest -pipe -O2  -pthread -I/home/administrator/walletbuilders/build_environment/litecoin/0.16.3/depends/x86_64-w64-linux/share/../include/  -DHAVE_BUILD_INFO -D__STDC_FORMAT_MACROS -L/home/administrator/walletbuilders/build_environment/litecoin/0.16.3/depends/x86_64-w64-linux/share/../lib  conftest.c   >&5
configure:21682: $? = 0
configure:21690: result: PTHREAD_CREATE_JOINABLE
configure:21704: checking whether more special flags are required for pthreads
configure:21717: result: no
configure:21725: checking for PTHREAD_PRIO_INHERIT
configure:21741: gcc -m64 -o conftest -pipe -O2  -pthread -I/home/administrator/walletbuilders/build_environment/litecoin/0.16.3/depends/x86_64-w64-linux/share/../include/  -DHAVE_BUILD_INFO -D__STDC_FORMAT_MACROS -L/home/administrator/walletbuilders/build_environment/litecoin/0.16.3/depends/x86_64-w64-linux/share/../lib  conftest.c   >&5
configure:21741: $? = 0
configure:21750: result: yes
configure:21863: checking for special C compiler options needed for large files
configure:21908: result: no
configure:21914: checking for _FILE_OFFSET_BITS value needed for large files
configure:21939: g++ -m64 -std=c++11 -c -pipe -O2  -I/home/administrator/walletbuilders/build_environment/litecoin/0.16.3/depends/x86_64-w64-linux/share/../include/  -DHAVE_BUILD_INFO -D__STDC_FORMAT_MACROS conftest.cpp >&5
configure:21939: $? = 0
configure:21971: result: no
configure:22057: checking whether strerror_r is declared
configure:22057: g++ -m64 -std=c++11 -c -pipe -O2  -I/home/administrator/walletbuilders/build_environment/litecoin/0.16.3/depends/x86_64-w64-linux/share/../include/  -DHAVE_BUILD_INFO -D__STDC_FORMAT_MACROS conftest.cpp >&5
configure:22057: $? = 0
configure:22057: result: yes
configure:22070: checking for strerror_r
configure:22070: g++ -m64 -std=c++11 -o conftest -pipe -O2  -I/home/administrator/walletbuilders/build_environment/litecoin/0.16.3/depends/x86_64-w64-linux/share/../include/  -DHAVE_BUILD_INFO -D__STDC_FORMAT_MACROS -L/home/administrator/walletbuilders/build_environment/litecoin/0.16.3/depends/x86_64-w64-linux/share/../lib  conftest.cpp  >&5
configure:22070: $? = 0
configure:22070: result: yes
configure:22079: checking whether strerror_r returns char *
configure:22103: g++ -m64 -std=c++11 -c -pipe -O2  -I/home/administrator/walletbuilders/build_environment/litecoin/0.16.3/depends/x86_64-w64-linux/share/../include/  -DHAVE_BUILD_INFO -D__STDC_FORMAT_MACROS conftest.cpp >&5
configure:22103: $? = 0
configure:22141: result: yes
configure:22162: checking whether the linker accepts -Wl,--large-address-aware
configure:22181: g++ -m64 -std=c++11 -o conftest -pipe -O2  -I/home/administrator/walletbuilders/build_environment/litecoin/0.16.3/depends/x86_64-w64-linux/share/../include/  -DHAVE_BUILD_INFO -D__STDC_FORMAT_MACROS -L/home/administrator/walletbuilders/build_environment/litecoin/0.16.3/depends/x86_64-w64-linux/share/../lib   -Wl,--large-address-aware conftest.cpp  >&5
/usr/bin/ld: unrecognized option '--large-address-aware'
/usr/bin/ld: use the --help option for usage information
collect2: error: ld returned 1 exit status
configure:22181: $? = 1
configure: failed program was:
| /* confdefs.h */
| #define PACKAGE_NAME "RoseCoin Core"
| #define PACKAGE_TARNAME "rosecoin"
| #define PACKAGE_VERSION "1.0.0"
| #define PACKAGE_STRING "RoseCoin Core 1.0.0"
| #define PACKAGE_BUGREPORT "https://github.com/rosecoin-project/rosecoin/issues"
| #define PACKAGE_URL "https://rosecoin.org/"
| #define HAVE_CXX11 1
| #define STDC_HEADERS 1
| #define HAVE_SYS_TYPES_H 1
| #define HAVE_SYS_STAT_H 1
| #define HAVE_STDLIB_H 1
| #define HAVE_STRING_H 1
| #define HAVE_MEMORY_H 1
| #define HAVE_STRINGS_H 1
| #define HAVE_INTTYPES_H 1
| #define HAVE_STDINT_H 1
| #define HAVE_UNISTD_H 1
| #define HAVE_DLFCN_H 1
| #define LT_OBJDIR ".libs/"
| #define USE_ASM 1
| #define HAVE_PTHREAD_PRIO_INHERIT 1
| #define HAVE_PTHREAD 1
| #define HAVE_DECL_STRERROR_R 1
| #define HAVE_STRERROR_R 1
| #define STRERROR_R_CHAR_P 1
| /* end confdefs.h.  */
| 
| int
| main ()
| {
| 
|   ;
|   return 0;
| }
configure:22190: result: no
configure:22202: checking for __attribute__((visibility))
configure:22226: g++ -m64 -std=c++11 -o conftest -pipe -O2  -I/home/administrator/walletbuilders/build_environment/litecoin/0.16.3/depends/x86_64-w64-linux/share/../include/  -DHAVE_BUILD_INFO -D__STDC_FORMAT_MACROS -L/home/administrator/walletbuilders/build_environment/litecoin/0.16.3/depends/x86_64-w64-linux/share/../lib  conftest.cpp  >&5
configure:22226: $? = 0
configure:22239: result: yes
configure:22255: checking for __attribute__((dllexport))
configure:22276: g++ -m64 -std=c++11 -o conftest -pipe -O2  -I/home/administrator/walletbuilders/build_environment/litecoin/0.16.3/depends/x86_64-w64-linux/share/../include/  -DHAVE_BUILD_INFO -D__STDC_FORMAT_MACROS -L/home/administrator/walletbuilders/build_environment/litecoin/0.16.3/depends/x86_64-w64-linux/share/../lib  conftest.cpp  >&5
conftest.cpp:31:62: warning: 'dllexport' attribute directive ignored [-Wattributes]
                     __attribute__((dllexport)) int foo( void ) { return 0; }
                                                              ^
configure:22276: $? = 0
configure:22289: result: no
configure:22305: checking for __attribute__((dllimport))
configure:22326: g++ -m64 -std=c++11 -o conftest -pipe -O2  -I/home/administrator/walletbuilders/build_environment/litecoin/0.16.3/depends/x86_64-w64-linux/share/../include/  -DHAVE_BUILD_INFO -D__STDC_FORMAT_MACROS -L/home/administrator/walletbuilders/build_environment/litecoin/0.16.3/depends/x86_64-w64-linux/share/../lib  conftest.cpp  >&5
conftest.cpp:31:62: warning: 'dllimport' attribute directive ignored [-Wattributes]
                     int foo( void ) __attribute__((dllimport));
                                                              ^
configure:22326: $? = 0
configure:22339: result: no
configure:22439: checking for library containing clock_gettime
configure:22470: g++ -m64 -std=c++11 -o conftest -pipe -O2  -I/home/administrator/walletbuilders/build_environment/litecoin/0.16.3/depends/x86_64-w64-linux/share/../include/  -DHAVE_BUILD_INFO -D__STDC_FORMAT_MACROS -L/home/administrator/walletbuilders/build_environment/litecoin/0.16.3/depends/x86_64-w64-linux/share/../lib  conftest.cpp  >&5
configure:22470: $? = 0
configure:22487: result: none required
configure:22499: checking whether C++ compiler accepts -fPIC
configure:22518: g++ -m64 -std=c++11 -c -pipe -O2   -fPIC -I/home/administrator/walletbuilders/build_environment/litecoin/0.16.3/depends/x86_64-w64-linux/share/../include/  -DHAVE_BUILD_INFO -D__STDC_FORMAT_MACROS conftest.cpp >&5
configure:22518: $? = 0
configure:22526: result: yes
configure:22537: checking whether C++ compiler accepts -Wstack-protector
configure:22556: g++ -m64 -std=c++11 -c -pipe -O2   -Wstack-protector -I/home/administrator/walletbuilders/build_environment/litecoin/0.16.3/depends/x86_64-w64-linux/share/../include/  -DHAVE_BUILD_INFO -D__STDC_FORMAT_MACROS conftest.cpp >&5
configure:22556: $? = 0
configure:22564: result: yes
configure:22572: checking whether C++ compiler accepts -fstack-protector-all
configure:22591: g++ -m64 -std=c++11 -c -pipe -O2   -fstack-protector-all -I/home/administrator/walletbuilders/build_environment/litecoin/0.16.3/depends/x86_64-w64-linux/share/../include/  -DHAVE_BUILD_INFO -D__STDC_FORMAT_MACROS conftest.cpp >&5
configure:22591: $? = 0
configure:22599: result: yes
configure:22609: checking whether C++ preprocessor accepts -D_FORTIFY_SOURCE=2
configure:22628: g++ -m64 -std=c++11 -E -I/home/administrator/walletbuilders/build_environment/litecoin/0.16.3/depends/x86_64-w64-linux/share/../include/  -DHAVE_BUILD_INFO -D__STDC_FORMAT_MACROS  -D_FORTIFY_SOURCE=2 conftest.cpp
configure:22628: $? = 0
configure:22636: result: yes
configure:22640: checking whether C++ preprocessor accepts -U_FORTIFY_SOURCE
configure:22659: g++ -m64 -std=c++11 -E -I/home/administrator/walletbuilders/build_environment/litecoin/0.16.3/depends/x86_64-w64-linux/share/../include/  -DHAVE_BUILD_INFO -D__STDC_FORMAT_MACROS  -U_FORTIFY_SOURCE conftest.cpp
configure:22659: $? = 0
configure:22667: result: yes
configure:22684: checking whether the linker accepts -Wl,--dynamicbase
configure:22703: g++ -m64 -std=c++11 -o conftest -pipe -O2  -I/home/administrator/walletbuilders/build_environment/litecoin/0.16.3/depends/x86_64-w64-linux/share/../include/  -DHAVE_BUILD_INFO -D__STDC_FORMAT_MACROS -L/home/administrator/walletbuilders/build_environment/litecoin/0.16.3/depends/x86_64-w64-linux/share/../lib   -Wl,--dynamicbase conftest.cpp  >&5
/usr/bin/ld: unrecognized option '--dynamicbase'
/usr/bin/ld: use the --help option for usage information
collect2: error: ld returned 1 exit status
configure:22703: $? = 1
configure: failed program was:
| /* confdefs.h */
| #define PACKAGE_NAME "RoseCoin Core"
| #define PACKAGE_TARNAME "rosecoin"
| #define PACKAGE_VERSION "1.0.0"
| #define PACKAGE_STRING "RoseCoin Core 1.0.0"
| #define PACKAGE_BUGREPORT "https://github.com/rosecoin-project/rosecoin/issues"
| #define PACKAGE_URL "https://rosecoin.org/"
| #define HAVE_CXX11 1
| #define STDC_HEADERS 1
| #define HAVE_SYS_TYPES_H 1
| #define HAVE_SYS_STAT_H 1
| #define HAVE_STDLIB_H 1
| #define HAVE_STRING_H 1
| #define HAVE_MEMORY_H 1
| #define HAVE_STRINGS_H 1
| #define HAVE_INTTYPES_H 1
| #define HAVE_STDINT_H 1
| #define HAVE_UNISTD_H 1
| #define HAVE_DLFCN_H 1
| #define LT_OBJDIR ".libs/"
| #define USE_ASM 1
| #define HAVE_PTHREAD_PRIO_INHERIT 1
| #define HAVE_PTHREAD 1
| #define HAVE_DECL_STRERROR_R 1
| #define HAVE_STRERROR_R 1
| #define STRERROR_R_CHAR_P 1
| #define HAVE_FUNC_ATTRIBUTE_VISIBILITY 1
| /* end confdefs.h.  */
| 
| int
| main ()
| {
| 
|   ;
|   return 0;
| }
configure:22712: result: no
configure:22720: checking whether the linker accepts -Wl,--nxcompat
configure:22739: g++ -m64 -std=c++11 -o conftest -pipe -O2  -I/home/administrator/walletbuilders/build_environment/litecoin/0.16.3/depends/x86_64-w64-linux/share/../include/  -DHAVE_BUILD_INFO -D__STDC_FORMAT_MACROS -L/home/administrator/walletbuilders/build_environment/litecoin/0.16.3/depends/x86_64-w64-linux/share/../lib   -Wl,--nxcompat conftest.cpp  >&5
/usr/bin/ld: unrecognized option '--nxcompat'
/usr/bin/ld: use the --help option for usage information
collect2: error: ld returned 1 exit status
configure:22739: $? = 1
configure: failed program was:
| /* confdefs.h */
| #define PACKAGE_NAME "RoseCoin Core"
| #define PACKAGE_TARNAME "rosecoin"
| #define PACKAGE_VERSION "1.0.0"
| #define PACKAGE_STRING "RoseCoin Core 1.0.0"
| #define PACKAGE_BUGREPORT "https://github.com/rosecoin-project/rosecoin/issues"
| #define PACKAGE_URL "https://rosecoin.org/"
| #define HAVE_CXX11 1
| #define STDC_HEADERS 1
| #define HAVE_SYS_TYPES_H 1
| #define HAVE_SYS_STAT_H 1
| #define HAVE_STDLIB_H 1
| #define HAVE_STRING_H 1
| #define HAVE_MEMORY_H 1
| #define HAVE_STRINGS_H 1
| #define HAVE_INTTYPES_H 1
| #define HAVE_STDINT_H 1
| #define HAVE_UNISTD_H 1
| #define HAVE_DLFCN_H 1
| #define LT_OBJDIR ".libs/"
| #define USE_ASM 1
| #define HAVE_PTHREAD_PRIO_INHERIT 1
| #define HAVE_PTHREAD 1
| #define HAVE_DECL_STRERROR_R 1
| #define HAVE_STRERROR_R 1
| #define STRERROR_R_CHAR_P 1
| #define HAVE_FUNC_ATTRIBUTE_VISIBILITY 1
| /* end confdefs.h.  */
| 
| int
| main ()
| {
| 
|   ;
|   return 0;
| }
configure:22748: result: no
configure:22756: checking whether the linker accepts -Wl,--high-entropy-va
configure:22775: g++ -m64 -std=c++11 -o conftest -pipe -O2  -I/home/administrator/walletbuilders/build_environment/litecoin/0.16.3/depends/x86_64-w64-linux/share/../include/  -DHAVE_BUILD_INFO -D__STDC_FORMAT_MACROS -L/home/administrator/walletbuilders/build_environment/litecoin/0.16.3/depends/x86_64-w64-linux/share/../lib   -Wl,--high-entropy-va conftest.cpp  >&5
/usr/bin/ld: unrecognized option '--high-entropy-va'
/usr/bin/ld: use the --help option for usage information
collect2: error: ld returned 1 exit status
configure:22775: $? = 1
configure: failed program was:
| /* confdefs.h */
| #define PACKAGE_NAME "RoseCoin Core"
| #define PACKAGE_TARNAME "rosecoin"
| #define PACKAGE_VERSION "1.0.0"
| #define PACKAGE_STRING "RoseCoin Core 1.0.0"
| #define PACKAGE_BUGREPORT "https://github.com/rosecoin-project/rosecoin/issues"
| #define PACKAGE_URL "https://rosecoin.org/"
| #define HAVE_CXX11 1
| #define STDC_HEADERS 1
| #define HAVE_SYS_TYPES_H 1
| #define HAVE_SYS_STAT_H 1
| #define HAVE_STDLIB_H 1
| #define HAVE_STRING_H 1
| #define HAVE_MEMORY_H 1
| #define HAVE_STRINGS_H 1
| #define HAVE_INTTYPES_H 1
| #define HAVE_STDINT_H 1
| #define HAVE_UNISTD_H 1
| #define HAVE_DLFCN_H 1
| #define LT_OBJDIR ".libs/"
| #define USE_ASM 1
| #define HAVE_PTHREAD_PRIO_INHERIT 1
| #define HAVE_PTHREAD 1
| #define HAVE_DECL_STRERROR_R 1
| #define HAVE_STRERROR_R 1
| #define STRERROR_R_CHAR_P 1
| #define HAVE_FUNC_ATTRIBUTE_VISIBILITY 1
| /* end confdefs.h.  */
| 
| int
| main ()
| {
| 
|   ;
|   return 0;
| }
configure:22784: result: no
configure:22792: checking whether the linker accepts -Wl,-z,relro
configure:22811: g++ -m64 -std=c++11 -o conftest -pipe -O2  -I/home/administrator/walletbuilders/build_environment/litecoin/0.16.3/depends/x86_64-w64-linux/share/../include/  -DHAVE_BUILD_INFO -D__STDC_FORMAT_MACROS -L/home/administrator/walletbuilders/build_environment/litecoin/0.16.3/depends/x86_64-w64-linux/share/../lib   -Wl,-z,relro conftest.cpp  >&5
configure:22811: $? = 0
configure:22820: result: yes
configure:22828: checking whether the linker accepts -Wl,-z,now
configure:22847: g++ -m64 -std=c++11 -o conftest -pipe -O2  -I/home/administrator/walletbuilders/build_environment/litecoin/0.16.3/depends/x86_64-w64-linux/share/../include/  -DHAVE_BUILD_INFO -D__STDC_FORMAT_MACROS -L/home/administrator/walletbuilders/build_environment/litecoin/0.16.3/depends/x86_64-w64-linux/share/../lib   -Wl,-z,now conftest.cpp  >&5
configure:22847: $? = 0
configure:22856: result: yes
configure:22866: checking whether C++ compiler accepts -fPIE
configure:22885: g++ -m64 -std=c++11 -c -pipe -O2   -fPIE -I/home/administrator/walletbuilders/build_environment/litecoin/0.16.3/depends/x86_64-w64-linux/share/../include/  -DHAVE_BUILD_INFO -D__STDC_FORMAT_MACROS conftest.cpp >&5
configure:22885: $? = 0
configure:22893: result: yes
configure:22901: checking whether the linker accepts -pie
configure:22920: g++ -m64 -std=c++11 -o conftest -pipe -O2  -I/home/administrator/walletbuilders/build_environment/litecoin/0.16.3/depends/x86_64-w64-linux/share/../include/  -DHAVE_BUILD_INFO -D__STDC_FORMAT_MACROS -L/home/administrator/walletbuilders/build_environment/litecoin/0.16.3/depends/x86_64-w64-linux/share/../lib   -pie conftest.cpp  >&5
configure:22920: $? = 0
configure:22929: result: yes
configure:23028: checking endian.h usability
configure:23028: g++ -m64 -std=c++11 -c -pipe -O2  -I/home/administrator/walletbuilders/build_environment/litecoin/0.16.3/depends/x86_64-w64-linux/share/../include/  -DHAVE_BUILD_INFO -D__STDC_FORMAT_MACROS conftest.cpp >&5
configure:23028: $? = 0
configure:23028: result: yes
configure:23028: checking endian.h presence
configure:23028: g++ -m64 -std=c++11 -E -I/home/administrator/walletbuilders/build_environment/litecoin/0.16.3/depends/x86_64-w64-linux/share/../include/  -DHAVE_BUILD_INFO -D__STDC_FORMAT_MACROS conftest.cpp
configure:23028: $? = 0
configure:23028: result: yes
configure:23028: checking for endian.h
configure:23028: result: yes
configure:23028: checking sys/endian.h usability
configure:23028: g++ -m64 -std=c++11 -c -pipe -O2  -I/home/administrator/walletbuilders/build_environment/litecoin/0.16.3/depends/x86_64-w64-linux/share/../include/  -DHAVE_BUILD_INFO -D__STDC_FORMAT_MACROS conftest.cpp >&5
conftest.cpp:63:10: fatal error: sys/endian.h: No such file or directory
 #include <sys/endian.h>
          ^~~~~~~~~~~~~~
compilation terminated.
configure:23028: $? = 1
configure: failed program was:
| /* confdefs.h */
| #define PACKAGE_NAME "RoseCoin Core"
| #define PACKAGE_TARNAME "rosecoin"
| #define PACKAGE_VERSION "1.0.0"
| #define PACKAGE_STRING "RoseCoin Core 1.0.0"
| #define PACKAGE_BUGREPORT "https://github.com/rosecoin-project/rosecoin/issues"
| #define PACKAGE_URL "https://rosecoin.org/"
| #define HAVE_CXX11 1
| #define STDC_HEADERS 1
| #define HAVE_SYS_TYPES_H 1
| #define HAVE_SYS_STAT_H 1
| #define HAVE_STDLIB_H 1
| #define HAVE_STRING_H 1
| #define HAVE_MEMORY_H 1
| #define HAVE_STRINGS_H 1
| #define HAVE_INTTYPES_H 1
| #define HAVE_STDINT_H 1
| #define HAVE_UNISTD_H 1
| #define HAVE_DLFCN_H 1
| #define LT_OBJDIR ".libs/"
| #define USE_ASM 1
| #define HAVE_PTHREAD_PRIO_INHERIT 1
| #define HAVE_PTHREAD 1
| #define HAVE_DECL_STRERROR_R 1
| #define HAVE_STRERROR_R 1
| #define STRERROR_R_CHAR_P 1
| #define HAVE_FUNC_ATTRIBUTE_VISIBILITY 1
| #define HAVE_ENDIAN_H 1
| /* end confdefs.h.  */
| #include <stdio.h>
| #ifdef HAVE_SYS_TYPES_H
| # include <sys/types.h>
| #endif
| #ifdef HAVE_SYS_STAT_H
| # include <sys/stat.h>
| #endif
| #ifdef STDC_HEADERS
| # include <stdlib.h>
| # include <stddef.h>
| #else
| # ifdef HAVE_STDLIB_H
| #  include <stdlib.h>
| # endif
| #endif
| #ifdef HAVE_STRING_H
| # if !defined STDC_HEADERS && defined HAVE_MEMORY_H
| #  include <memory.h>
| # endif
| # include <string.h>
| #endif
| #ifdef HAVE_STRINGS_H
| # include <strings.h>
| #endif
| #ifdef HAVE_INTTYPES_H
| # include <inttypes.h>
| #endif
| #ifdef HAVE_STDINT_H
| # include <stdint.h>
| #endif
| #ifdef HAVE_UNISTD_H
| # include <unistd.h>
| #endif
| #include <sys/endian.h>
configure:23028: result: no
configure:23028: checking sys/endian.h presence
configure:23028: g++ -m64 -std=c++11 -E -I/home/administrator/walletbuilders/build_environment/litecoin/0.16.3/depends/x86_64-w64-linux/share/../include/  -DHAVE_BUILD_INFO -D__STDC_FORMAT_MACROS conftest.cpp
conftest.cpp:30:10: fatal error: sys/endian.h: No such file or directory
 #include <sys/endian.h>
          ^~~~~~~~~~~~~~
compilation terminated.
configure:23028: $? = 1
configure: failed program was:
| /* confdefs.h */
| #define PACKAGE_NAME "RoseCoin Core"
| #define PACKAGE_TARNAME "rosecoin"
| #define PACKAGE_VERSION "1.0.0"
| #define PACKAGE_STRING "RoseCoin Core 1.0.0"
| #define PACKAGE_BUGREPORT "https://github.com/rosecoin-project/rosecoin/issues"
| #define PACKAGE_URL "https://rosecoin.org/"
| #define HAVE_CXX11 1
| #define STDC_HEADERS 1
| #define HAVE_SYS_TYPES_H 1
| #define HAVE_SYS_STAT_H 1
| #define HAVE_STDLIB_H 1
| #define HAVE_STRING_H 1
| #define HAVE_MEMORY_H 1
| #define HAVE_STRINGS_H 1
| #define HAVE_INTTYPES_H 1
| #define HAVE_STDINT_H 1
| #define HAVE_UNISTD_H 1
| #define HAVE_DLFCN_H 1
| #define LT_OBJDIR ".libs/"
| #define USE_ASM 1
| #define HAVE_PTHREAD_PRIO_INHERIT 1
| #define HAVE_PTHREAD 1
| #define HAVE_DECL_STRERROR_R 1
| #define HAVE_STRERROR_R 1
| #define STRERROR_R_CHAR_P 1
| #define HAVE_FUNC_ATTRIBUTE_VISIBILITY 1
| #define HAVE_ENDIAN_H 1
| /* end confdefs.h.  */
| #include <sys/endian.h>
configure:23028: result: no
configure:23028: checking for sys/endian.h
configure:23028: result: no
configure:23028: checking byteswap.h usability
configure:23028: g++ -m64 -std=c++11 -c -pipe -O2  -I/home/administrator/walletbuilders/build_environment/litecoin/0.16.3/depends/x86_64-w64-linux/share/../include/  -DHAVE_BUILD_INFO -D__STDC_FORMAT_MACROS conftest.cpp >&5
configure:23028: $? = 0
configure:23028: result: yes
configure:23028: checking byteswap.h presence
configure:23028: g++ -m64 -std=c++11 -E -I/home/administrator/walletbuilders/build_environment/litecoin/0.16.3/depends/x86_64-w64-linux/share/../include/  -DHAVE_BUILD_INFO -D__STDC_FORMAT_MACROS conftest.cpp
configure:23028: $? = 0
configure:23028: result: yes
configure:23028: checking for byteswap.h
configure:23028: result: yes
configure:23028: checking stdio.h usability
configure:23028: g++ -m64 -std=c++11 -c -pipe -O2  -I/home/administrator/walletbuilders/build_environment/litecoin/0.16.3/depends/x86_64-w64-linux/share/../include/  -DHAVE_BUILD_INFO -D__STDC_FORMAT_MACROS conftest.cpp >&5
configure:23028: $? = 0
configure:23028: result: yes
configure:23028: checking stdio.h presence
configure:23028: g++ -m64 -std=c++11 -E -I/home/administrator/walletbuilders/build_environment/litecoin/0.16.3/depends/x86_64-w64-linux/share/../include/  -DHAVE_BUILD_INFO -D__STDC_FORMAT_MACROS conftest.cpp
configure:23028: $? = 0
configure:23028: result: yes
configure:23028: checking for stdio.h
configure:23028: result: yes
configure:23028: checking for stdlib.h
configure:23028: result: yes
configure:23028: checking for unistd.h
configure:23028: result: yes
configure:23028: checking for strings.h
configure:23028: result: yes
configure:23028: checking for sys/types.h
configure:23028: result: yes
configure:23028: checking for sys/stat.h
configure:23028: result: yes
configure:23028: checking sys/select.h usability
configure:23028: g++ -m64 -std=c++11 -c -pipe -O2  -I/home/administrator/walletbuilders/build_environment/litecoin/0.16.3/depends/x86_64-w64-linux/share/../include/  -DHAVE_BUILD_INFO -D__STDC_FORMAT_MACROS conftest.cpp >&5
configure:23028: $? = 0
configure:23028: result: yes
configure:23028: checking sys/select.h presence
configure:23028: g++ -m64 -std=c++11 -E -I/home/administrator/walletbuilders/build_environment/litecoin/0.16.3/depends/x86_64-w64-linux/share/../include/  -DHAVE_BUILD_INFO -D__STDC_FORMAT_MACROS conftest.cpp
configure:23028: $? = 0
configure:23028: result: yes
configure:23028: checking for sys/select.h
configure:23028: result: yes
configure:23028: checking sys/prctl.h usability
configure:23028: g++ -m64 -std=c++11 -c -pipe -O2  -I/home/administrator/walletbuilders/build_environment/litecoin/0.16.3/depends/x86_64-w64-linux/share/../include/  -DHAVE_BUILD_INFO -D__STDC_FORMAT_MACROS conftest.cpp >&5
configure:23028: $? = 0
configure:23028: result: yes
configure:23028: checking sys/prctl.h presence
configure:23028: g++ -m64 -std=c++11 -E -I/home/administrator/walletbuilders/build_environment/litecoin/0.16.3/depends/x86_64-w64-linux/share/../include/  -DHAVE_BUILD_INFO -D__STDC_FORMAT_MACROS conftest.cpp
configure:23028: $? = 0
configure:23028: result: yes
configure:23028: checking for sys/prctl.h
configure:23028: result: yes
configure:23039: checking whether strnlen is declared
configure:23039: g++ -m64 -std=c++11 -c -pipe -O2  -I/home/administrator/walletbuilders/build_environment/litecoin/0.16.3/depends/x86_64-w64-linux/share/../include/  -DHAVE_BUILD_INFO -D__STDC_FORMAT_MACROS conftest.cpp >&5
configure:23039: $? = 0
configure:23039: result: yes
configure:23052: checking whether daemon is declared
configure:23052: g++ -m64 -std=c++11 -c -pipe -O2  -I/home/administrator/walletbuilders/build_environment/litecoin/0.16.3/depends/x86_64-w64-linux/share/../include/  -DHAVE_BUILD_INFO -D__STDC_FORMAT_MACROS conftest.cpp >&5
configure:23052: $? = 0
configure:23052: result: yes
configure:23064: checking whether le16toh is declared
configure:23064: g++ -m64 -std=c++11 -c -pipe -O2  -I/home/administrator/walletbuilders/build_environment/litecoin/0.16.3/depends/x86_64-w64-linux/share/../include/  -DHAVE_BUILD_INFO -D__STDC_FORMAT_MACROS conftest.cpp >&5
configure:23064: $? = 0
configure:23064: result: yes
configure:23079: checking whether le32toh is declared
configure:23079: g++ -m64 -std=c++11 -c -pipe -O2  -I/home/administrator/walletbuilders/build_environment/litecoin/0.16.3/depends/x86_64-w64-linux/share/../include/  -DHAVE_BUILD_INFO -D__STDC_FORMAT_MACROS conftest.cpp >&5
configure:23079: $? = 0
configure:23079: result: yes
configure:23094: checking whether le64toh is declared
configure:23094: g++ -m64 -std=c++11 -c -pipe -O2  -I/home/administrator/walletbuilders/build_environment/litecoin/0.16.3/depends/x86_64-w64-linux/share/../include/  -DHAVE_BUILD_INFO -D__STDC_FORMAT_MACROS conftest.cpp >&5
configure:23094: $? = 0
configure:23094: result: yes
configure:23109: checking whether htole16 is declared
configure:23109: g++ -m64 -std=c++11 -c -pipe -O2  -I/home/administrator/walletbuilders/build_environment/litecoin/0.16.3/depends/x86_64-w64-linux/share/../include/  -DHAVE_BUILD_INFO -D__STDC_FORMAT_MACROS conftest.cpp >&5
configure:23109: $? = 0
configure:23109: result: yes
configure:23124: checking whether htole32 is declared
configure:23124: g++ -m64 -std=c++11 -c -pipe -O2  -I/home/administrator/walletbuilders/build_environment/litecoin/0.16.3/depends/x86_64-w64-linux/share/../include/  -DHAVE_BUILD_INFO -D__STDC_FORMAT_MACROS conftest.cpp >&5
configure:23124: $? = 0
configure:23124: result: yes
configure:23139: checking whether htole64 is declared
configure:23139: g++ -m64 -std=c++11 -c -pipe -O2  -I/home/administrator/walletbuilders/build_environment/litecoin/0.16.3/depends/x86_64-w64-linux/share/../include/  -DHAVE_BUILD_INFO -D__STDC_FORMAT_MACROS conftest.cpp >&5
configure:23139: $? = 0
configure:23139: result: yes
configure:23154: checking whether be16toh is declared
configure:23154: g++ -m64 -std=c++11 -c -pipe -O2  -I/home/administrator/walletbuilders/build_environment/litecoin/0.16.3/depends/x86_64-w64-linux/share/../include/  -DHAVE_BUILD_INFO -D__STDC_FORMAT_MACROS conftest.cpp >&5
configure:23154: $? = 0
configure:23154: result: yes
configure:23169: checking whether be32toh is declared
configure:23169: g++ -m64 -std=c++11 -c -pipe -O2  -I/home/administrator/walletbuilders/build_environment/litecoin/0.16.3/depends/x86_64-w64-linux/share/../include/  -DHAVE_BUILD_INFO -D__STDC_FORMAT_MACROS conftest.cpp >&5
configure:23169: $? = 0
configure:23169: result: yes
configure:23184: checking whether be64toh is declared
configure:23184: g++ -m64 -std=c++11 -c -pipe -O2  -I/home/administrator/walletbuilders/build_environment/litecoin/0.16.3/depends/x86_64-w64-linux/share/../include/  -DHAVE_BUILD_INFO -D__STDC_FORMAT_MACROS conftest.cpp >&5
configure:23184: $? = 0
configure:23184: result: yes
configure:23199: checking whether htobe16 is declared
configure:23199: g++ -m64 -std=c++11 -c -pipe -O2  -I/home/administrator/walletbuilders/build_environment/litecoin/0.16.3/depends/x86_64-w64-linux/share/../include/  -DHAVE_BUILD_INFO -D__STDC_FORMAT_MACROS conftest.cpp >&5
configure:23199: $? = 0
configure:23199: result: yes
configure:23214: checking whether htobe32 is declared
configure:23214: g++ -m64 -std=c++11 -c -pipe -O2  -I/home/administrator/walletbuilders/build_environment/litecoin/0.16.3/depends/x86_64-w64-linux/share/../include/  -DHAVE_BUILD_INFO -D__STDC_FORMAT_MACROS conftest.cpp >&5
configure:23214: $? = 0
configure:23214: result: yes
configure:23229: checking whether htobe64 is declared
configure:23229: g++ -m64 -std=c++11 -c -pipe -O2  -I/home/administrator/walletbuilders/build_environment/litecoin/0.16.3/depends/x86_64-w64-linux/share/../include/  -DHAVE_BUILD_INFO -D__STDC_FORMAT_MACROS conftest.cpp >&5
configure:23229: $? = 0
configure:23229: result: yes
configure:23246: checking whether bswap_16 is declared
configure:23246: g++ -m64 -std=c++11 -c -pipe -O2  -I/home/administrator/walletbuilders/build_environment/litecoin/0.16.3/depends/x86_64-w64-linux/share/../include/  -DHAVE_BUILD_INFO -D__STDC_FORMAT_MACROS conftest.cpp >&5
configure:23246: $? = 0
configure:23246: result: yes
configure:23259: checking whether bswap_32 is declared
configure:23259: g++ -m64 -std=c++11 -c -pipe -O2  -I/home/administrator/walletbuilders/build_environment/litecoin/0.16.3/depends/x86_64-w64-linux/share/../include/  -DHAVE_BUILD_INFO -D__STDC_FORMAT_MACROS conftest.cpp >&5
configure:23259: $? = 0
configure:23259: result: yes
configure:23272: checking whether bswap_64 is declared
configure:23272: g++ -m64 -std=c++11 -c -pipe -O2  -I/home/administrator/walletbuilders/build_environment/litecoin/0.16.3/depends/x86_64-w64-linux/share/../include/  -DHAVE_BUILD_INFO -D__STDC_FORMAT_MACROS conftest.cpp >&5
configure:23272: $? = 0
configure:23272: result: yes
configure:23287: checking whether __builtin_clz is declared
configure:23287: g++ -m64 -std=c++11 -c -pipe -O2  -I/home/administrator/walletbuilders/build_environment/litecoin/0.16.3/depends/x86_64-w64-linux/share/../include/  -DHAVE_BUILD_INFO -D__STDC_FORMAT_MACROS conftest.cpp >&5
configure:23287: $? = 0
configure:23287: result: yes
configure:23297: checking whether __builtin_clzl is declared
configure:23297: g++ -m64 -std=c++11 -c -pipe -O2  -I/home/administrator/walletbuilders/build_environment/litecoin/0.16.3/depends/x86_64-w64-linux/share/../include/  -DHAVE_BUILD_INFO -D__STDC_FORMAT_MACROS conftest.cpp >&5
configure:23297: $? = 0
configure:23297: result: yes
configure:23307: checking whether __builtin_clzll is declared
configure:23307: g++ -m64 -std=c++11 -c -pipe -O2  -I/home/administrator/walletbuilders/build_environment/litecoin/0.16.3/depends/x86_64-w64-linux/share/../include/  -DHAVE_BUILD_INFO -D__STDC_FORMAT_MACROS conftest.cpp >&5
configure:23307: $? = 0
configure:23307: result: yes
configure:23319: checking for MSG_NOSIGNAL
configure:23332: g++ -m64 -std=c++11 -c -pipe -O2  -I/home/administrator/walletbuilders/build_environment/litecoin/0.16.3/depends/x86_64-w64-linux/share/../include/  -DHAVE_BUILD_INFO -D__STDC_FORMAT_MACROS conftest.cpp >&5
configure:23332: $? = 0
configure:23333: result: yes
configure:23344: checking for MSG_DONTWAIT
configure:23357: g++ -m64 -std=c++11 -c -pipe -O2  -I/home/administrator/walletbuilders/build_environment/litecoin/0.16.3/depends/x86_64-w64-linux/share/../include/  -DHAVE_BUILD_INFO -D__STDC_FORMAT_MACROS conftest.cpp >&5
configure:23357: $? = 0
configure:23358: result: yes
configure:23369: checking for getmemoryinfo
configure:23382: g++ -m64 -std=c++11 -c -pipe -O2  -I/home/administrator/walletbuilders/build_environment/litecoin/0.16.3/depends/x86_64-w64-linux/share/../include/  -DHAVE_BUILD_INFO -D__STDC_FORMAT_MACROS conftest.cpp >&5
configure:23382: $? = 0
configure:23383: result: yes
configure:23394: checking for mallopt M_ARENA_MAX
configure:23407: g++ -m64 -std=c++11 -c -pipe -O2  -I/home/administrator/walletbuilders/build_environment/litecoin/0.16.3/depends/x86_64-w64-linux/share/../include/  -DHAVE_BUILD_INFO -D__STDC_FORMAT_MACROS conftest.cpp >&5
configure:23407: $? = 0
configure:23408: result: yes
configure:23419: checking for visibility attribute
configure:23428: g++ -m64 -std=c++11 -o conftest -pipe -O2  -I/home/administrator/walletbuilders/build_environment/litecoin/0.16.3/depends/x86_64-w64-linux/share/../include/  -DHAVE_BUILD_INFO -D__STDC_FORMAT_MACROS -L/home/administrator/walletbuilders/build_environment/litecoin/0.16.3/depends/x86_64-w64-linux/share/../lib  conftest.cpp  >&5
configure:23428: $? = 0
configure:23433: result: yes
configure:23451: checking for thread_local support
configure:23465: g++ -m64 -std=c++11 -o conftest -pipe -O2  -I/home/administrator/walletbuilders/build_environment/litecoin/0.16.3/depends/x86_64-w64-linux/share/../include/  -DHAVE_BUILD_INFO -D__STDC_FORMAT_MACROS -L/home/administrator/walletbuilders/build_environment/litecoin/0.16.3/depends/x86_64-w64-linux/share/../lib  -pthread conftest.cpp  >&5
configure:23465: $? = 0
configure:23470: result: yes
configure:23485: checking for Linux getrandom syscall
configure:23500: g++ -m64 -std=c++11 -c -pipe -O2  -I/home/administrator/walletbuilders/build_environment/litecoin/0.16.3/depends/x86_64-w64-linux/share/../include/  -DHAVE_BUILD_INFO -D__STDC_FORMAT_MACROS conftest.cpp >&5
configure:23500: $? = 0
configure:23501: result: yes
configure:23512: checking for getentropy
configure:23525: g++ -m64 -std=c++11 -c -pipe -O2  -I/home/administrator/walletbuilders/build_environment/litecoin/0.16.3/depends/x86_64-w64-linux/share/../include/  -DHAVE_BUILD_INFO -D__STDC_FORMAT_MACROS conftest.cpp >&5
conftest.cpp: In function 'int main()':
conftest.cpp:70:12: warning: ignoring return value of 'int getentropy(void*, size_t)', declared with attribute warn_unused_result [-Wunused-result]
  getentropy(nullptr, 32)
  ~~~~~~~~~~^~~~~~~~~~~~~
configure:23525: $? = 0
configure:23526: result: yes
configure:23537: checking for getentropy via random.h
configure:23551: g++ -m64 -std=c++11 -c -pipe -O2  -I/home/administrator/walletbuilders/build_environment/litecoin/0.16.3/depends/x86_64-w64-linux/share/../include/  -DHAVE_BUILD_INFO -D__STDC_FORMAT_MACROS conftest.cpp >&5
conftest.cpp: In function 'int main()':
conftest.cpp:72:12: warning: ignoring return value of 'int getentropy(void*, size_t)', declared with attribute warn_unused_result [-Wunused-result]
  getentropy(nullptr, 32)
  ~~~~~~~~~~^~~~~~~~~~~~~
configure:23551: $? = 0
configure:23552: result: yes
configure:23563: checking for sysctl KERN_ARND
configure:23578: g++ -m64 -std=c++11 -c -pipe -O2  -I/home/administrator/walletbuilders/build_environment/litecoin/0.16.3/depends/x86_64-w64-linux/share/../include/  -DHAVE_BUILD_INFO -D__STDC_FORMAT_MACROS conftest.cpp >&5
conftest.cpp: In function 'int main()':
conftest.cpp:73:40: error: 'KERN_ARND' was not declared in this scope
  static const int name[2] = {CTL_KERN, KERN_ARND};
                                        ^~~~~~~~~
conftest.cpp:73:40: note: suggested alternative: 'KERN_ACCT'
  static const int name[2] = {CTL_KERN, KERN_ARND};
                                        ^~~~~~~~~
                                        KERN_ACCT
conftest.cpp:74:49: error: invalid conversion from 'const int*' to 'int*' [-fpermissive]
     sysctl(name, 2, nullptr, nullptr, nullptr, 0);
                                                 ^
In file included from conftest.cpp:69:0:
/usr/include/x86_64-linux-gnu/sys/sysctl.h:68:12: note:   initializing argument 1 of 'int sysctl(int*, int, void*, size_t*, void*, size_t)'
 extern int sysctl (int *__name, int __nlen, void *__oldval,
            ^~~~~~
configure:23578: $? = 1
configure: failed program was:
| /* confdefs.h */
| #define PACKAGE_NAME "RoseCoin Core"
| #define PACKAGE_TARNAME "rosecoin"
| #define PACKAGE_VERSION "1.0.0"
| #define PACKAGE_STRING "RoseCoin Core 1.0.0"
| #define PACKAGE_BUGREPORT "https://github.com/rosecoin-project/rosecoin/issues"
| #define PACKAGE_URL "https://rosecoin.org/"
| #define HAVE_CXX11 1
| #define STDC_HEADERS 1
| #define HAVE_SYS_TYPES_H 1
| #define HAVE_SYS_STAT_H 1
| #define HAVE_STDLIB_H 1
| #define HAVE_STRING_H 1
| #define HAVE_MEMORY_H 1
| #define HAVE_STRINGS_H 1
| #define HAVE_INTTYPES_H 1
| #define HAVE_STDINT_H 1
| #define HAVE_UNISTD_H 1
| #define HAVE_DLFCN_H 1
| #define LT_OBJDIR ".libs/"
| #define USE_ASM 1
| #define HAVE_PTHREAD_PRIO_INHERIT 1
| #define HAVE_PTHREAD 1
| #define HAVE_DECL_STRERROR_R 1
| #define HAVE_STRERROR_R 1
| #define STRERROR_R_CHAR_P 1
| #define HAVE_FUNC_ATTRIBUTE_VISIBILITY 1
| #define HAVE_ENDIAN_H 1
| #define HAVE_BYTESWAP_H 1
| #define HAVE_STDIO_H 1
| #define HAVE_STDLIB_H 1
| #define HAVE_UNISTD_H 1
| #define HAVE_STRINGS_H 1
| #define HAVE_SYS_TYPES_H 1
| #define HAVE_SYS_STAT_H 1
| #define HAVE_SYS_SELECT_H 1
| #define HAVE_SYS_PRCTL_H 1
| #define HAVE_DECL_STRNLEN 1
| #define HAVE_DECL_DAEMON 1
| #define HAVE_DECL_LE16TOH 1
| #define HAVE_DECL_LE32TOH 1
| #define HAVE_DECL_LE64TOH 1
| #define HAVE_DECL_HTOLE16 1
| #define HAVE_DECL_HTOLE32 1
| #define HAVE_DECL_HTOLE64 1
| #define HAVE_DECL_BE16TOH 1
| #define HAVE_DECL_BE32TOH 1
| #define HAVE_DECL_BE64TOH 1
| #define HAVE_DECL_HTOBE16 1
| #define HAVE_DECL_HTOBE32 1
| #define HAVE_DECL_HTOBE64 1
| #define HAVE_DECL_BSWAP_16 1
| #define HAVE_DECL_BSWAP_32 1
| #define HAVE_DECL_BSWAP_64 1
| #define HAVE_DECL___BUILTIN_CLZ 1
| #define HAVE_DECL___BUILTIN_CLZL 1
| #define HAVE_DECL___BUILTIN_CLZLL 1
| #define HAVE_MSG_NOSIGNAL 1
| #define HAVE_MSG_DONTWAIT 1
| #define HAVE_MALLOC_INFO 1
| #define HAVE_MALLOPT_ARENA_MAX 1
| #define HAVE_VISIBILITY_ATTRIBUTE 1
| #define HAVE_THREAD_LOCAL 1
| #define HAVE_SYS_GETRANDOM 1
| #define HAVE_GETENTROPY 1
| #define HAVE_GETENTROPY_RAND 1
| /* end confdefs.h.  */
| #include <sys/types.h>
|   #include <sys/sysctl.h>
| int
| main ()
| {
|  static const int name[2] = {CTL_KERN, KERN_ARND};
|     sysctl(name, 2, nullptr, nullptr, nullptr, 0);
|   ;
|   return 0;
| }
configure:23584: result: no
configure:23650: checking for Berkeley DB C++ headers
configure:23680: g++ -m64 -std=c++11 -c -pipe -O2  -I/home/administrator/walletbuilders/build_environment/litecoin/0.16.3/depends/x86_64-w64-linux/share/../include/  -DHAVE_BUILD_INFO -D__STDC_FORMAT_MACROS conftest.cpp >&5
conftest.cpp:69:18: fatal error: bdb4.8/db_cxx.h: No such file or directory
         #include <bdb4.8/db_cxx.h>
                  ^~~~~~~~~~~~~~~~~
compilation terminated.
configure:23680: $? = 1
configure: failed program was:
| /* confdefs.h */
| #define PACKAGE_NAME "RoseCoin Core"
| #define PACKAGE_TARNAME "rosecoin"
| #define PACKAGE_VERSION "1.0.0"
| #define PACKAGE_STRING "RoseCoin Core 1.0.0"
| #define PACKAGE_BUGREPORT "https://github.com/rosecoin-project/rosecoin/issues"
| #define PACKAGE_URL "https://rosecoin.org/"
| #define HAVE_CXX11 1
| #define STDC_HEADERS 1
| #define HAVE_SYS_TYPES_H 1
| #define HAVE_SYS_STAT_H 1
| #define HAVE_STDLIB_H 1
| #define HAVE_STRING_H 1
| #define HAVE_MEMORY_H 1
| #define HAVE_STRINGS_H 1
| #define HAVE_INTTYPES_H 1
| #define HAVE_STDINT_H 1
| #define HAVE_UNISTD_H 1
| #define HAVE_DLFCN_H 1
| #define LT_OBJDIR ".libs/"
| #define USE_ASM 1
| #define HAVE_PTHREAD_PRIO_INHERIT 1
| #define HAVE_PTHREAD 1
| #define HAVE_DECL_STRERROR_R 1
| #define HAVE_STRERROR_R 1
| #define STRERROR_R_CHAR_P 1
| #define HAVE_FUNC_ATTRIBUTE_VISIBILITY 1
| #define HAVE_ENDIAN_H 1
| #define HAVE_BYTESWAP_H 1
| #define HAVE_STDIO_H 1
| #define HAVE_STDLIB_H 1
| #define HAVE_UNISTD_H 1
| #define HAVE_STRINGS_H 1
| #define HAVE_SYS_TYPES_H 1
| #define HAVE_SYS_STAT_H 1
| #define HAVE_SYS_SELECT_H 1
| #define HAVE_SYS_PRCTL_H 1
| #define HAVE_DECL_STRNLEN 1
| #define HAVE_DECL_DAEMON 1
| #define HAVE_DECL_LE16TOH 1
| #define HAVE_DECL_LE32TOH 1
| #define HAVE_DECL_LE64TOH 1
| #define HAVE_DECL_HTOLE16 1
| #define HAVE_DECL_HTOLE32 1
| #define HAVE_DECL_HTOLE64 1
| #define HAVE_DECL_BE16TOH 1
| #define HAVE_DECL_BE32TOH 1
| #define HAVE_DECL_BE64TOH 1
| #define HAVE_DECL_HTOBE16 1
| #define HAVE_DECL_HTOBE32 1
| #define HAVE_DECL_HTOBE64 1
| #define HAVE_DECL_BSWAP_16 1
| #define HAVE_DECL_BSWAP_32 1
| #define HAVE_DECL_BSWAP_64 1
| #define HAVE_DECL___BUILTIN_CLZ 1
| #define HAVE_DECL___BUILTIN_CLZL 1
| #define HAVE_DECL___BUILTIN_CLZLL 1
| #define HAVE_MSG_NOSIGNAL 1
| #define HAVE_MSG_DONTWAIT 1
| #define HAVE_MALLOC_INFO 1
| #define HAVE_MALLOPT_ARENA_MAX 1
| #define HAVE_VISIBILITY_ATTRIBUTE 1
| #define HAVE_THREAD_LOCAL 1
| #define HAVE_SYS_GETRANDOM 1
| #define HAVE_GETENTROPY 1
| #define HAVE_GETENTROPY_RAND 1
| /* end confdefs.h.  */
| 
|         #include <bdb4.8/db_cxx.h>
| 
| int
| main ()
| {
| 
|         #if !((DB_VERSION_MAJOR == 4 && DB_VERSION_MINOR >= 8) || DB_VERSION_MAJOR > 4)
|           #error "failed to find bdb 4.8+"
|         #endif
| 
|   ;
|   return 0;
| }
configure:23680: g++ -m64 -std=c++11 -c -pipe -O2  -I/home/administrator/walletbuilders/build_environment/litecoin/0.16.3/depends/x86_64-w64-linux/share/../include/  -DHAVE_BUILD_INFO -D__STDC_FORMAT_MACROS conftest.cpp >&5
conftest.cpp:69:18: fatal error: libdb4.8/db_cxx.h: No such file or directory
         #include <libdb4.8/db_cxx.h>
                  ^~~~~~~~~~~~~~~~~~~
compilation terminated.
configure:23680: $? = 1
configure: failed program was:
| /* confdefs.h */
| #define PACKAGE_NAME "RoseCoin Core"
| #define PACKAGE_TARNAME "rosecoin"
| #define PACKAGE_VERSION "1.0.0"
| #define PACKAGE_STRING "RoseCoin Core 1.0.0"
| #define PACKAGE_BUGREPORT "https://github.com/rosecoin-project/rosecoin/issues"
| #define PACKAGE_URL "https://rosecoin.org/"
| #define HAVE_CXX11 1
| #define STDC_HEADERS 1
| #define HAVE_SYS_TYPES_H 1
| #define HAVE_SYS_STAT_H 1
| #define HAVE_STDLIB_H 1
| #define HAVE_STRING_H 1
| #define HAVE_MEMORY_H 1
| #define HAVE_STRINGS_H 1
| #define HAVE_INTTYPES_H 1
| #define HAVE_STDINT_H 1
| #define HAVE_UNISTD_H 1
| #define HAVE_DLFCN_H 1
| #define LT_OBJDIR ".libs/"
| #define USE_ASM 1
| #define HAVE_PTHREAD_PRIO_INHERIT 1
| #define HAVE_PTHREAD 1
| #define HAVE_DECL_STRERROR_R 1
| #define HAVE_STRERROR_R 1
| #define STRERROR_R_CHAR_P 1
| #define HAVE_FUNC_ATTRIBUTE_VISIBILITY 1
| #define HAVE_ENDIAN_H 1
| #define HAVE_BYTESWAP_H 1
| #define HAVE_STDIO_H 1
| #define HAVE_STDLIB_H 1
| #define HAVE_UNISTD_H 1
| #define HAVE_STRINGS_H 1
| #define HAVE_SYS_TYPES_H 1
| #define HAVE_SYS_STAT_H 1
| #define HAVE_SYS_SELECT_H 1
| #define HAVE_SYS_PRCTL_H 1
| #define HAVE_DECL_STRNLEN 1
| #define HAVE_DECL_DAEMON 1
| #define HAVE_DECL_LE16TOH 1
| #define HAVE_DECL_LE32TOH 1
| #define HAVE_DECL_LE64TOH 1
| #define HAVE_DECL_HTOLE16 1
| #define HAVE_DECL_HTOLE32 1
| #define HAVE_DECL_HTOLE64 1
| #define HAVE_DECL_BE16TOH 1
| #define HAVE_DECL_BE32TOH 1
| #define HAVE_DECL_BE64TOH 1
| #define HAVE_DECL_HTOBE16 1
| #define HAVE_DECL_HTOBE32 1
| #define HAVE_DECL_HTOBE64 1
| #define HAVE_DECL_BSWAP_16 1
| #define HAVE_DECL_BSWAP_32 1
| #define HAVE_DECL_BSWAP_64 1
| #define HAVE_DECL___BUILTIN_CLZ 1
| #define HAVE_DECL___BUILTIN_CLZL 1
| #define HAVE_DECL___BUILTIN_CLZLL 1
| #define HAVE_MSG_NOSIGNAL 1
| #define HAVE_MSG_DONTWAIT 1
| #define HAVE_MALLOC_INFO 1
| #define HAVE_MALLOPT_ARENA_MAX 1
| #define HAVE_VISIBILITY_ATTRIBUTE 1
| #define HAVE_THREAD_LOCAL 1
| #define HAVE_SYS_GETRANDOM 1
| #define HAVE_GETENTROPY 1
| #define HAVE_GETENTROPY_RAND 1
| /* end confdefs.h.  */
| 
|         #include <libdb4.8/db_cxx.h>
| 
| int
| main ()
| {
| 
|         #if !((DB_VERSION_MAJOR == 4 && DB_VERSION_MINOR >= 8) || DB_VERSION_MAJOR > 4)
|           #error "failed to find bdb 4.8+"
|         #endif
| 
|   ;
|   return 0;
| }
configure:23680: g++ -m64 -std=c++11 -c -pipe -O2  -I/home/administrator/walletbuilders/build_environment/litecoin/0.16.3/depends/x86_64-w64-linux/share/../include/  -DHAVE_BUILD_INFO -D__STDC_FORMAT_MACROS conftest.cpp >&5
conftest.cpp:69:18: fatal error: db4.8/db_cxx.h: No such file or directory
         #include <db4.8/db_cxx.h>
                  ^~~~~~~~~~~~~~~~
compilation terminated.
configure:23680: $? = 1
configure: failed program was:
| /* confdefs.h */
| #define PACKAGE_NAME "RoseCoin Core"
| #define PACKAGE_TARNAME "rosecoin"
| #define PACKAGE_VERSION "1.0.0"
| #define PACKAGE_STRING "RoseCoin Core 1.0.0"
| #define PACKAGE_BUGREPORT "https://github.com/rosecoin-project/rosecoin/issues"
| #define PACKAGE_URL "https://rosecoin.org/"
| #define HAVE_CXX11 1
| #define STDC_HEADERS 1
| #define HAVE_SYS_TYPES_H 1
| #define HAVE_SYS_STAT_H 1
| #define HAVE_STDLIB_H 1
| #define HAVE_STRING_H 1
| #define HAVE_MEMORY_H 1
| #define HAVE_STRINGS_H 1
| #define HAVE_INTTYPES_H 1
| #define HAVE_STDINT_H 1
| #define HAVE_UNISTD_H 1
| #define HAVE_DLFCN_H 1
| #define LT_OBJDIR ".libs/"
| #define USE_ASM 1
| #define HAVE_PTHREAD_PRIO_INHERIT 1
| #define HAVE_PTHREAD 1
| #define HAVE_DECL_STRERROR_R 1
| #define HAVE_STRERROR_R 1
| #define STRERROR_R_CHAR_P 1
| #define HAVE_FUNC_ATTRIBUTE_VISIBILITY 1
| #define HAVE_ENDIAN_H 1
| #define HAVE_BYTESWAP_H 1
| #define HAVE_STDIO_H 1
| #define HAVE_STDLIB_H 1
| #define HAVE_UNISTD_H 1
| #define HAVE_STRINGS_H 1
| #define HAVE_SYS_TYPES_H 1
| #define HAVE_SYS_STAT_H 1
| #define HAVE_SYS_SELECT_H 1
| #define HAVE_SYS_PRCTL_H 1
| #define HAVE_DECL_STRNLEN 1
| #define HAVE_DECL_DAEMON 1
| #define HAVE_DECL_LE16TOH 1
| #define HAVE_DECL_LE32TOH 1
| #define HAVE_DECL_LE64TOH 1
| #define HAVE_DECL_HTOLE16 1
| #define HAVE_DECL_HTOLE32 1
| #define HAVE_DECL_HTOLE64 1
| #define HAVE_DECL_BE16TOH 1
| #define HAVE_DECL_BE32TOH 1
| #define HAVE_DECL_BE64TOH 1
| #define HAVE_DECL_HTOBE16 1
| #define HAVE_DECL_HTOBE32 1
| #define HAVE_DECL_HTOBE64 1
| #define HAVE_DECL_BSWAP_16 1
| #define HAVE_DECL_BSWAP_32 1
| #define HAVE_DECL_BSWAP_64 1
| #define HAVE_DECL___BUILTIN_CLZ 1
| #define HAVE_DECL___BUILTIN_CLZL 1
| #define HAVE_DECL___BUILTIN_CLZLL 1
| #define HAVE_MSG_NOSIGNAL 1
| #define HAVE_MSG_DONTWAIT 1
| #define HAVE_MALLOC_INFO 1
| #define HAVE_MALLOPT_ARENA_MAX 1
| #define HAVE_VISIBILITY_ATTRIBUTE 1
| #define HAVE_THREAD_LOCAL 1
| #define HAVE_SYS_GETRANDOM 1
| #define HAVE_GETENTROPY 1
| #define HAVE_GETENTROPY_RAND 1
| /* end confdefs.h.  */
| 
|         #include <db4.8/db_cxx.h>
| 
| int
| main ()
| {
| 
|         #if !((DB_VERSION_MAJOR == 4 && DB_VERSION_MINOR >= 8) || DB_VERSION_MAJOR > 4)
|           #error "failed to find bdb 4.8+"
|         #endif
| 
|   ;
|   return 0;
| }
configure:23680: g++ -m64 -std=c++11 -c -pipe -O2  -I/home/administrator/walletbuilders/build_environment/litecoin/0.16.3/depends/x86_64-w64-linux/share/../include/  -DHAVE_BUILD_INFO -D__STDC_FORMAT_MACROS conftest.cpp >&5
conftest.cpp:69:18: fatal error: bdb48/db_cxx.h: No such file or directory
         #include <bdb48/db_cxx.h>
                  ^~~~~~~~~~~~~~~~
compilation terminated.
configure:23680: $? = 1
configure: failed program was:
| /* confdefs.h */
| #define PACKAGE_NAME "RoseCoin Core"
| #define PACKAGE_TARNAME "rosecoin"
| #define PACKAGE_VERSION "1.0.0"
| #define PACKAGE_STRING "RoseCoin Core 1.0.0"
| #define PACKAGE_BUGREPORT "https://github.com/rosecoin-project/rosecoin/issues"
| #define PACKAGE_URL "https://rosecoin.org/"
| #define HAVE_CXX11 1
| #define STDC_HEADERS 1
| #define HAVE_SYS_TYPES_H 1
| #define HAVE_SYS_STAT_H 1
| #define HAVE_STDLIB_H 1
| #define HAVE_STRING_H 1
| #define HAVE_MEMORY_H 1
| #define HAVE_STRINGS_H 1
| #define HAVE_INTTYPES_H 1
| #define HAVE_STDINT_H 1
| #define HAVE_UNISTD_H 1
| #define HAVE_DLFCN_H 1
| #define LT_OBJDIR ".libs/"
| #define USE_ASM 1
| #define HAVE_PTHREAD_PRIO_INHERIT 1
| #define HAVE_PTHREAD 1
| #define HAVE_DECL_STRERROR_R 1
| #define HAVE_STRERROR_R 1
| #define STRERROR_R_CHAR_P 1
| #define HAVE_FUNC_ATTRIBUTE_VISIBILITY 1
| #define HAVE_ENDIAN_H 1
| #define HAVE_BYTESWAP_H 1
| #define HAVE_STDIO_H 1
| #define HAVE_STDLIB_H 1
| #define HAVE_UNISTD_H 1
| #define HAVE_STRINGS_H 1
| #define HAVE_SYS_TYPES_H 1
| #define HAVE_SYS_STAT_H 1
| #define HAVE_SYS_SELECT_H 1
| #define HAVE_SYS_PRCTL_H 1
| #define HAVE_DECL_STRNLEN 1
| #define HAVE_DECL_DAEMON 1
| #define HAVE_DECL_LE16TOH 1
| #define HAVE_DECL_LE32TOH 1
| #define HAVE_DECL_LE64TOH 1
| #define HAVE_DECL_HTOLE16 1
| #define HAVE_DECL_HTOLE32 1
| #define HAVE_DECL_HTOLE64 1
| #define HAVE_DECL_BE16TOH 1
| #define HAVE_DECL_BE32TOH 1
| #define HAVE_DECL_BE64TOH 1
| #define HAVE_DECL_HTOBE16 1
| #define HAVE_DECL_HTOBE32 1
| #define HAVE_DECL_HTOBE64 1
| #define HAVE_DECL_BSWAP_16 1
| #define HAVE_DECL_BSWAP_32 1
| #define HAVE_DECL_BSWAP_64 1
| #define HAVE_DECL___BUILTIN_CLZ 1
| #define HAVE_DECL___BUILTIN_CLZL 1
| #define HAVE_DECL___BUILTIN_CLZLL 1
| #define HAVE_MSG_NOSIGNAL 1
| #define HAVE_MSG_DONTWAIT 1
| #define HAVE_MALLOC_INFO 1
| #define HAVE_MALLOPT_ARENA_MAX 1
| #define HAVE_VISIBILITY_ATTRIBUTE 1
| #define HAVE_THREAD_LOCAL 1
| #define HAVE_SYS_GETRANDOM 1
| #define HAVE_GETENTROPY 1
| #define HAVE_GETENTROPY_RAND 1
| /* end confdefs.h.  */
| 
|         #include <bdb48/db_cxx.h>
| 
| int
| main ()
| {
| 
|         #if !((DB_VERSION_MAJOR == 4 && DB_VERSION_MINOR >= 8) || DB_VERSION_MAJOR > 4)
|           #error "failed to find bdb 4.8+"
|         #endif
| 
|   ;
|   return 0;
| }
configure:23680: g++ -m64 -std=c++11 -c -pipe -O2  -I/home/administrator/walletbuilders/build_environment/litecoin/0.16.3/depends/x86_64-w64-linux/share/../include/  -DHAVE_BUILD_INFO -D__STDC_FORMAT_MACROS conftest.cpp >&5
conftest.cpp:69:18: fatal error: libdb48/db_cxx.h: No such file or directory
         #include <libdb48/db_cxx.h>
                  ^~~~~~~~~~~~~~~~~~
compilation terminated.
configure:23680: $? = 1
configure: failed program was:
| /* confdefs.h */
| #define PACKAGE_NAME "RoseCoin Core"
| #define PACKAGE_TARNAME "rosecoin"
| #define PACKAGE_VERSION "1.0.0"
| #define PACKAGE_STRING "RoseCoin Core 1.0.0"
| #define PACKAGE_BUGREPORT "https://github.com/rosecoin-project/rosecoin/issues"
| #define PACKAGE_URL "https://rosecoin.org/"
| #define HAVE_CXX11 1
| #define STDC_HEADERS 1
| #define HAVE_SYS_TYPES_H 1
| #define HAVE_SYS_STAT_H 1
| #define HAVE_STDLIB_H 1
| #define HAVE_STRING_H 1
| #define HAVE_MEMORY_H 1
| #define HAVE_STRINGS_H 1
| #define HAVE_INTTYPES_H 1
| #define HAVE_STDINT_H 1
| #define HAVE_UNISTD_H 1
| #define HAVE_DLFCN_H 1
| #define LT_OBJDIR ".libs/"
| #define USE_ASM 1
| #define HAVE_PTHREAD_PRIO_INHERIT 1
| #define HAVE_PTHREAD 1
| #define HAVE_DECL_STRERROR_R 1
| #define HAVE_STRERROR_R 1
| #define STRERROR_R_CHAR_P 1
| #define HAVE_FUNC_ATTRIBUTE_VISIBILITY 1
| #define HAVE_ENDIAN_H 1
| #define HAVE_BYTESWAP_H 1
| #define HAVE_STDIO_H 1
| #define HAVE_STDLIB_H 1
| #define HAVE_UNISTD_H 1
| #define HAVE_STRINGS_H 1
| #define HAVE_SYS_TYPES_H 1
| #define HAVE_SYS_STAT_H 1
| #define HAVE_SYS_SELECT_H 1
| #define HAVE_SYS_PRCTL_H 1
| #define HAVE_DECL_STRNLEN 1
| #define HAVE_DECL_DAEMON 1
| #define HAVE_DECL_LE16TOH 1
| #define HAVE_DECL_LE32TOH 1
| #define HAVE_DECL_LE64TOH 1
| #define HAVE_DECL_HTOLE16 1
| #define HAVE_DECL_HTOLE32 1
| #define HAVE_DECL_HTOLE64 1
| #define HAVE_DECL_BE16TOH 1
| #define HAVE_DECL_BE32TOH 1
| #define HAVE_DECL_BE64TOH 1
| #define HAVE_DECL_HTOBE16 1
| #define HAVE_DECL_HTOBE32 1
| #define HAVE_DECL_HTOBE64 1
| #define HAVE_DECL_BSWAP_16 1
| #define HAVE_DECL_BSWAP_32 1
| #define HAVE_DECL_BSWAP_64 1
| #define HAVE_DECL___BUILTIN_CLZ 1
| #define HAVE_DECL___BUILTIN_CLZL 1
| #define HAVE_DECL___BUILTIN_CLZLL 1
| #define HAVE_MSG_NOSIGNAL 1
| #define HAVE_MSG_DONTWAIT 1
| #define HAVE_MALLOC_INFO 1
| #define HAVE_MALLOPT_ARENA_MAX 1
| #define HAVE_VISIBILITY_ATTRIBUTE 1
| #define HAVE_THREAD_LOCAL 1
| #define HAVE_SYS_GETRANDOM 1
| #define HAVE_GETENTROPY 1
| #define HAVE_GETENTROPY_RAND 1
| /* end confdefs.h.  */
| 
|         #include <libdb48/db_cxx.h>
| 
| int
| main ()
| {
| 
|         #if !((DB_VERSION_MAJOR == 4 && DB_VERSION_MINOR >= 8) || DB_VERSION_MAJOR > 4)
|           #error "failed to find bdb 4.8+"
|         #endif
| 
|   ;
|   return 0;
| }
configure:23680: g++ -m64 -std=c++11 -c -pipe -O2  -I/home/administrator/walletbuilders/build_environment/litecoin/0.16.3/depends/x86_64-w64-linux/share/../include/  -DHAVE_BUILD_INFO -D__STDC_FORMAT_MACROS conftest.cpp >&5
conftest.cpp:69:18: fatal error: db48/db_cxx.h: No such file or directory
         #include <db48/db_cxx.h>
                  ^~~~~~~~~~~~~~~
compilation terminated.
configure:23680: $? = 1
configure: failed program was:
| /* confdefs.h */
| #define PACKAGE_NAME "RoseCoin Core"
| #define PACKAGE_TARNAME "rosecoin"
| #define PACKAGE_VERSION "1.0.0"
| #define PACKAGE_STRING "RoseCoin Core 1.0.0"
| #define PACKAGE_BUGREPORT "https://github.com/rosecoin-project/rosecoin/issues"
| #define PACKAGE_URL "https://rosecoin.org/"
| #define HAVE_CXX11 1
| #define STDC_HEADERS 1
| #define HAVE_SYS_TYPES_H 1
| #define HAVE_SYS_STAT_H 1
| #define HAVE_STDLIB_H 1
| #define HAVE_STRING_H 1
| #define HAVE_MEMORY_H 1
| #define HAVE_STRINGS_H 1
| #define HAVE_INTTYPES_H 1
| #define HAVE_STDINT_H 1
| #define HAVE_UNISTD_H 1
| #define HAVE_DLFCN_H 1
| #define LT_OBJDIR ".libs/"
| #define USE_ASM 1
| #define HAVE_PTHREAD_PRIO_INHERIT 1
| #define HAVE_PTHREAD 1
| #define HAVE_DECL_STRERROR_R 1
| #define HAVE_STRERROR_R 1
| #define STRERROR_R_CHAR_P 1
| #define HAVE_FUNC_ATTRIBUTE_VISIBILITY 1
| #define HAVE_ENDIAN_H 1
| #define HAVE_BYTESWAP_H 1
| #define HAVE_STDIO_H 1
| #define HAVE_STDLIB_H 1
| #define HAVE_UNISTD_H 1
| #define HAVE_STRINGS_H 1
| #define HAVE_SYS_TYPES_H 1
| #define HAVE_SYS_STAT_H 1
| #define HAVE_SYS_SELECT_H 1
| #define HAVE_SYS_PRCTL_H 1
| #define HAVE_DECL_STRNLEN 1
| #define HAVE_DECL_DAEMON 1
| #define HAVE_DECL_LE16TOH 1
| #define HAVE_DECL_LE32TOH 1
| #define HAVE_DECL_LE64TOH 1
| #define HAVE_DECL_HTOLE16 1
| #define HAVE_DECL_HTOLE32 1
| #define HAVE_DECL_HTOLE64 1
| #define HAVE_DECL_BE16TOH 1
| #define HAVE_DECL_BE32TOH 1
| #define HAVE_DECL_BE64TOH 1
| #define HAVE_DECL_HTOBE16 1
| #define HAVE_DECL_HTOBE32 1
| #define HAVE_DECL_HTOBE64 1
| #define HAVE_DECL_BSWAP_16 1
| #define HAVE_DECL_BSWAP_32 1
| #define HAVE_DECL_BSWAP_64 1
| #define HAVE_DECL___BUILTIN_CLZ 1
| #define HAVE_DECL___BUILTIN_CLZL 1
| #define HAVE_DECL___BUILTIN_CLZLL 1
| #define HAVE_MSG_NOSIGNAL 1
| #define HAVE_MSG_DONTWAIT 1
| #define HAVE_MALLOC_INFO 1
| #define HAVE_MALLOPT_ARENA_MAX 1
| #define HAVE_VISIBILITY_ATTRIBUTE 1
| #define HAVE_THREAD_LOCAL 1
| #define HAVE_SYS_GETRANDOM 1
| #define HAVE_GETENTROPY 1
| #define HAVE_GETENTROPY_RAND 1
| /* end confdefs.h.  */
| 
|         #include <db48/db_cxx.h>
| 
| int
| main ()
| {
| 
|         #if !((DB_VERSION_MAJOR == 4 && DB_VERSION_MINOR >= 8) || DB_VERSION_MAJOR > 4)
|           #error "failed to find bdb 4.8+"
|         #endif
| 
|   ;
|   return 0;
| }
configure:23680: g++ -m64 -std=c++11 -c -pipe -O2  -I/home/administrator/walletbuilders/build_environment/litecoin/0.16.3/depends/x86_64-w64-linux/share/../include/  -DHAVE_BUILD_INFO -D__STDC_FORMAT_MACROS conftest.cpp >&5
conftest.cpp:69:18: fatal error: bdb4/db_cxx.h: No such file or directory
         #include <bdb4/db_cxx.h>
                  ^~~~~~~~~~~~~~~
compilation terminated.
configure:23680: $? = 1
configure: failed program was:
| /* confdefs.h */
| #define PACKAGE_NAME "RoseCoin Core"
| #define PACKAGE_TARNAME "rosecoin"
| #define PACKAGE_VERSION "1.0.0"
| #define PACKAGE_STRING "RoseCoin Core 1.0.0"
| #define PACKAGE_BUGREPORT "https://github.com/rosecoin-project/rosecoin/issues"
| #define PACKAGE_URL "https://rosecoin.org/"
| #define HAVE_CXX11 1
| #define STDC_HEADERS 1
| #define HAVE_SYS_TYPES_H 1
| #define HAVE_SYS_STAT_H 1
| #define HAVE_STDLIB_H 1
| #define HAVE_STRING_H 1
| #define HAVE_MEMORY_H 1
| #define HAVE_STRINGS_H 1
| #define HAVE_INTTYPES_H 1
| #define HAVE_STDINT_H 1
| #define HAVE_UNISTD_H 1
| #define HAVE_DLFCN_H 1
| #define LT_OBJDIR ".libs/"
| #define USE_ASM 1
| #define HAVE_PTHREAD_PRIO_INHERIT 1
| #define HAVE_PTHREAD 1
| #define HAVE_DECL_STRERROR_R 1
| #define HAVE_STRERROR_R 1
| #define STRERROR_R_CHAR_P 1
| #define HAVE_FUNC_ATTRIBUTE_VISIBILITY 1
| #define HAVE_ENDIAN_H 1
| #define HAVE_BYTESWAP_H 1
| #define HAVE_STDIO_H 1
| #define HAVE_STDLIB_H 1
| #define HAVE_UNISTD_H 1
| #define HAVE_STRINGS_H 1
| #define HAVE_SYS_TYPES_H 1
| #define HAVE_SYS_STAT_H 1
| #define HAVE_SYS_SELECT_H 1
| #define HAVE_SYS_PRCTL_H 1
| #define HAVE_DECL_STRNLEN 1
| #define HAVE_DECL_DAEMON 1
| #define HAVE_DECL_LE16TOH 1
| #define HAVE_DECL_LE32TOH 1
| #define HAVE_DECL_LE64TOH 1
| #define HAVE_DECL_HTOLE16 1
| #define HAVE_DECL_HTOLE32 1
| #define HAVE_DECL_HTOLE64 1
| #define HAVE_DECL_BE16TOH 1
| #define HAVE_DECL_BE32TOH 1
| #define HAVE_DECL_BE64TOH 1
| #define HAVE_DECL_HTOBE16 1
| #define HAVE_DECL_HTOBE32 1
| #define HAVE_DECL_HTOBE64 1
| #define HAVE_DECL_BSWAP_16 1
| #define HAVE_DECL_BSWAP_32 1
| #define HAVE_DECL_BSWAP_64 1
| #define HAVE_DECL___BUILTIN_CLZ 1
| #define HAVE_DECL___BUILTIN_CLZL 1
| #define HAVE_DECL___BUILTIN_CLZLL 1
| #define HAVE_MSG_NOSIGNAL 1
| #define HAVE_MSG_DONTWAIT 1
| #define HAVE_MALLOC_INFO 1
| #define HAVE_MALLOPT_ARENA_MAX 1
| #define HAVE_VISIBILITY_ATTRIBUTE 1
| #define HAVE_THREAD_LOCAL 1
| #define HAVE_SYS_GETRANDOM 1
| #define HAVE_GETENTROPY 1
| #define HAVE_GETENTROPY_RAND 1
| /* end confdefs.h.  */
| 
|         #include <bdb4/db_cxx.h>
| 
| int
| main ()
| {
| 
|         #if !((DB_VERSION_MAJOR == 4 && DB_VERSION_MINOR >= 8) || DB_VERSION_MAJOR > 4)
|           #error "failed to find bdb 4.8+"
|         #endif
| 
|   ;
|   return 0;
| }
configure:23680: g++ -m64 -std=c++11 -c -pipe -O2  -I/home/administrator/walletbuilders/build_environment/litecoin/0.16.3/depends/x86_64-w64-linux/share/../include/  -DHAVE_BUILD_INFO -D__STDC_FORMAT_MACROS conftest.cpp >&5
conftest.cpp:69:18: fatal error: libdb4/db_cxx.h: No such file or directory
         #include <libdb4/db_cxx.h>
                  ^~~~~~~~~~~~~~~~~
compilation terminated.
configure:23680: $? = 1
configure: failed program was:
| /* confdefs.h */
| #define PACKAGE_NAME "RoseCoin Core"
| #define PACKAGE_TARNAME "rosecoin"
| #define PACKAGE_VERSION "1.0.0"
| #define PACKAGE_STRING "RoseCoin Core 1.0.0"
| #define PACKAGE_BUGREPORT "https://github.com/rosecoin-project/rosecoin/issues"
| #define PACKAGE_URL "https://rosecoin.org/"
| #define HAVE_CXX11 1
| #define STDC_HEADERS 1
| #define HAVE_SYS_TYPES_H 1
| #define HAVE_SYS_STAT_H 1
| #define HAVE_STDLIB_H 1
| #define HAVE_STRING_H 1
| #define HAVE_MEMORY_H 1
| #define HAVE_STRINGS_H 1
| #define HAVE_INTTYPES_H 1
| #define HAVE_STDINT_H 1
| #define HAVE_UNISTD_H 1
| #define HAVE_DLFCN_H 1
| #define LT_OBJDIR ".libs/"
| #define USE_ASM 1
| #define HAVE_PTHREAD_PRIO_INHERIT 1
| #define HAVE_PTHREAD 1
| #define HAVE_DECL_STRERROR_R 1
| #define HAVE_STRERROR_R 1
| #define STRERROR_R_CHAR_P 1
| #define HAVE_FUNC_ATTRIBUTE_VISIBILITY 1
| #define HAVE_ENDIAN_H 1
| #define HAVE_BYTESWAP_H 1
| #define HAVE_STDIO_H 1
| #define HAVE_STDLIB_H 1
| #define HAVE_UNISTD_H 1
| #define HAVE_STRINGS_H 1
| #define HAVE_SYS_TYPES_H 1
| #define HAVE_SYS_STAT_H 1
| #define HAVE_SYS_SELECT_H 1
| #define HAVE_SYS_PRCTL_H 1
| #define HAVE_DECL_STRNLEN 1
| #define HAVE_DECL_DAEMON 1
| #define HAVE_DECL_LE16TOH 1
| #define HAVE_DECL_LE32TOH 1
| #define HAVE_DECL_LE64TOH 1
| #define HAVE_DECL_HTOLE16 1
| #define HAVE_DECL_HTOLE32 1
| #define HAVE_DECL_HTOLE64 1
| #define HAVE_DECL_BE16TOH 1
| #define HAVE_DECL_BE32TOH 1
| #define HAVE_DECL_BE64TOH 1
| #define HAVE_DECL_HTOBE16 1
| #define HAVE_DECL_HTOBE32 1
| #define HAVE_DECL_HTOBE64 1
| #define HAVE_DECL_BSWAP_16 1
| #define HAVE_DECL_BSWAP_32 1
| #define HAVE_DECL_BSWAP_64 1
| #define HAVE_DECL___BUILTIN_CLZ 1
| #define HAVE_DECL___BUILTIN_CLZL 1
| #define HAVE_DECL___BUILTIN_CLZLL 1
| #define HAVE_MSG_NOSIGNAL 1
| #define HAVE_MSG_DONTWAIT 1
| #define HAVE_MALLOC_INFO 1
| #define HAVE_MALLOPT_ARENA_MAX 1
| #define HAVE_VISIBILITY_ATTRIBUTE 1
| #define HAVE_THREAD_LOCAL 1
| #define HAVE_SYS_GETRANDOM 1
| #define HAVE_GETENTROPY 1
| #define HAVE_GETENTROPY_RAND 1
| /* end confdefs.h.  */
| 
|         #include <libdb4/db_cxx.h>
| 
| int
| main ()
| {
| 
|         #if !((DB_VERSION_MAJOR == 4 && DB_VERSION_MINOR >= 8) || DB_VERSION_MAJOR > 4)
|           #error "failed to find bdb 4.8+"
|         #endif
| 
|   ;
|   return 0;
| }
configure:23680: g++ -m64 -std=c++11 -c -pipe -O2  -I/home/administrator/walletbuilders/build_environment/litecoin/0.16.3/depends/x86_64-w64-linux/share/../include/  -DHAVE_BUILD_INFO -D__STDC_FORMAT_MACROS conftest.cpp >&5
conftest.cpp:69:18: fatal error: db4/db_cxx.h: No such file or directory
         #include <db4/db_cxx.h>
                  ^~~~~~~~~~~~~~
compilation terminated.
configure:23680: $? = 1
configure: failed program was:
| /* confdefs.h */
| #define PACKAGE_NAME "RoseCoin Core"
| #define PACKAGE_TARNAME "rosecoin"
| #define PACKAGE_VERSION "1.0.0"
| #define PACKAGE_STRING "RoseCoin Core 1.0.0"
| #define PACKAGE_BUGREPORT "https://github.com/rosecoin-project/rosecoin/issues"
| #define PACKAGE_URL "https://rosecoin.org/"
| #define HAVE_CXX11 1
| #define STDC_HEADERS 1
| #define HAVE_SYS_TYPES_H 1
| #define HAVE_SYS_STAT_H 1
| #define HAVE_STDLIB_H 1
| #define HAVE_STRING_H 1
| #define HAVE_MEMORY_H 1
| #define HAVE_STRINGS_H 1
| #define HAVE_INTTYPES_H 1
| #define HAVE_STDINT_H 1
| #define HAVE_UNISTD_H 1
| #define HAVE_DLFCN_H 1
| #define LT_OBJDIR ".libs/"
| #define USE_ASM 1
| #define HAVE_PTHREAD_PRIO_INHERIT 1
| #define HAVE_PTHREAD 1
| #define HAVE_DECL_STRERROR_R 1
| #define HAVE_STRERROR_R 1
| #define STRERROR_R_CHAR_P 1
| #define HAVE_FUNC_ATTRIBUTE_VISIBILITY 1
| #define HAVE_ENDIAN_H 1
| #define HAVE_BYTESWAP_H 1
| #define HAVE_STDIO_H 1
| #define HAVE_STDLIB_H 1
| #define HAVE_UNISTD_H 1
| #define HAVE_STRINGS_H 1
| #define HAVE_SYS_TYPES_H 1
| #define HAVE_SYS_STAT_H 1
| #define HAVE_SYS_SELECT_H 1
| #define HAVE_SYS_PRCTL_H 1
| #define HAVE_DECL_STRNLEN 1
| #define HAVE_DECL_DAEMON 1
| #define HAVE_DECL_LE16TOH 1
| #define HAVE_DECL_LE32TOH 1
| #define HAVE_DECL_LE64TOH 1
| #define HAVE_DECL_HTOLE16 1
| #define HAVE_DECL_HTOLE32 1
| #define HAVE_DECL_HTOLE64 1
| #define HAVE_DECL_BE16TOH 1
| #define HAVE_DECL_BE32TOH 1
| #define HAVE_DECL_BE64TOH 1
| #define HAVE_DECL_HTOBE16 1
| #define HAVE_DECL_HTOBE32 1
| #define HAVE_DECL_HTOBE64 1
| #define HAVE_DECL_BSWAP_16 1
| #define HAVE_DECL_BSWAP_32 1
| #define HAVE_DECL_BSWAP_64 1
| #define HAVE_DECL___BUILTIN_CLZ 1
| #define HAVE_DECL___BUILTIN_CLZL 1
| #define HAVE_DECL___BUILTIN_CLZLL 1
| #define HAVE_MSG_NOSIGNAL 1
| #define HAVE_MSG_DONTWAIT 1
| #define HAVE_MALLOC_INFO 1
| #define HAVE_MALLOPT_ARENA_MAX 1
| #define HAVE_VISIBILITY_ATTRIBUTE 1
| #define HAVE_THREAD_LOCAL 1
| #define HAVE_SYS_GETRANDOM 1
| #define HAVE_GETENTROPY 1
| #define HAVE_GETENTROPY_RAND 1
| /* end confdefs.h.  */
| 
|         #include <db4/db_cxx.h>
| 
| int
| main ()
| {
| 
|         #if !((DB_VERSION_MAJOR == 4 && DB_VERSION_MINOR >= 8) || DB_VERSION_MAJOR > 4)
|           #error "failed to find bdb 4.8+"
|         #endif
| 
|   ;
|   return 0;
| }
configure:23680: g++ -m64 -std=c++11 -c -pipe -O2  -I/home/administrator/walletbuilders/build_environment/litecoin/0.16.3/depends/x86_64-w64-linux/share/../include/  -DHAVE_BUILD_INFO -D__STDC_FORMAT_MACROS conftest.cpp >&5
conftest.cpp:69:18: fatal error: bdb5/db_cxx.h: No such file or directory
         #include <bdb5/db_cxx.h>
                  ^~~~~~~~~~~~~~~
compilation terminated.
configure:23680: $? = 1
configure: failed program was:
| /* confdefs.h */
| #define PACKAGE_NAME "RoseCoin Core"
| #define PACKAGE_TARNAME "rosecoin"
| #define PACKAGE_VERSION "1.0.0"
| #define PACKAGE_STRING "RoseCoin Core 1.0.0"
| #define PACKAGE_BUGREPORT "https://github.com/rosecoin-project/rosecoin/issues"
| #define PACKAGE_URL "https://rosecoin.org/"
| #define HAVE_CXX11 1
| #define STDC_HEADERS 1
| #define HAVE_SYS_TYPES_H 1
| #define HAVE_SYS_STAT_H 1
| #define HAVE_STDLIB_H 1
| #define HAVE_STRING_H 1
| #define HAVE_MEMORY_H 1
| #define HAVE_STRINGS_H 1
| #define HAVE_INTTYPES_H 1
| #define HAVE_STDINT_H 1
| #define HAVE_UNISTD_H 1
| #define HAVE_DLFCN_H 1
| #define LT_OBJDIR ".libs/"
| #define USE_ASM 1
| #define HAVE_PTHREAD_PRIO_INHERIT 1
| #define HAVE_PTHREAD 1
| #define HAVE_DECL_STRERROR_R 1
| #define HAVE_STRERROR_R 1
| #define STRERROR_R_CHAR_P 1
| #define HAVE_FUNC_ATTRIBUTE_VISIBILITY 1
| #define HAVE_ENDIAN_H 1
| #define HAVE_BYTESWAP_H 1
| #define HAVE_STDIO_H 1
| #define HAVE_STDLIB_H 1
| #define HAVE_UNISTD_H 1
| #define HAVE_STRINGS_H 1
| #define HAVE_SYS_TYPES_H 1
| #define HAVE_SYS_STAT_H 1
| #define HAVE_SYS_SELECT_H 1
| #define HAVE_SYS_PRCTL_H 1
| #define HAVE_DECL_STRNLEN 1
| #define HAVE_DECL_DAEMON 1
| #define HAVE_DECL_LE16TOH 1
| #define HAVE_DECL_LE32TOH 1
| #define HAVE_DECL_LE64TOH 1
| #define HAVE_DECL_HTOLE16 1
| #define HAVE_DECL_HTOLE32 1
| #define HAVE_DECL_HTOLE64 1
| #define HAVE_DECL_BE16TOH 1
| #define HAVE_DECL_BE32TOH 1
| #define HAVE_DECL_BE64TOH 1
| #define HAVE_DECL_HTOBE16 1
| #define HAVE_DECL_HTOBE32 1
| #define HAVE_DECL_HTOBE64 1
| #define HAVE_DECL_BSWAP_16 1
| #define HAVE_DECL_BSWAP_32 1
| #define HAVE_DECL_BSWAP_64 1
| #define HAVE_DECL___BUILTIN_CLZ 1
| #define HAVE_DECL___BUILTIN_CLZL 1
| #define HAVE_DECL___BUILTIN_CLZLL 1
| #define HAVE_MSG_NOSIGNAL 1
| #define HAVE_MSG_DONTWAIT 1
| #define HAVE_MALLOC_INFO 1
| #define HAVE_MALLOPT_ARENA_MAX 1
| #define HAVE_VISIBILITY_ATTRIBUTE 1
| #define HAVE_THREAD_LOCAL 1
| #define HAVE_SYS_GETRANDOM 1
| #define HAVE_GETENTROPY 1
| #define HAVE_GETENTROPY_RAND 1
| /* end confdefs.h.  */
| 
|         #include <bdb5/db_cxx.h>
| 
| int
| main ()
| {
| 
|         #if !((DB_VERSION_MAJOR == 4 && DB_VERSION_MINOR >= 8) || DB_VERSION_MAJOR > 4)
|           #error "failed to find bdb 4.8+"
|         #endif
| 
|   ;
|   return 0;
| }
configure:23680: g++ -m64 -std=c++11 -c -pipe -O2  -I/home/administrator/walletbuilders/build_environment/litecoin/0.16.3/depends/x86_64-w64-linux/share/../include/  -DHAVE_BUILD_INFO -D__STDC_FORMAT_MACROS conftest.cpp >&5
conftest.cpp:69:18: fatal error: libdb5/db_cxx.h: No such file or directory
         #include <libdb5/db_cxx.h>
                  ^~~~~~~~~~~~~~~~~
compilation terminated.
configure:23680: $? = 1
configure: failed program was:
| /* confdefs.h */
| #define PACKAGE_NAME "RoseCoin Core"
| #define PACKAGE_TARNAME "rosecoin"
| #define PACKAGE_VERSION "1.0.0"
| #define PACKAGE_STRING "RoseCoin Core 1.0.0"
| #define PACKAGE_BUGREPORT "https://github.com/rosecoin-project/rosecoin/issues"
| #define PACKAGE_URL "https://rosecoin.org/"
| #define HAVE_CXX11 1
| #define STDC_HEADERS 1
| #define HAVE_SYS_TYPES_H 1
| #define HAVE_SYS_STAT_H 1
| #define HAVE_STDLIB_H 1
| #define HAVE_STRING_H 1
| #define HAVE_MEMORY_H 1
| #define HAVE_STRINGS_H 1
| #define HAVE_INTTYPES_H 1
| #define HAVE_STDINT_H 1
| #define HAVE_UNISTD_H 1
| #define HAVE_DLFCN_H 1
| #define LT_OBJDIR ".libs/"
| #define USE_ASM 1
| #define HAVE_PTHREAD_PRIO_INHERIT 1
| #define HAVE_PTHREAD 1
| #define HAVE_DECL_STRERROR_R 1
| #define HAVE_STRERROR_R 1
| #define STRERROR_R_CHAR_P 1
| #define HAVE_FUNC_ATTRIBUTE_VISIBILITY 1
| #define HAVE_ENDIAN_H 1
| #define HAVE_BYTESWAP_H 1
| #define HAVE_STDIO_H 1
| #define HAVE_STDLIB_H 1
| #define HAVE_UNISTD_H 1
| #define HAVE_STRINGS_H 1
| #define HAVE_SYS_TYPES_H 1
| #define HAVE_SYS_STAT_H 1
| #define HAVE_SYS_SELECT_H 1
| #define HAVE_SYS_PRCTL_H 1
| #define HAVE_DECL_STRNLEN 1
| #define HAVE_DECL_DAEMON 1
| #define HAVE_DECL_LE16TOH 1
| #define HAVE_DECL_LE32TOH 1
| #define HAVE_DECL_LE64TOH 1
| #define HAVE_DECL_HTOLE16 1
| #define HAVE_DECL_HTOLE32 1
| #define HAVE_DECL_HTOLE64 1
| #define HAVE_DECL_BE16TOH 1
| #define HAVE_DECL_BE32TOH 1
| #define HAVE_DECL_BE64TOH 1
| #define HAVE_DECL_HTOBE16 1
| #define HAVE_DECL_HTOBE32 1
| #define HAVE_DECL_HTOBE64 1
| #define HAVE_DECL_BSWAP_16 1
| #define HAVE_DECL_BSWAP_32 1
| #define HAVE_DECL_BSWAP_64 1
| #define HAVE_DECL___BUILTIN_CLZ 1
| #define HAVE_DECL___BUILTIN_CLZL 1
| #define HAVE_DECL___BUILTIN_CLZLL 1
| #define HAVE_MSG_NOSIGNAL 1
| #define HAVE_MSG_DONTWAIT 1
| #define HAVE_MALLOC_INFO 1
| #define HAVE_MALLOPT_ARENA_MAX 1
| #define HAVE_VISIBILITY_ATTRIBUTE 1
| #define HAVE_THREAD_LOCAL 1
| #define HAVE_SYS_GETRANDOM 1
| #define HAVE_GETENTROPY 1
| #define HAVE_GETENTROPY_RAND 1
| /* end confdefs.h.  */
| 
|         #include <libdb5/db_cxx.h>
| 
| int
| main ()
| {
| 
|         #if !((DB_VERSION_MAJOR == 4 && DB_VERSION_MINOR >= 8) || DB_VERSION_MAJOR > 4)
|           #error "failed to find bdb 4.8+"
|         #endif
| 
|   ;
|   return 0;
| }
configure:23680: g++ -m64 -std=c++11 -c -pipe -O2  -I/home/administrator/walletbuilders/build_environment/litecoin/0.16.3/depends/x86_64-w64-linux/share/../include/  -DHAVE_BUILD_INFO -D__STDC_FORMAT_MACROS conftest.cpp >&5
conftest.cpp:69:18: fatal error: db5/db_cxx.h: No such file or directory
         #include <db5/db_cxx.h>
                  ^~~~~~~~~~~~~~
compilation terminated.
configure:23680: $? = 1
configure: failed program was:
| /* confdefs.h */
| #define PACKAGE_NAME "RoseCoin Core"
| #define PACKAGE_TARNAME "rosecoin"
| #define PACKAGE_VERSION "1.0.0"
| #define PACKAGE_STRING "RoseCoin Core 1.0.0"
| #define PACKAGE_BUGREPORT "https://github.com/rosecoin-project/rosecoin/issues"
| #define PACKAGE_URL "https://rosecoin.org/"
| #define HAVE_CXX11 1
| #define STDC_HEADERS 1
| #define HAVE_SYS_TYPES_H 1
| #define HAVE_SYS_STAT_H 1
| #define HAVE_STDLIB_H 1
| #define HAVE_STRING_H 1
| #define HAVE_MEMORY_H 1
| #define HAVE_STRINGS_H 1
| #define HAVE_INTTYPES_H 1
| #define HAVE_STDINT_H 1
| #define HAVE_UNISTD_H 1
| #define HAVE_DLFCN_H 1
| #define LT_OBJDIR ".libs/"
| #define USE_ASM 1
| #define HAVE_PTHREAD_PRIO_INHERIT 1
| #define HAVE_PTHREAD 1
| #define HAVE_DECL_STRERROR_R 1
| #define HAVE_STRERROR_R 1
| #define STRERROR_R_CHAR_P 1
| #define HAVE_FUNC_ATTRIBUTE_VISIBILITY 1
| #define HAVE_ENDIAN_H 1
| #define HAVE_BYTESWAP_H 1
| #define HAVE_STDIO_H 1
| #define HAVE_STDLIB_H 1
| #define HAVE_UNISTD_H 1
| #define HAVE_STRINGS_H 1
| #define HAVE_SYS_TYPES_H 1
| #define HAVE_SYS_STAT_H 1
| #define HAVE_SYS_SELECT_H 1
| #define HAVE_SYS_PRCTL_H 1
| #define HAVE_DECL_STRNLEN 1
| #define HAVE_DECL_DAEMON 1
| #define HAVE_DECL_LE16TOH 1
| #define HAVE_DECL_LE32TOH 1
| #define HAVE_DECL_LE64TOH 1
| #define HAVE_DECL_HTOLE16 1
| #define HAVE_DECL_HTOLE32 1
| #define HAVE_DECL_HTOLE64 1
| #define HAVE_DECL_BE16TOH 1
| #define HAVE_DECL_BE32TOH 1
| #define HAVE_DECL_BE64TOH 1
| #define HAVE_DECL_HTOBE16 1
| #define HAVE_DECL_HTOBE32 1
| #define HAVE_DECL_HTOBE64 1
| #define HAVE_DECL_BSWAP_16 1
| #define HAVE_DECL_BSWAP_32 1
| #define HAVE_DECL_BSWAP_64 1
| #define HAVE_DECL___BUILTIN_CLZ 1
| #define HAVE_DECL___BUILTIN_CLZL 1
| #define HAVE_DECL___BUILTIN_CLZLL 1
| #define HAVE_MSG_NOSIGNAL 1
| #define HAVE_MSG_DONTWAIT 1
| #define HAVE_MALLOC_INFO 1
| #define HAVE_MALLOPT_ARENA_MAX 1
| #define HAVE_VISIBILITY_ATTRIBUTE 1
| #define HAVE_THREAD_LOCAL 1
| #define HAVE_SYS_GETRANDOM 1
| #define HAVE_GETENTROPY 1
| #define HAVE_GETENTROPY_RAND 1
| /* end confdefs.h.  */
| 
|         #include <db5/db_cxx.h>
| 
| int
| main ()
| {
| 
|         #if !((DB_VERSION_MAJOR == 4 && DB_VERSION_MINOR >= 8) || DB_VERSION_MAJOR > 4)
|           #error "failed to find bdb 4.8+"
|         #endif
| 
|   ;
|   return 0;
| }
configure:23680: g++ -m64 -std=c++11 -c -pipe -O2  -I/home/administrator/walletbuilders/build_environment/litecoin/0.16.3/depends/x86_64-w64-linux/share/../include/  -DHAVE_BUILD_INFO -D__STDC_FORMAT_MACROS conftest.cpp >&5
conftest.cpp:69:18: fatal error: bdb5.3/db_cxx.h: No such file or directory
         #include <bdb5.3/db_cxx.h>
                  ^~~~~~~~~~~~~~~~~
compilation terminated.
configure:23680: $? = 1
configure: failed program was:
| /* confdefs.h */
| #define PACKAGE_NAME "RoseCoin Core"
| #define PACKAGE_TARNAME "rosecoin"
| #define PACKAGE_VERSION "1.0.0"
| #define PACKAGE_STRING "RoseCoin Core 1.0.0"
| #define PACKAGE_BUGREPORT "https://github.com/rosecoin-project/rosecoin/issues"
| #define PACKAGE_URL "https://rosecoin.org/"
| #define HAVE_CXX11 1
| #define STDC_HEADERS 1
| #define HAVE_SYS_TYPES_H 1
| #define HAVE_SYS_STAT_H 1
| #define HAVE_STDLIB_H 1
| #define HAVE_STRING_H 1
| #define HAVE_MEMORY_H 1
| #define HAVE_STRINGS_H 1
| #define HAVE_INTTYPES_H 1
| #define HAVE_STDINT_H 1
| #define HAVE_UNISTD_H 1
| #define HAVE_DLFCN_H 1
| #define LT_OBJDIR ".libs/"
| #define USE_ASM 1
| #define HAVE_PTHREAD_PRIO_INHERIT 1
| #define HAVE_PTHREAD 1
| #define HAVE_DECL_STRERROR_R 1
| #define HAVE_STRERROR_R 1
| #define STRERROR_R_CHAR_P 1
| #define HAVE_FUNC_ATTRIBUTE_VISIBILITY 1
| #define HAVE_ENDIAN_H 1
| #define HAVE_BYTESWAP_H 1
| #define HAVE_STDIO_H 1
| #define HAVE_STDLIB_H 1
| #define HAVE_UNISTD_H 1
| #define HAVE_STRINGS_H 1
| #define HAVE_SYS_TYPES_H 1
| #define HAVE_SYS_STAT_H 1
| #define HAVE_SYS_SELECT_H 1
| #define HAVE_SYS_PRCTL_H 1
| #define HAVE_DECL_STRNLEN 1
| #define HAVE_DECL_DAEMON 1
| #define HAVE_DECL_LE16TOH 1
| #define HAVE_DECL_LE32TOH 1
| #define HAVE_DECL_LE64TOH 1
| #define HAVE_DECL_HTOLE16 1
| #define HAVE_DECL_HTOLE32 1
| #define HAVE_DECL_HTOLE64 1
| #define HAVE_DECL_BE16TOH 1
| #define HAVE_DECL_BE32TOH 1
| #define HAVE_DECL_BE64TOH 1
| #define HAVE_DECL_HTOBE16 1
| #define HAVE_DECL_HTOBE32 1
| #define HAVE_DECL_HTOBE64 1
| #define HAVE_DECL_BSWAP_16 1
| #define HAVE_DECL_BSWAP_32 1
| #define HAVE_DECL_BSWAP_64 1
| #define HAVE_DECL___BUILTIN_CLZ 1
| #define HAVE_DECL___BUILTIN_CLZL 1
| #define HAVE_DECL___BUILTIN_CLZLL 1
| #define HAVE_MSG_NOSIGNAL 1
| #define HAVE_MSG_DONTWAIT 1
| #define HAVE_MALLOC_INFO 1
| #define HAVE_MALLOPT_ARENA_MAX 1
| #define HAVE_VISIBILITY_ATTRIBUTE 1
| #define HAVE_THREAD_LOCAL 1
| #define HAVE_SYS_GETRANDOM 1
| #define HAVE_GETENTROPY 1
| #define HAVE_GETENTROPY_RAND 1
| /* end confdefs.h.  */
| 
|         #include <bdb5.3/db_cxx.h>
| 
| int
| main ()
| {
| 
|         #if !((DB_VERSION_MAJOR == 4 && DB_VERSION_MINOR >= 8) || DB_VERSION_MAJOR > 4)
|           #error "failed to find bdb 4.8+"
|         #endif
| 
|   ;
|   return 0;
| }
configure:23680: g++ -m64 -std=c++11 -c -pipe -O2  -I/home/administrator/walletbuilders/build_environment/litecoin/0.16.3/depends/x86_64-w64-linux/share/../include/  -DHAVE_BUILD_INFO -D__STDC_FORMAT_MACROS conftest.cpp >&5
conftest.cpp:69:18: fatal error: libdb5.3/db_cxx.h: No such file or directory
         #include <libdb5.3/db_cxx.h>
                  ^~~~~~~~~~~~~~~~~~~
compilation terminated.
configure:23680: $? = 1
configure: failed program was:
| /* confdefs.h */
| #define PACKAGE_NAME "RoseCoin Core"
| #define PACKAGE_TARNAME "rosecoin"
| #define PACKAGE_VERSION "1.0.0"
| #define PACKAGE_STRING "RoseCoin Core 1.0.0"
| #define PACKAGE_BUGREPORT "https://github.com/rosecoin-project/rosecoin/issues"
| #define PACKAGE_URL "https://rosecoin.org/"
| #define HAVE_CXX11 1
| #define STDC_HEADERS 1
| #define HAVE_SYS_TYPES_H 1
| #define HAVE_SYS_STAT_H 1
| #define HAVE_STDLIB_H 1
| #define HAVE_STRING_H 1
| #define HAVE_MEMORY_H 1
| #define HAVE_STRINGS_H 1
| #define HAVE_INTTYPES_H 1
| #define HAVE_STDINT_H 1
| #define HAVE_UNISTD_H 1
| #define HAVE_DLFCN_H 1
| #define LT_OBJDIR ".libs/"
| #define USE_ASM 1
| #define HAVE_PTHREAD_PRIO_INHERIT 1
| #define HAVE_PTHREAD 1
| #define HAVE_DECL_STRERROR_R 1
| #define HAVE_STRERROR_R 1
| #define STRERROR_R_CHAR_P 1
| #define HAVE_FUNC_ATTRIBUTE_VISIBILITY 1
| #define HAVE_ENDIAN_H 1
| #define HAVE_BYTESWAP_H 1
| #define HAVE_STDIO_H 1
| #define HAVE_STDLIB_H 1
| #define HAVE_UNISTD_H 1
| #define HAVE_STRINGS_H 1
| #define HAVE_SYS_TYPES_H 1
| #define HAVE_SYS_STAT_H 1
| #define HAVE_SYS_SELECT_H 1
| #define HAVE_SYS_PRCTL_H 1
| #define HAVE_DECL_STRNLEN 1
| #define HAVE_DECL_DAEMON 1
| #define HAVE_DECL_LE16TOH 1
| #define HAVE_DECL_LE32TOH 1
| #define HAVE_DECL_LE64TOH 1
| #define HAVE_DECL_HTOLE16 1
| #define HAVE_DECL_HTOLE32 1
| #define HAVE_DECL_HTOLE64 1
| #define HAVE_DECL_BE16TOH 1
| #define HAVE_DECL_BE32TOH 1
| #define HAVE_DECL_BE64TOH 1
| #define HAVE_DECL_HTOBE16 1
| #define HAVE_DECL_HTOBE32 1
| #define HAVE_DECL_HTOBE64 1
| #define HAVE_DECL_BSWAP_16 1
| #define HAVE_DECL_BSWAP_32 1
| #define HAVE_DECL_BSWAP_64 1
| #define HAVE_DECL___BUILTIN_CLZ 1
| #define HAVE_DECL___BUILTIN_CLZL 1
| #define HAVE_DECL___BUILTIN_CLZLL 1
| #define HAVE_MSG_NOSIGNAL 1
| #define HAVE_MSG_DONTWAIT 1
| #define HAVE_MALLOC_INFO 1
| #define HAVE_MALLOPT_ARENA_MAX 1
| #define HAVE_VISIBILITY_ATTRIBUTE 1
| #define HAVE_THREAD_LOCAL 1
| #define HAVE_SYS_GETRANDOM 1
| #define HAVE_GETENTROPY 1
| #define HAVE_GETENTROPY_RAND 1
| /* end confdefs.h.  */
| 
|         #include <libdb5.3/db_cxx.h>
| 
| int
| main ()
| {
| 
|         #if !((DB_VERSION_MAJOR == 4 && DB_VERSION_MINOR >= 8) || DB_VERSION_MAJOR > 4)
|           #error "failed to find bdb 4.8+"
|         #endif
| 
|   ;
|   return 0;
| }
configure:23680: g++ -m64 -std=c++11 -c -pipe -O2  -I/home/administrator/walletbuilders/build_environment/litecoin/0.16.3/depends/x86_64-w64-linux/share/../include/  -DHAVE_BUILD_INFO -D__STDC_FORMAT_MACROS conftest.cpp >&5
conftest.cpp:69:18: fatal error: db5.3/db_cxx.h: No such file or directory
         #include <db5.3/db_cxx.h>
                  ^~~~~~~~~~~~~~~~
compilation terminated.
configure:23680: $? = 1
configure: failed program was:
| /* confdefs.h */
| #define PACKAGE_NAME "RoseCoin Core"
| #define PACKAGE_TARNAME "rosecoin"
| #define PACKAGE_VERSION "1.0.0"
| #define PACKAGE_STRING "RoseCoin Core 1.0.0"
| #define PACKAGE_BUGREPORT "https://github.com/rosecoin-project/rosecoin/issues"
| #define PACKAGE_URL "https://rosecoin.org/"
| #define HAVE_CXX11 1
| #define STDC_HEADERS 1
| #define HAVE_SYS_TYPES_H 1
| #define HAVE_SYS_STAT_H 1
| #define HAVE_STDLIB_H 1
| #define HAVE_STRING_H 1
| #define HAVE_MEMORY_H 1
| #define HAVE_STRINGS_H 1
| #define HAVE_INTTYPES_H 1
| #define HAVE_STDINT_H 1
| #define HAVE_UNISTD_H 1
| #define HAVE_DLFCN_H 1
| #define LT_OBJDIR ".libs/"
| #define USE_ASM 1
| #define HAVE_PTHREAD_PRIO_INHERIT 1
| #define HAVE_PTHREAD 1
| #define HAVE_DECL_STRERROR_R 1
| #define HAVE_STRERROR_R 1
| #define STRERROR_R_CHAR_P 1
| #define HAVE_FUNC_ATTRIBUTE_VISIBILITY 1
| #define HAVE_ENDIAN_H 1
| #define HAVE_BYTESWAP_H 1
| #define HAVE_STDIO_H 1
| #define HAVE_STDLIB_H 1
| #define HAVE_UNISTD_H 1
| #define HAVE_STRINGS_H 1
| #define HAVE_SYS_TYPES_H 1
| #define HAVE_SYS_STAT_H 1
| #define HAVE_SYS_SELECT_H 1
| #define HAVE_SYS_PRCTL_H 1
| #define HAVE_DECL_STRNLEN 1
| #define HAVE_DECL_DAEMON 1
| #define HAVE_DECL_LE16TOH 1
| #define HAVE_DECL_LE32TOH 1
| #define HAVE_DECL_LE64TOH 1
| #define HAVE_DECL_HTOLE16 1
| #define HAVE_DECL_HTOLE32 1
| #define HAVE_DECL_HTOLE64 1
| #define HAVE_DECL_BE16TOH 1
| #define HAVE_DECL_BE32TOH 1
| #define HAVE_DECL_BE64TOH 1
| #define HAVE_DECL_HTOBE16 1
| #define HAVE_DECL_HTOBE32 1
| #define HAVE_DECL_HTOBE64 1
| #define HAVE_DECL_BSWAP_16 1
| #define HAVE_DECL_BSWAP_32 1
| #define HAVE_DECL_BSWAP_64 1
| #define HAVE_DECL___BUILTIN_CLZ 1
| #define HAVE_DECL___BUILTIN_CLZL 1
| #define HAVE_DECL___BUILTIN_CLZLL 1
| #define HAVE_MSG_NOSIGNAL 1
| #define HAVE_MSG_DONTWAIT 1
| #define HAVE_MALLOC_INFO 1
| #define HAVE_MALLOPT_ARENA_MAX 1
| #define HAVE_VISIBILITY_ATTRIBUTE 1
| #define HAVE_THREAD_LOCAL 1
| #define HAVE_SYS_GETRANDOM 1
| #define HAVE_GETENTROPY 1
| #define HAVE_GETENTROPY_RAND 1
| /* end confdefs.h.  */
| 
|         #include <db5.3/db_cxx.h>
| 
| int
| main ()
| {
| 
|         #if !((DB_VERSION_MAJOR == 4 && DB_VERSION_MINOR >= 8) || DB_VERSION_MAJOR > 4)
|           #error "failed to find bdb 4.8+"
|         #endif
| 
|   ;
|   return 0;
| }
configure:23680: g++ -m64 -std=c++11 -c -pipe -O2  -I/home/administrator/walletbuilders/build_environment/litecoin/0.16.3/depends/x86_64-w64-linux/share/../include/  -DHAVE_BUILD_INFO -D__STDC_FORMAT_MACROS conftest.cpp >&5
conftest.cpp:69:18: fatal error: bdb/db_cxx.h: No such file or directory
         #include <bdb/db_cxx.h>
                  ^~~~~~~~~~~~~~
compilation terminated.
configure:23680: $? = 1
configure: failed program was:
| /* confdefs.h */
| #define PACKAGE_NAME "RoseCoin Core"
| #define PACKAGE_TARNAME "rosecoin"
| #define PACKAGE_VERSION "1.0.0"
| #define PACKAGE_STRING "RoseCoin Core 1.0.0"
| #define PACKAGE_BUGREPORT "https://github.com/rosecoin-project/rosecoin/issues"
| #define PACKAGE_URL "https://rosecoin.org/"
| #define HAVE_CXX11 1
| #define STDC_HEADERS 1
| #define HAVE_SYS_TYPES_H 1
| #define HAVE_SYS_STAT_H 1
| #define HAVE_STDLIB_H 1
| #define HAVE_STRING_H 1
| #define HAVE_MEMORY_H 1
| #define HAVE_STRINGS_H 1
| #define HAVE_INTTYPES_H 1
| #define HAVE_STDINT_H 1
| #define HAVE_UNISTD_H 1
| #define HAVE_DLFCN_H 1
| #define LT_OBJDIR ".libs/"
| #define USE_ASM 1
| #define HAVE_PTHREAD_PRIO_INHERIT 1
| #define HAVE_PTHREAD 1
| #define HAVE_DECL_STRERROR_R 1
| #define HAVE_STRERROR_R 1
| #define STRERROR_R_CHAR_P 1
| #define HAVE_FUNC_ATTRIBUTE_VISIBILITY 1
| #define HAVE_ENDIAN_H 1
| #define HAVE_BYTESWAP_H 1
| #define HAVE_STDIO_H 1
| #define HAVE_STDLIB_H 1
| #define HAVE_UNISTD_H 1
| #define HAVE_STRINGS_H 1
| #define HAVE_SYS_TYPES_H 1
| #define HAVE_SYS_STAT_H 1
| #define HAVE_SYS_SELECT_H 1
| #define HAVE_SYS_PRCTL_H 1
| #define HAVE_DECL_STRNLEN 1
| #define HAVE_DECL_DAEMON 1
| #define HAVE_DECL_LE16TOH 1
| #define HAVE_DECL_LE32TOH 1
| #define HAVE_DECL_LE64TOH 1
| #define HAVE_DECL_HTOLE16 1
| #define HAVE_DECL_HTOLE32 1
| #define HAVE_DECL_HTOLE64 1
| #define HAVE_DECL_BE16TOH 1
| #define HAVE_DECL_BE32TOH 1
| #define HAVE_DECL_BE64TOH 1
| #define HAVE_DECL_HTOBE16 1
| #define HAVE_DECL_HTOBE32 1
| #define HAVE_DECL_HTOBE64 1
| #define HAVE_DECL_BSWAP_16 1
| #define HAVE_DECL_BSWAP_32 1
| #define HAVE_DECL_BSWAP_64 1
| #define HAVE_DECL___BUILTIN_CLZ 1
| #define HAVE_DECL___BUILTIN_CLZL 1
| #define HAVE_DECL___BUILTIN_CLZLL 1
| #define HAVE_MSG_NOSIGNAL 1
| #define HAVE_MSG_DONTWAIT 1
| #define HAVE_MALLOC_INFO 1
| #define HAVE_MALLOPT_ARENA_MAX 1
| #define HAVE_VISIBILITY_ATTRIBUTE 1
| #define HAVE_THREAD_LOCAL 1
| #define HAVE_SYS_GETRANDOM 1
| #define HAVE_GETENTROPY 1
| #define HAVE_GETENTROPY_RAND 1
| /* end confdefs.h.  */
| 
|         #include <bdb/db_cxx.h>
| 
| int
| main ()
| {
| 
|         #if !((DB_VERSION_MAJOR == 4 && DB_VERSION_MINOR >= 8) || DB_VERSION_MAJOR > 4)
|           #error "failed to find bdb 4.8+"
|         #endif
| 
|   ;
|   return 0;
| }
configure:23680: g++ -m64 -std=c++11 -c -pipe -O2  -I/home/administrator/walletbuilders/build_environment/litecoin/0.16.3/depends/x86_64-w64-linux/share/../include/  -DHAVE_BUILD_INFO -D__STDC_FORMAT_MACROS conftest.cpp >&5
conftest.cpp:69:18: fatal error: libdb/db_cxx.h: No such file or directory
         #include <libdb/db_cxx.h>
                  ^~~~~~~~~~~~~~~~
compilation terminated.
configure:23680: $? = 1
configure: failed program was:
| /* confdefs.h */
| #define PACKAGE_NAME "RoseCoin Core"
| #define PACKAGE_TARNAME "rosecoin"
| #define PACKAGE_VERSION "1.0.0"
| #define PACKAGE_STRING "RoseCoin Core 1.0.0"
| #define PACKAGE_BUGREPORT "https://github.com/rosecoin-project/rosecoin/issues"
| #define PACKAGE_URL "https://rosecoin.org/"
| #define HAVE_CXX11 1
| #define STDC_HEADERS 1
| #define HAVE_SYS_TYPES_H 1
| #define HAVE_SYS_STAT_H 1
| #define HAVE_STDLIB_H 1
| #define HAVE_STRING_H 1
| #define HAVE_MEMORY_H 1
| #define HAVE_STRINGS_H 1
| #define HAVE_INTTYPES_H 1
| #define HAVE_STDINT_H 1
| #define HAVE_UNISTD_H 1
| #define HAVE_DLFCN_H 1
| #define LT_OBJDIR ".libs/"
| #define USE_ASM 1
| #define HAVE_PTHREAD_PRIO_INHERIT 1
| #define HAVE_PTHREAD 1
| #define HAVE_DECL_STRERROR_R 1
| #define HAVE_STRERROR_R 1
| #define STRERROR_R_CHAR_P 1
| #define HAVE_FUNC_ATTRIBUTE_VISIBILITY 1
| #define HAVE_ENDIAN_H 1
| #define HAVE_BYTESWAP_H 1
| #define HAVE_STDIO_H 1
| #define HAVE_STDLIB_H 1
| #define HAVE_UNISTD_H 1
| #define HAVE_STRINGS_H 1
| #define HAVE_SYS_TYPES_H 1
| #define HAVE_SYS_STAT_H 1
| #define HAVE_SYS_SELECT_H 1
| #define HAVE_SYS_PRCTL_H 1
| #define HAVE_DECL_STRNLEN 1
| #define HAVE_DECL_DAEMON 1
| #define HAVE_DECL_LE16TOH 1
| #define HAVE_DECL_LE32TOH 1
| #define HAVE_DECL_LE64TOH 1
| #define HAVE_DECL_HTOLE16 1
| #define HAVE_DECL_HTOLE32 1
| #define HAVE_DECL_HTOLE64 1
| #define HAVE_DECL_BE16TOH 1
| #define HAVE_DECL_BE32TOH 1
| #define HAVE_DECL_BE64TOH 1
| #define HAVE_DECL_HTOBE16 1
| #define HAVE_DECL_HTOBE32 1
| #define HAVE_DECL_HTOBE64 1
| #define HAVE_DECL_BSWAP_16 1
| #define HAVE_DECL_BSWAP_32 1
| #define HAVE_DECL_BSWAP_64 1
| #define HAVE_DECL___BUILTIN_CLZ 1
| #define HAVE_DECL___BUILTIN_CLZL 1
| #define HAVE_DECL___BUILTIN_CLZLL 1
| #define HAVE_MSG_NOSIGNAL 1
| #define HAVE_MSG_DONTWAIT 1
| #define HAVE_MALLOC_INFO 1
| #define HAVE_MALLOPT_ARENA_MAX 1
| #define HAVE_VISIBILITY_ATTRIBUTE 1
| #define HAVE_THREAD_LOCAL 1
| #define HAVE_SYS_GETRANDOM 1
| #define HAVE_GETENTROPY 1
| #define HAVE_GETENTROPY_RAND 1
| /* end confdefs.h.  */
| 
|         #include <libdb/db_cxx.h>
| 
| int
| main ()
| {
| 
|         #if !((DB_VERSION_MAJOR == 4 && DB_VERSION_MINOR >= 8) || DB_VERSION_MAJOR > 4)
|           #error "failed to find bdb 4.8+"
|         #endif
| 
|   ;
|   return 0;
| }
configure:23680: g++ -m64 -std=c++11 -c -pipe -O2  -I/home/administrator/walletbuilders/build_environment/litecoin/0.16.3/depends/x86_64-w64-linux/share/../include/  -DHAVE_BUILD_INFO -D__STDC_FORMAT_MACROS conftest.cpp >&5
conftest.cpp:69:18: fatal error: db/db_cxx.h: No such file or directory
         #include <db/db_cxx.h>
                  ^~~~~~~~~~~~~
compilation terminated.
configure:23680: $? = 1
configure: failed program was:
| /* confdefs.h */
| #define PACKAGE_NAME "RoseCoin Core"
| #define PACKAGE_TARNAME "rosecoin"
| #define PACKAGE_VERSION "1.0.0"
| #define PACKAGE_STRING "RoseCoin Core 1.0.0"
| #define PACKAGE_BUGREPORT "https://github.com/rosecoin-project/rosecoin/issues"
| #define PACKAGE_URL "https://rosecoin.org/"
| #define HAVE_CXX11 1
| #define STDC_HEADERS 1
| #define HAVE_SYS_TYPES_H 1
| #define HAVE_SYS_STAT_H 1
| #define HAVE_STDLIB_H 1
| #define HAVE_STRING_H 1
| #define HAVE_MEMORY_H 1
| #define HAVE_STRINGS_H 1
| #define HAVE_INTTYPES_H 1
| #define HAVE_STDINT_H 1
| #define HAVE_UNISTD_H 1
| #define HAVE_DLFCN_H 1
| #define LT_OBJDIR ".libs/"
| #define USE_ASM 1
| #define HAVE_PTHREAD_PRIO_INHERIT 1
| #define HAVE_PTHREAD 1
| #define HAVE_DECL_STRERROR_R 1
| #define HAVE_STRERROR_R 1
| #define STRERROR_R_CHAR_P 1
| #define HAVE_FUNC_ATTRIBUTE_VISIBILITY 1
| #define HAVE_ENDIAN_H 1
| #define HAVE_BYTESWAP_H 1
| #define HAVE_STDIO_H 1
| #define HAVE_STDLIB_H 1
| #define HAVE_UNISTD_H 1
| #define HAVE_STRINGS_H 1
| #define HAVE_SYS_TYPES_H 1
| #define HAVE_SYS_STAT_H 1
| #define HAVE_SYS_SELECT_H 1
| #define HAVE_SYS_PRCTL_H 1
| #define HAVE_DECL_STRNLEN 1
| #define HAVE_DECL_DAEMON 1
| #define HAVE_DECL_LE16TOH 1
| #define HAVE_DECL_LE32TOH 1
| #define HAVE_DECL_LE64TOH 1
| #define HAVE_DECL_HTOLE16 1
| #define HAVE_DECL_HTOLE32 1
| #define HAVE_DECL_HTOLE64 1
| #define HAVE_DECL_BE16TOH 1
| #define HAVE_DECL_BE32TOH 1
| #define HAVE_DECL_BE64TOH 1
| #define HAVE_DECL_HTOBE16 1
| #define HAVE_DECL_HTOBE32 1
| #define HAVE_DECL_HTOBE64 1
| #define HAVE_DECL_BSWAP_16 1
| #define HAVE_DECL_BSWAP_32 1
| #define HAVE_DECL_BSWAP_64 1
| #define HAVE_DECL___BUILTIN_CLZ 1
| #define HAVE_DECL___BUILTIN_CLZL 1
| #define HAVE_DECL___BUILTIN_CLZLL 1
| #define HAVE_MSG_NOSIGNAL 1
| #define HAVE_MSG_DONTWAIT 1
| #define HAVE_MALLOC_INFO 1
| #define HAVE_MALLOPT_ARENA_MAX 1
| #define HAVE_VISIBILITY_ATTRIBUTE 1
| #define HAVE_THREAD_LOCAL 1
| #define HAVE_SYS_GETRANDOM 1
| #define HAVE_GETENTROPY 1
| #define HAVE_GETENTROPY_RAND 1
| /* end confdefs.h.  */
| 
|         #include <db/db_cxx.h>
| 
| int
| main ()
| {
| 
|         #if !((DB_VERSION_MAJOR == 4 && DB_VERSION_MINOR >= 8) || DB_VERSION_MAJOR > 4)
|           #error "failed to find bdb 4.8+"
|         #endif
| 
|   ;
|   return 0;
| }
configure:23680: g++ -m64 -std=c++11 -c -pipe -O2  -I/home/administrator/walletbuilders/build_environment/litecoin/0.16.3/depends/x86_64-w64-linux/share/../include/  -DHAVE_BUILD_INFO -D__STDC_FORMAT_MACROS conftest.cpp >&5
configure:23680: $? = 0
configure:23709: g++ -m64 -std=c++11 -c -pipe -O2  -I/home/administrator/walletbuilders/build_environment/litecoin/0.16.3/depends/x86_64-w64-linux/share/../include/  -DHAVE_BUILD_INFO -D__STDC_FORMAT_MACROS conftest.cpp >&5
configure:23709: $? = 0
configure:23752: result: default
configure:23775: checking for main in -ldb_cxx-4.8
configure:23794: g++ -m64 -std=c++11 -o conftest -pipe -O2  -I/home/administrator/walletbuilders/build_environment/litecoin/0.16.3/depends/x86_64-w64-linux/share/../include/  -DHAVE_BUILD_INFO -D__STDC_FORMAT_MACROS -L/home/administrator/walletbuilders/build_environment/litecoin/0.16.3/depends/x86_64-w64-linux/share/../lib  conftest.cpp -ldb_cxx-4.8   >&5
configure:23794: $? = 0
configure:23804: result: yes
configure:23826: checking miniupnpc/miniwget.h usability
configure:23826: g++ -m64 -std=c++11 -c -pipe -O2  -I/home/administrator/walletbuilders/build_environment/litecoin/0.16.3/depends/x86_64-w64-linux/share/../include/  -DHAVE_BUILD_INFO -D__STDC_FORMAT_MACROS conftest.cpp >&5
configure:23826: $? = 0
configure:23826: result: yes
configure:23826: checking miniupnpc/miniwget.h presence
configure:23826: g++ -m64 -std=c++11 -E -I/home/administrator/walletbuilders/build_environment/litecoin/0.16.3/depends/x86_64-w64-linux/share/../include/  -DHAVE_BUILD_INFO -D__STDC_FORMAT_MACROS conftest.cpp
configure:23826: $? = 0
configure:23826: result: yes
configure:23826: checking for miniupnpc/miniwget.h
configure:23826: result: yes
configure:23831: checking for main in -lminiupnpc
configure:23850: g++ -m64 -std=c++11 -o conftest -pipe -O2  -I/home/administrator/walletbuilders/build_environment/litecoin/0.16.3/depends/x86_64-w64-linux/share/../include/  -DHAVE_BUILD_INFO -D__STDC_FORMAT_MACROS -L/home/administrator/walletbuilders/build_environment/litecoin/0.16.3/depends/x86_64-w64-linux/share/../lib  conftest.cpp -lminiupnpc   >&5
configure:23850: $? = 0
configure:23859: result: yes
configure:23826: checking miniupnpc/miniupnpc.h usability
configure:23826: g++ -m64 -std=c++11 -c -pipe -O2  -I/home/administrator/walletbuilders/build_environment/litecoin/0.16.3/depends/x86_64-w64-linux/share/../include/  -DHAVE_BUILD_INFO -D__STDC_FORMAT_MACROS conftest.cpp >&5
configure:23826: $? = 0
configure:23826: result: yes
configure:23826: checking miniupnpc/miniupnpc.h presence
configure:23826: g++ -m64 -std=c++11 -E -I/home/administrator/walletbuilders/build_environment/litecoin/0.16.3/depends/x86_64-w64-linux/share/../include/  -DHAVE_BUILD_INFO -D__STDC_FORMAT_MACROS conftest.cpp
configure:23826: $? = 0
configure:23826: result: yes
configure:23826: checking for miniupnpc/miniupnpc.h
configure:23826: result: yes
configure:23831: checking for main in -lminiupnpc
configure:23859: result: yes
configure:23826: checking miniupnpc/upnpcommands.h usability
configure:23826: g++ -m64 -std=c++11 -c -pipe -O2  -I/home/administrator/walletbuilders/build_environment/litecoin/0.16.3/depends/x86_64-w64-linux/share/../include/  -DHAVE_BUILD_INFO -D__STDC_FORMAT_MACROS conftest.cpp >&5
configure:23826: $? = 0
configure:23826: result: yes
configure:23826: checking miniupnpc/upnpcommands.h presence
configure:23826: g++ -m64 -std=c++11 -E -I/home/administrator/walletbuilders/build_environment/litecoin/0.16.3/depends/x86_64-w64-linux/share/../include/  -DHAVE_BUILD_INFO -D__STDC_FORMAT_MACROS conftest.cpp
configure:23826: $? = 0
configure:23826: result: yes
configure:23826: checking for miniupnpc/upnpcommands.h
configure:23826: result: yes
configure:23831: checking for main in -lminiupnpc
configure:23859: result: yes
configure:23826: checking miniupnpc/upnperrors.h usability
configure:23826: g++ -m64 -std=c++11 -c -pipe -O2  -I/home/administrator/walletbuilders/build_environment/litecoin/0.16.3/depends/x86_64-w64-linux/share/../include/  -DHAVE_BUILD_INFO -D__STDC_FORMAT_MACROS conftest.cpp >&5
configure:23826: $? = 0
configure:23826: result: yes
configure:23826: checking miniupnpc/upnperrors.h presence
configure:23826: g++ -m64 -std=c++11 -E -I/home/administrator/walletbuilders/build_environment/litecoin/0.16.3/depends/x86_64-w64-linux/share/../include/  -DHAVE_BUILD_INFO -D__STDC_FORMAT_MACROS conftest.cpp
configure:23826: $? = 0
configure:23826: result: yes
configure:23826: checking for miniupnpc/upnperrors.h
configure:23826: result: yes
configure:23831: checking for main in -lminiupnpc
configure:23859: result: yes
configure:23969: checking for QT5
configure:23976: $PKG_CONFIG --exists --print-errors "$qt5_modules"
configure:23979: $? = 0
configure:23993: $PKG_CONFIG --exists --print-errors "$qt5_modules"
configure:23996: $? = 0
configure:24034: result: yes
configure:24286: checking for QT_TEST
configure:24293: $PKG_CONFIG --exists --print-errors "${QT_LIB_PREFIX}Test"
configure:24296: $? = 0
configure:24310: $PKG_CONFIG --exists --print-errors "${QT_LIB_PREFIX}Test"
configure:24313: $? = 0
configure:24351: result: yes
configure:24358: checking for QT_DBUS
configure:24365: $PKG_CONFIG --exists --print-errors "${QT_LIB_PREFIX}DBus"
configure:24368: $? = 0
configure:24382: $PKG_CONFIG --exists --print-errors "${QT_LIB_PREFIX}DBus"
configure:24385: $? = 0
configure:24423: result: yes
configure:25392: checking for static Qt
configure:25418: g++ -m64 -std=c++11 -c -fPIC -pipe -O2  -I/home/administrator/walletbuilders/build_environment/litecoin/0.16.3/depends/x86_64-w64-linux/include/QtNetwork -I/home/administrator/walletbuilders/build_environment/litecoin/0.16.3/depends/x86_64-w64-linux/include/QtWidgets -I/home/administrator/walletbuilders/build_environment/litecoin/0.16.3/depends/x86_64-w64-linux/include/QtGui -I/home/administrator/walletbuilders/build_environment/litecoin/0.16.3/depends/x86_64-w64-linux/include/QtCore -I/home/administrator/walletbuilders/build_environment/litecoin/0.16.3/depends/x86_64-w64-linux/share/../include/  -DHAVE_BUILD_INFO -D__STDC_FORMAT_MACROS conftest.cpp >&5
configure:25418: $? = 0
configure:25426: result: yes
configure:25447: checking for QTPLATFORM
configure:25454: $PKG_CONFIG --exists --print-errors "Qt5PlatformSupport"
configure:25457: $? = 0
configure:25471: $PKG_CONFIG --exists --print-errors "Qt5PlatformSupport"
configure:25474: $? = 0
configure:25532: result: yes
configure:25539: checking for X11XCB
configure:25546: $PKG_CONFIG --exists --print-errors "x11-xcb"
configure:25549: $? = 0
configure:25563: $PKG_CONFIG --exists --print-errors "x11-xcb"
configure:25566: $? = 0
configure:25624: result: yes
configure:25631: checking for QTXCBQPA
configure:25638: $PKG_CONFIG --exists --print-errors "Qt5XcbQpa"
configure:25641: $? = 0
configure:25655: $PKG_CONFIG --exists --print-errors "Qt5XcbQpa"
configure:25658: $? = 0
configure:25716: result: yes
configure:25929: checking for Qt < 5.4
configure:25955: g++ -m64 -std=c++11 -c -fPIC -pipe -O2  -I/home/administrator/walletbuilders/build_environment/litecoin/0.16.3/depends/x86_64-w64-linux/include/QtNetwork -I/home/administrator/walletbuilders/build_environment/litecoin/0.16.3/depends/x86_64-w64-linux/include/QtWidgets -I/home/administrator/walletbuilders/build_environment/litecoin/0.16.3/depends/x86_64-w64-linux/include/QtGui -I/home/administrator/walletbuilders/build_environment/litecoin/0.16.3/depends/x86_64-w64-linux/include/QtCore -I/home/administrator/walletbuilders/build_environment/litecoin/0.16.3/depends/x86_64-w64-linux/share/../include/  -DHAVE_BUILD_INFO -D__STDC_FORMAT_MACROS conftest.cpp >&5
conftest.cpp: In function 'int main()':
conftest.cpp:85:13: error: 'choke' was not declared in this scope
             choke
             ^~~~~
configure:25955: $? = 1
configure: failed program was:
| /* confdefs.h */
| #define PACKAGE_NAME "RoseCoin Core"
| #define PACKAGE_TARNAME "rosecoin"
| #define PACKAGE_VERSION "1.0.0"
| #define PACKAGE_STRING "RoseCoin Core 1.0.0"
| #define PACKAGE_BUGREPORT "https://github.com/rosecoin-project/rosecoin/issues"
| #define PACKAGE_URL "https://rosecoin.org/"
| #define HAVE_CXX11 1
| #define STDC_HEADERS 1
| #define HAVE_SYS_TYPES_H 1
| #define HAVE_SYS_STAT_H 1
| #define HAVE_STDLIB_H 1
| #define HAVE_STRING_H 1
| #define HAVE_MEMORY_H 1
| #define HAVE_STRINGS_H 1
| #define HAVE_INTTYPES_H 1
| #define HAVE_STDINT_H 1
| #define HAVE_UNISTD_H 1
| #define HAVE_DLFCN_H 1
| #define LT_OBJDIR ".libs/"
| #define USE_ASM 1
| #define HAVE_PTHREAD_PRIO_INHERIT 1
| #define HAVE_PTHREAD 1
| #define HAVE_DECL_STRERROR_R 1
| #define HAVE_STRERROR_R 1
| #define STRERROR_R_CHAR_P 1
| #define HAVE_FUNC_ATTRIBUTE_VISIBILITY 1
| #define HAVE_ENDIAN_H 1
| #define HAVE_BYTESWAP_H 1
| #define HAVE_STDIO_H 1
| #define HAVE_STDLIB_H 1
| #define HAVE_UNISTD_H 1
| #define HAVE_STRINGS_H 1
| #define HAVE_SYS_TYPES_H 1
| #define HAVE_SYS_STAT_H 1
| #define HAVE_SYS_SELECT_H 1
| #define HAVE_SYS_PRCTL_H 1
| #define HAVE_DECL_STRNLEN 1
| #define HAVE_DECL_DAEMON 1
| #define HAVE_DECL_LE16TOH 1
| #define HAVE_DECL_LE32TOH 1
| #define HAVE_DECL_LE64TOH 1
| #define HAVE_DECL_HTOLE16 1
| #define HAVE_DECL_HTOLE32 1
| #define HAVE_DECL_HTOLE64 1
| #define HAVE_DECL_BE16TOH 1
| #define HAVE_DECL_BE32TOH 1
| #define HAVE_DECL_BE64TOH 1
| #define HAVE_DECL_HTOBE16 1
| #define HAVE_DECL_HTOBE32 1
| #define HAVE_DECL_HTOBE64 1
| #define HAVE_DECL_BSWAP_16 1
| #define HAVE_DECL_BSWAP_32 1
| #define HAVE_DECL_BSWAP_64 1
| #define HAVE_DECL___BUILTIN_CLZ 1
| #define HAVE_DECL___BUILTIN_CLZL 1
| #define HAVE_DECL___BUILTIN_CLZLL 1
| #define HAVE_MSG_NOSIGNAL 1
| #define HAVE_MSG_DONTWAIT 1
| #define HAVE_MALLOC_INFO 1
| #define HAVE_MALLOPT_ARENA_MAX 1
| #define HAVE_VISIBILITY_ATTRIBUTE 1
| #define HAVE_THREAD_LOCAL 1
| #define HAVE_SYS_GETRANDOM 1
| #define HAVE_GETENTROPY 1
| #define HAVE_GETENTROPY_RAND 1
| #define HAVE_MINIUPNPC_MINIWGET_H 1
| #define HAVE_MINIUPNPC_MINIUPNPC_H 1
| #define HAVE_MINIUPNPC_UPNPCOMMANDS_H 1
| #define HAVE_MINIUPNPC_UPNPERRORS_H 1
| #define QT_STATICPLUGIN 1
| #define QT_STATICPLUGIN 1
| /* end confdefs.h.  */
| 
|             #include <QtCore/qconfig.h>
|             #ifndef QT_VERSION
|             #  include <QtCore/qglobal.h>
|             #endif
| 
| int
| main ()
| {
| 
|             #if QT_VERSION >= 0x050400
|             choke
|             #endif
| 
|   ;
|   return 0;
| }
configure:25963: result: no
configure:26009: checking for static Qt plugins: -lqminimal
configure:26027: g++ -m64 -std=c++11 -o conftest -fPIC -pipe -O2  -I/home/administrator/walletbuilders/build_environment/litecoin/0.16.3/depends/x86_64-w64-linux/include/QtNetwork -I/home/administrator/walletbuilders/build_environment/litecoin/0.16.3/depends/x86_64-w64-linux/include/QtWidgets -I/home/administrator/walletbuilders/build_environment/litecoin/0.16.3/depends/x86_64-w64-linux/include/QtGui -I/home/administrator/walletbuilders/build_environment/litecoin/0.16.3/depends/x86_64-w64-linux/include/QtCore -I/home/administrator/walletbuilders/build_environment/litecoin/0.16.3/depends/x86_64-w64-linux/share/../include/  -DHAVE_BUILD_INFO -D__STDC_FORMAT_MACROS -L/home/administrator/walletbuilders/build_environment/litecoin/0.16.3/depends/x86_64-w64-linux/share/../lib  conftest.cpp -lqminimal -L/home/administrator/walletbuilders/build_environment/litecoin/0.16.3/depends/x86_64-w64-linux/lib -L//home/administrator/walletbuilders/build_environment/litecoin/0.16.3/depends/x86_64-w64-linux/lib -L/home/administrator/walletbuilders/build_environment/litecoin/0.16.3/depends/x86_64-w64-linux/lib -lQt5XcbQpa -lX11 -lX11-xcb -lxcb -lxcb-static -lQt5PlatformSupport -lQt5DBus -lfontconfig -lfreetype -lQt5Gui -lqtpng -lharfbuzz -lQt5Core -lz -lqtpcre -lm -ldl -lrt -lpthread -lfontconfig -lfreetype -lQt5PlatformSupport -lQt5Gui -lqtpng -lharfbuzz -lQt5DBus -lQt5Core -lz -lqtpcre -lm -ldl -lrt -lpthread -lfontconfig -lfreetype -lQt5Gui -lQt5Core -lz -lqtpcre -lm -ldl -lrt -lpthread -lqtpng -lharfbuzz -lz -lQt5Core -lpthread -lz -lqtpcre -lm -ldl -lrt -L/home/administrator/walletbuilders/build_environment/litecoin/0.16.3/depends/x86_64-w64-linux/lib -lX11-xcb -lX11 -lpthread -lxcb -lXau -L/home/administrator/walletbuilders/build_environment/litecoin/0.16.3/depends/x86_64-w64-linux/lib -lQt5PlatformSupport -lQt5Gui -lqtpng -lharfbuzz -lQt5DBus -lQt5Core -lz -lqtpcre -lm -ldl -lrt -lpthread -lfontconfig -lfreetype -lQt5Gui -lQt5Core -lz -lqtpcre -lm -ldl -lrt -lpthread -lqtpng -lharfbuzz -lz -lQt5Core -lpthread -lz -lqtpcre -lm -ldl -lrt -L/home/administrator/walletbuilders/build_environment/litecoin/0.16.3/depends/x86_64-w64-linux/lib -lQt5Network -lQt5Core -lz -lqtpcre -lm -ldl -lrt -lpthread -lz -lssl -lcrypto -lQt5Widgets -lQt5Gui -lqtpng -lharfbuzz -lQt5Core -lz -lqtpcre -lm -ldl -lrt -lpthread -lQt5Gui -lQt5Core -lz -lqtpcre -lm -ldl -lrt -lpthread -lqtpng -lharfbuzz -lz -lQt5Core -lpthread -lz -lqtpcre -lm -ldl -lrt -L/home/administrator/walletbuilders/build_environment/litecoin/0.16.3/depends/x86_64-w64-linux/share/../plugins/platforms  >&5
conftest.cpp:75:0: warning: "QT_STATICPLUGIN" redefined
     #define QT_STATICPLUGIN
 
conftest.cpp:72:0: note: this is the location of the previous definition
 #define QT_STATICPLUGIN 1
 
configure:26027: $? = 0
configure:26028: result: yes
configure:26099: checking for static Qt plugins: -lqxcb -lxcb-static
configure:26117: g++ -m64 -std=c++11 -o conftest -fPIC -pipe -O2  -I/home/administrator/walletbuilders/build_environment/litecoin/0.16.3/depends/x86_64-w64-linux/include/QtNetwork -I/home/administrator/walletbuilders/build_environment/litecoin/0.16.3/depends/x86_64-w64-linux/include/QtWidgets -I/home/administrator/walletbuilders/build_environment/litecoin/0.16.3/depends/x86_64-w64-linux/include/QtGui -I/home/administrator/walletbuilders/build_environment/litecoin/0.16.3/depends/x86_64-w64-linux/include/QtCore -I/home/administrator/walletbuilders/build_environment/litecoin/0.16.3/depends/x86_64-w64-linux/share/../include/  -DHAVE_BUILD_INFO -D__STDC_FORMAT_MACROS -L/home/administrator/walletbuilders/build_environment/litecoin/0.16.3/depends/x86_64-w64-linux/share/../lib  conftest.cpp -lqxcb -lxcb-static -lqminimal -L/home/administrator/walletbuilders/build_environment/litecoin/0.16.3/depends/x86_64-w64-linux/lib -L//home/administrator/walletbuilders/build_environment/litecoin/0.16.3/depends/x86_64-w64-linux/lib -L/home/administrator/walletbuilders/build_environment/litecoin/0.16.3/depends/x86_64-w64-linux/lib -lQt5XcbQpa -lX11 -lX11-xcb -lxcb -lxcb-static -lQt5PlatformSupport -lQt5DBus -lfontconfig -lfreetype -lQt5Gui -lqtpng -lharfbuzz -lQt5Core -lz -lqtpcre -lm -ldl -lrt -lpthread -lfontconfig -lfreetype -lQt5PlatformSupport -lQt5Gui -lqtpng -lharfbuzz -lQt5DBus -lQt5Core -lz -lqtpcre -lm -ldl -lrt -lpthread -lfontconfig -lfreetype -lQt5Gui -lQt5Core -lz -lqtpcre -lm -ldl -lrt -lpthread -lqtpng -lharfbuzz -lz -lQt5Core -lpthread -lz -lqtpcre -lm -ldl -lrt -L/home/administrator/walletbuilders/build_environment/litecoin/0.16.3/depends/x86_64-w64-linux/lib -lX11-xcb -lX11 -lpthread -lxcb -lXau -L/home/administrator/walletbuilders/build_environment/litecoin/0.16.3/depends/x86_64-w64-linux/lib -lQt5PlatformSupport -lQt5Gui -lqtpng -lharfbuzz -lQt5DBus -lQt5Core -lz -lqtpcre -lm -ldl -lrt -lpthread -lfontconfig -lfreetype -lQt5Gui -lQt5Core -lz -lqtpcre -lm -ldl -lrt -lpthread -lqtpng -lharfbuzz -lz -lQt5Core -lpthread -lz -lqtpcre -lm -ldl -lrt -L/home/administrator/walletbuilders/build_environment/litecoin/0.16.3/depends/x86_64-w64-linux/lib -lQt5Network -lQt5Core -lz -lqtpcre -lm -ldl -lrt -lpthread -lz -lssl -lcrypto -lQt5Widgets -lQt5Gui -lqtpng -lharfbuzz -lQt5Core -lz -lqtpcre -lm -ldl -lrt -lpthread -lQt5Gui -lQt5Core -lz -lqtpcre -lm -ldl -lrt -lpthread -lqtpng -lharfbuzz -lz -lQt5Core -lpthread -lz -lqtpcre -lm -ldl -lrt -L/home/administrator/walletbuilders/build_environment/litecoin/0.16.3/depends/x86_64-w64-linux/share/../plugins/platforms  >&5
conftest.cpp:76:0: warning: "QT_STATICPLUGIN" redefined
     #define QT_STATICPLUGIN
 
conftest.cpp:72:0: note: this is the location of the previous definition
 #define QT_STATICPLUGIN 1
 
configure:26117: $? = 0
configure:26118: result: yes
configure:26298: checking whether -fPIE can be used with this Qt config
configure:26324: g++ -m64 -std=c++11 -c -fPIE -pipe -O2  -I/home/administrator/walletbuilders/build_environment/litecoin/0.16.3/depends/x86_64-w64-linux/include/QtNetwork -I/home/administrator/walletbuilders/build_environment/litecoin/0.16.3/depends/x86_64-w64-linux/include/QtWidgets -I/home/administrator/walletbuilders/build_environment/litecoin/0.16.3/depends/x86_64-w64-linux/include/QtGui -I/home/administrator/walletbuilders/build_environment/litecoin/0.16.3/depends/x86_64-w64-linux/include/QtCore -I/home/administrator/walletbuilders/build_environment/litecoin/0.16.3/depends/x86_64-w64-linux/share/../include/  -DHAVE_BUILD_INFO -D__STDC_FORMAT_MACROS conftest.cpp >&5
configure:26324: $? = 0
configure:26325: result: yes
configure:26398: checking for moc-qt5
configure:26431: result: no
configure:26398: checking for moc5
configure:26431: result: no
configure:26398: checking for moc
configure:26416: found /home/administrator/walletbuilders/build_environment/litecoin/0.16.3/depends/x86_64-w64-linux/share/../native/bin/moc
configure:26428: result: /home/administrator/walletbuilders/build_environment/litecoin/0.16.3/depends/x86_64-w64-linux/share/../native/bin/moc
configure:26517: checking for uic-qt5
configure:26550: result: no
configure:26517: checking for uic5
configure:26550: result: no
configure:26517: checking for uic
configure:26535: found /home/administrator/walletbuilders/build_environment/litecoin/0.16.3/depends/x86_64-w64-linux/share/../native/bin/uic
configure:26547: result: /home/administrator/walletbuilders/build_environment/litecoin/0.16.3/depends/x86_64-w64-linux/share/../native/bin/uic
configure:26636: checking for rcc-qt5
configure:26669: result: no
configure:26636: checking for rcc5
configure:26669: result: no
configure:26636: checking for rcc
configure:26654: found /home/administrator/walletbuilders/build_environment/litecoin/0.16.3/depends/x86_64-w64-linux/share/../native/bin/rcc
configure:26666: result: /home/administrator/walletbuilders/build_environment/litecoin/0.16.3/depends/x86_64-w64-linux/share/../native/bin/rcc
configure:26755: checking for lrelease-qt5
configure:26788: result: no
configure:26755: checking for lrelease5
configure:26788: result: no
configure:26755: checking for lrelease
configure:26773: found /home/administrator/walletbuilders/build_environment/litecoin/0.16.3/depends/x86_64-w64-linux/share/../native/bin/lrelease
configure:26785: result: /home/administrator/walletbuilders/build_environment/litecoin/0.16.3/depends/x86_64-w64-linux/share/../native/bin/lrelease
configure:26874: checking for lupdate-qt5
configure:26907: result: no
configure:26874: checking for lupdate5
configure:26907: result: no
configure:26874: checking for lupdate
configure:26907: result: no
configure:27089: checking whether to build RoseCoin Core GUI
configure:27108: WARNING: lupdate is required to update qt translations
configure:27119: result: yes (Qt5)
configure:27193: checking for boostlib >= 1.47.0
configure:27278: g++ -m64 -std=c++11 -c -pipe -O2  -I/home/administrator/walletbuilders/build_environment/litecoin/0.16.3/depends/x86_64-w64-linux/share/../include/  -DHAVE_BUILD_INFO -D__STDC_FORMAT_MACROS -I/home/administrator/walletbuilders/build_environment/litecoin/0.16.3/depends/x86_64-w64-linux/share/../include conftest.cpp >&5
configure:27278: $? = 0
configure:27280: result: yes
configure:27470: checking whether the Boost::System library is available
configure:27495: g++ -m64 -std=c++11 -c  -I/home/administrator/walletbuilders/build_environment/litecoin/0.16.3/depends/x86_64-w64-linux/share/../include/  -DHAVE_BUILD_INFO -D__STDC_FORMAT_MACROS -I/home/administrator/walletbuilders/build_environment/litecoin/0.16.3/depends/x86_64-w64-linux/share/../include conftest.cpp >&5
configure:27495: $? = 0
configure:27510: result: yes
configure:27526: checking for exit in -lboost_system-mt
configure:27551: g++ -m64 -std=c++11 -o conftest -pipe -O2  -I/home/administrator/walletbuilders/build_environment/litecoin/0.16.3/depends/x86_64-w64-linux/share/../include/  -DHAVE_BUILD_INFO -D__STDC_FORMAT_MACROS -I/home/administrator/walletbuilders/build_environment/litecoin/0.16.3/depends/x86_64-w64-linux/share/../include -L/home/administrator/walletbuilders/build_environment/litecoin/0.16.3/depends/x86_64-w64-linux/share/../lib  -L/home/administrator/walletbuilders/build_environment/litecoin/0.16.3/depends/x86_64-w64-linux/share/../lib conftest.cpp -lboost_system-mt   >&5
conftest.cpp:85:6: warning: declaration of 'char exit()' conflicts with built-in declaration 'void exit(int)' [-Wbuiltin-declaration-mismatch]
 char exit ();
      ^~~~
configure:27551: $? = 0
configure:27561: result: yes
configure:27716: checking whether the Boost::Filesystem library is available
configure:27740: g++ -m64 -std=c++11 -c -pipe -O2  -I/home/administrator/walletbuilders/build_environment/litecoin/0.16.3/depends/x86_64-w64-linux/share/../include/  -DHAVE_BUILD_INFO -D__STDC_FORMAT_MACROS -I/home/administrator/walletbuilders/build_environment/litecoin/0.16.3/depends/x86_64-w64-linux/share/../include conftest.cpp >&5
configure:27740: $? = 0
configure:27754: result: yes
configure:27766: checking for exit in -lboost_filesystem-mt
configure:27791: g++ -m64 -std=c++11 -o conftest -pipe -O2  -I/home/administrator/walletbuilders/build_environment/litecoin/0.16.3/depends/x86_64-w64-linux/share/../include/  -DHAVE_BUILD_INFO -D__STDC_FORMAT_MACROS -I/home/administrator/walletbuilders/build_environment/litecoin/0.16.3/depends/x86_64-w64-linux/share/../include -L/home/administrator/walletbuilders/build_environment/litecoin/0.16.3/depends/x86_64-w64-linux/share/../lib  -L/home/administrator/walletbuilders/build_environment/litecoin/0.16.3/depends/x86_64-w64-linux/share/../lib conftest.cpp -lboost_filesystem-mt   -lboost_system-mt >&5
conftest.cpp:86:6: warning: declaration of 'char exit()' conflicts with built-in declaration 'void exit(int)' [-Wbuiltin-declaration-mismatch]
 char exit ();
      ^~~~
configure:27791: $? = 0
configure:27801: result: yes
configure:27951: checking whether the Boost::Program_Options library is available
configure:27975: g++ -m64 -std=c++11 -c -pipe -O2  -I/home/administrator/walletbuilders/build_environment/litecoin/0.16.3/depends/x86_64-w64-linux/share/../include/  -DHAVE_BUILD_INFO -D__STDC_FORMAT_MACROS -I/home/administrator/walletbuilders/build_environment/litecoin/0.16.3/depends/x86_64-w64-linux/share/../include conftest.cpp >&5
configure:27975: $? = 0
configure:27989: result: yes
configure:28000: checking for exit in -lboost_program_options-mt
configure:28025: g++ -m64 -std=c++11 -o conftest -pipe -O2  -I/home/administrator/walletbuilders/build_environment/litecoin/0.16.3/depends/x86_64-w64-linux/share/../include/  -DHAVE_BUILD_INFO -D__STDC_FORMAT_MACROS -I/home/administrator/walletbuilders/build_environment/litecoin/0.16.3/depends/x86_64-w64-linux/share/../include -L/home/administrator/walletbuilders/build_environment/litecoin/0.16.3/depends/x86_64-w64-linux/share/../lib  -L/home/administrator/walletbuilders/build_environment/litecoin/0.16.3/depends/x86_64-w64-linux/share/../lib conftest.cpp -lboost_program_options-mt   >&5
conftest.cpp:87:6: warning: declaration of 'char exit()' conflicts with built-in declaration 'void exit(int)' [-Wbuiltin-declaration-mismatch]
 char exit ();
      ^~~~
configure:28025: $? = 0
configure:28035: result: yes
configure:28178: checking whether the Boost::Thread library is available
configure:28210: g++ -m64 -std=c++11 -c -pthread -pipe -O2  -I/home/administrator/walletbuilders/build_environment/litecoin/0.16.3/depends/x86_64-w64-linux/share/../include/  -DHAVE_BUILD_INFO -D__STDC_FORMAT_MACROS -I/home/administrator/walletbuilders/build_environment/litecoin/0.16.3/depends/x86_64-w64-linux/share/../include conftest.cpp >&5
configure:28210: $? = 0
configure:28225: result: yes
configure:28255: checking for exit in -lboost_thread-mt
configure:28280: g++ -m64 -std=c++11 -o conftest -pipe -O2  -I/home/administrator/walletbuilders/build_environment/litecoin/0.16.3/depends/x86_64-w64-linux/share/../include/  -DHAVE_BUILD_INFO -D__STDC_FORMAT_MACROS -I/home/administrator/walletbuilders/build_environment/litecoin/0.16.3/depends/x86_64-w64-linux/share/../include -L/home/administrator/walletbuilders/build_environment/litecoin/0.16.3/depends/x86_64-w64-linux/share/../lib  -L/home/administrator/walletbuilders/build_environment/litecoin/0.16.3/depends/x86_64-w64-linux/share/../lib conftest.cpp -lboost_thread-mt   >&5
conftest.cpp:88:6: warning: declaration of 'char exit()' conflicts with built-in declaration 'void exit(int)' [-Wbuiltin-declaration-mismatch]
 char exit ();
      ^~~~
configure:28280: $? = 0
configure:28290: result: yes
configure:28450: checking whether the Boost::Chrono library is available
configure:28474: g++ -m64 -std=c++11 -c -pipe -O2  -I/home/administrator/walletbuilders/build_environment/litecoin/0.16.3/depends/x86_64-w64-linux/share/../include/  -DHAVE_BUILD_INFO -D__STDC_FORMAT_MACROS -pthread -I/home/administrator/walletbuilders/build_environment/litecoin/0.16.3/depends/x86_64-w64-linux/share/../include conftest.cpp >&5
configure:28474: $? = 0
configure:28489: result: yes
configure:28505: checking for exit in -lboost_chrono-mt
configure:28530: g++ -m64 -std=c++11 -o conftest -pipe -O2  -I/home/administrator/walletbuilders/build_environment/litecoin/0.16.3/depends/x86_64-w64-linux/share/../include/  -DHAVE_BUILD_INFO -D__STDC_FORMAT_MACROS -pthread -I/home/administrator/walletbuilders/build_environment/litecoin/0.16.3/depends/x86_64-w64-linux/share/../include -L/home/administrator/walletbuilders/build_environment/litecoin/0.16.3/depends/x86_64-w64-linux/share/../lib  -L/home/administrator/walletbuilders/build_environment/litecoin/0.16.3/depends/x86_64-w64-linux/share/../lib conftest.cpp -lboost_chrono-mt   >&5
conftest.cpp:89:6: warning: declaration of 'char exit()' conflicts with built-in declaration 'void exit(int)' [-Wbuiltin-declaration-mismatch]
 char exit ();
      ^~~~
configure:28530: $? = 0
configure:28540: result: yes
configure:28973: checking for mismatched boost c++11 scoped enums
configure:29001: g++ -m64 -std=c++11 -o conftest -pipe -O2  -I/home/administrator/walletbuilders/build_environment/litecoin/0.16.3/depends/x86_64-w64-linux/share/../include/  -DHAVE_BUILD_INFO -D__STDC_FORMAT_MACROS -DBOOST_SP_USE_STD_ATOMIC -DBOOST_AC_USE_STD_ATOMIC -pthread -I/home/administrator/walletbuilders/build_environment/litecoin/0.16.3/depends/x86_64-w64-linux/share/../include -L/home/administrator/walletbuilders/build_environment/litecoin/0.16.3/depends/x86_64-w64-linux/share/../lib  conftest.cpp -L/home/administrator/walletbuilders/build_environment/litecoin/0.16.3/depends/x86_64-w64-linux/share/../lib -lboost_system-mt -lboost_filesystem-mt -lboost_program_options-mt -lboost_thread-mt -lboost_chrono-mt  >&5
conftest.cpp: In function 'int main()':
conftest.cpp:99:5: error: 'choke' was not declared in this scope
     choke;
     ^~~~~
conftest.cpp:99:5: note: suggested alternative: 'clone'
     choke;
     ^~~~~
     clone
configure:29001: $? = 1
configure: failed program was:
| /* confdefs.h */
| #define PACKAGE_NAME "RoseCoin Core"
| #define PACKAGE_TARNAME "rosecoin"
| #define PACKAGE_VERSION "1.0.0"
| #define PACKAGE_STRING "RoseCoin Core 1.0.0"
| #define PACKAGE_BUGREPORT "https://github.com/rosecoin-project/rosecoin/issues"
| #define PACKAGE_URL "https://rosecoin.org/"
| #define HAVE_CXX11 1
| #define STDC_HEADERS 1
| #define HAVE_SYS_TYPES_H 1
| #define HAVE_SYS_STAT_H 1
| #define HAVE_STDLIB_H 1
| #define HAVE_STRING_H 1
| #define HAVE_MEMORY_H 1
| #define HAVE_STRINGS_H 1
| #define HAVE_INTTYPES_H 1
| #define HAVE_STDINT_H 1
| #define HAVE_UNISTD_H 1
| #define HAVE_DLFCN_H 1
| #define LT_OBJDIR ".libs/"
| #define USE_ASM 1
| #define HAVE_PTHREAD_PRIO_INHERIT 1
| #define HAVE_PTHREAD 1
| #define HAVE_DECL_STRERROR_R 1
| #define HAVE_STRERROR_R 1
| #define STRERROR_R_CHAR_P 1
| #define HAVE_FUNC_ATTRIBUTE_VISIBILITY 1
| #define HAVE_ENDIAN_H 1
| #define HAVE_BYTESWAP_H 1
| #define HAVE_STDIO_H 1
| #define HAVE_STDLIB_H 1
| #define HAVE_UNISTD_H 1
| #define HAVE_STRINGS_H 1
| #define HAVE_SYS_TYPES_H 1
| #define HAVE_SYS_STAT_H 1
| #define HAVE_SYS_SELECT_H 1
| #define HAVE_SYS_PRCTL_H 1
| #define HAVE_DECL_STRNLEN 1
| #define HAVE_DECL_DAEMON 1
| #define HAVE_DECL_LE16TOH 1
| #define HAVE_DECL_LE32TOH 1
| #define HAVE_DECL_LE64TOH 1
| #define HAVE_DECL_HTOLE16 1
| #define HAVE_DECL_HTOLE32 1
| #define HAVE_DECL_HTOLE64 1
| #define HAVE_DECL_BE16TOH 1
| #define HAVE_DECL_BE32TOH 1
| #define HAVE_DECL_BE64TOH 1
| #define HAVE_DECL_HTOBE16 1
| #define HAVE_DECL_HTOBE32 1
| #define HAVE_DECL_HTOBE64 1
| #define HAVE_DECL_BSWAP_16 1
| #define HAVE_DECL_BSWAP_32 1
| #define HAVE_DECL_BSWAP_64 1
| #define HAVE_DECL___BUILTIN_CLZ 1
| #define HAVE_DECL___BUILTIN_CLZL 1
| #define HAVE_DECL___BUILTIN_CLZLL 1
| #define HAVE_MSG_NOSIGNAL 1
| #define HAVE_MSG_DONTWAIT 1
| #define HAVE_MALLOC_INFO 1
| #define HAVE_MALLOPT_ARENA_MAX 1
| #define HAVE_VISIBILITY_ATTRIBUTE 1
| #define HAVE_THREAD_LOCAL 1
| #define HAVE_SYS_GETRANDOM 1
| #define HAVE_GETENTROPY 1
| #define HAVE_GETENTROPY_RAND 1
| #define HAVE_MINIUPNPC_MINIWGET_H 1
| #define HAVE_MINIUPNPC_MINIUPNPC_H 1
| #define HAVE_MINIUPNPC_UPNPCOMMANDS_H 1
| #define HAVE_MINIUPNPC_UPNPERRORS_H 1
| #define QT_STATICPLUGIN 1
| #define QT_STATICPLUGIN 1
| #define QT_QPA_PLATFORM_MINIMAL 1
| #define QT_QPA_PLATFORM_XCB 1
| #define HAVE_BOOST /**/
| #define HAVE_BOOST_SYSTEM /**/
| #define HAVE_BOOST_FILESYSTEM /**/
| #define HAVE_BOOST_PROGRAM_OPTIONS /**/
| #define HAVE_BOOST_THREAD /**/
| #define HAVE_BOOST_CHRONO /**/
| /* end confdefs.h.  */
| 
|   #include <boost/config.hpp>
|   #include <boost/version.hpp>
|   #if !defined(BOOST_NO_SCOPED_ENUMS) && !defined(BOOST_NO_CXX11_SCOPED_ENUMS) && BOOST_VERSION < 105700
|   #define BOOST_NO_SCOPED_ENUMS
|   #define BOOST_NO_CXX11_SCOPED_ENUMS
|   #define CHECK
|   #endif
|   #include <boost/filesystem.hpp>
| 
| int
| main ()
| {
| 
|   #if defined(CHECK)
|     boost::filesystem::copy_file("foo", "bar");
|   #else
|     choke;
|   #endif
| 
|   ;
|   return 0;
| }
configure:29005: result: ok
configure:29037: g++ -m64 -std=c++11 -o conftest -pipe -O2  -I/home/administrator/walletbuilders/build_environment/litecoin/0.16.3/depends/x86_64-w64-linux/share/../include/  -DHAVE_BUILD_INFO -D__STDC_FORMAT_MACROS -DBOOST_SP_USE_STD_ATOMIC -DBOOST_AC_USE_STD_ATOMIC -pthread -I/home/administrator/walletbuilders/build_environment/litecoin/0.16.3/depends/x86_64-w64-linux/share/../include -L/home/administrator/walletbuilders/build_environment/litecoin/0.16.3/depends/x86_64-w64-linux/share/../lib  conftest.cpp -L/home/administrator/walletbuilders/build_environment/litecoin/0.16.3/depends/x86_64-w64-linux/share/../lib -lboost_system-mt -lboost_filesystem-mt -lboost_program_options-mt -lboost_thread-mt -lboost_chrono-mt  >&5
configure:29037: $? = 0
configure:29099: checking for SSL
configure:29106: $PKG_CONFIG --exists --print-errors "libssl"
configure:29109: $? = 0
configure:29123: $PKG_CONFIG --exists --print-errors "libssl"
configure:29126: $? = 0
configure:29164: result: yes
configure:29170: checking for CRYPTO
configure:29177: $PKG_CONFIG --exists --print-errors "libcrypto"
configure:29180: $? = 0
configure:29194: $PKG_CONFIG --exists --print-errors "libcrypto"
configure:29197: $? = 0
configure:29235: result: yes
configure:29244: checking for PROTOBUF
configure:29251: $PKG_CONFIG --exists --print-errors "protobuf"
configure:29254: $? = 0
configure:29268: $PKG_CONFIG --exists --print-errors "protobuf"
configure:29271: $? = 0
configure:29331: result: yes
configure:29346: checking for QR
configure:29353: $PKG_CONFIG --exists --print-errors "libqrencode"
configure:29356: $? = 0
configure:29370: $PKG_CONFIG --exists --print-errors "libqrencode"
configure:29373: $? = 0
configure:29411: result: yes
configure:29424: checking for EVENT
configure:29431: $PKG_CONFIG --exists --print-errors "libevent"
configure:29434: $? = 0
configure:29448: $PKG_CONFIG --exists --print-errors "libevent"
configure:29451: $? = 0
configure:29489: result: yes
configure:29496: checking for EVENT_PTHREADS
configure:29503: $PKG_CONFIG --exists --print-errors "libevent_pthreads"
configure:29506: $? = 0
configure:29520: $PKG_CONFIG --exists --print-errors "libevent_pthreads"
configure:29523: $? = 0
configure:29561: result: yes
configure:29571: checking for ZMQ
configure:29578: $PKG_CONFIG --exists --print-errors "libzmq >= 4"
configure:29581: $? = 0
configure:29595: $PKG_CONFIG --exists --print-errors "libzmq >= 4"
configure:29598: $? = 0
configure:29646: result: yes
configure:30039: checking whether EVP_MD_CTX_new is declared
configure:30039: g++ -m64 -std=c++11 -c -pipe -O2  -I/home/administrator/walletbuilders/build_environment/litecoin/0.16.3/depends/x86_64-w64-linux/include -I/home/administrator/walletbuilders/build_environment/litecoin/0.16.3/depends/x86_64-w64-linux/include -I/home/administrator/walletbuilders/build_environment/litecoin/0.16.3/depends/x86_64-w64-linux/share/../include/  -DHAVE_BUILD_INFO -D__STDC_FORMAT_MACROS conftest.cpp >&5
conftest.cpp: In function 'int main()':
conftest.cpp:125:10: error: 'EVP_MD_CTX_new' was not declared in this scope
   (void) EVP_MD_CTX_new;
          ^~~~~~~~~~~~~~
conftest.cpp:125:10: note: suggested alternative: 'EVP_MD_CTX_init'
   (void) EVP_MD_CTX_new;
          ^~~~~~~~~~~~~~
          EVP_MD_CTX_init
configure:30039: $? = 1
configure: failed program was:
| /* confdefs.h */
| #define PACKAGE_NAME "RoseCoin Core"
| #define PACKAGE_TARNAME "rosecoin"
| #define PACKAGE_VERSION "1.0.0"
| #define PACKAGE_STRING "RoseCoin Core 1.0.0"
| #define PACKAGE_BUGREPORT "https://github.com/rosecoin-project/rosecoin/issues"
| #define PACKAGE_URL "https://rosecoin.org/"
| #define HAVE_CXX11 1
| #define STDC_HEADERS 1
| #define HAVE_SYS_TYPES_H 1
| #define HAVE_SYS_STAT_H 1
| #define HAVE_STDLIB_H 1
| #define HAVE_STRING_H 1
| #define HAVE_MEMORY_H 1
| #define HAVE_STRINGS_H 1
| #define HAVE_INTTYPES_H 1
| #define HAVE_STDINT_H 1
| #define HAVE_UNISTD_H 1
| #define HAVE_DLFCN_H 1
| #define LT_OBJDIR ".libs/"
| #define USE_ASM 1
| #define HAVE_PTHREAD_PRIO_INHERIT 1
| #define HAVE_PTHREAD 1
| #define HAVE_DECL_STRERROR_R 1
| #define HAVE_STRERROR_R 1
| #define STRERROR_R_CHAR_P 1
| #define HAVE_FUNC_ATTRIBUTE_VISIBILITY 1
| #define HAVE_ENDIAN_H 1
| #define HAVE_BYTESWAP_H 1
| #define HAVE_STDIO_H 1
| #define HAVE_STDLIB_H 1
| #define HAVE_UNISTD_H 1
| #define HAVE_STRINGS_H 1
| #define HAVE_SYS_TYPES_H 1
| #define HAVE_SYS_STAT_H 1
| #define HAVE_SYS_SELECT_H 1
| #define HAVE_SYS_PRCTL_H 1
| #define HAVE_DECL_STRNLEN 1
| #define HAVE_DECL_DAEMON 1
| #define HAVE_DECL_LE16TOH 1
| #define HAVE_DECL_LE32TOH 1
| #define HAVE_DECL_LE64TOH 1
| #define HAVE_DECL_HTOLE16 1
| #define HAVE_DECL_HTOLE32 1
| #define HAVE_DECL_HTOLE64 1
| #define HAVE_DECL_BE16TOH 1
| #define HAVE_DECL_BE32TOH 1
| #define HAVE_DECL_BE64TOH 1
| #define HAVE_DECL_HTOBE16 1
| #define HAVE_DECL_HTOBE32 1
| #define HAVE_DECL_HTOBE64 1
| #define HAVE_DECL_BSWAP_16 1
| #define HAVE_DECL_BSWAP_32 1
| #define HAVE_DECL_BSWAP_64 1
| #define HAVE_DECL___BUILTIN_CLZ 1
| #define HAVE_DECL___BUILTIN_CLZL 1
| #define HAVE_DECL___BUILTIN_CLZLL 1
| #define HAVE_MSG_NOSIGNAL 1
| #define HAVE_MSG_DONTWAIT 1
| #define HAVE_MALLOC_INFO 1
| #define HAVE_MALLOPT_ARENA_MAX 1
| #define HAVE_VISIBILITY_ATTRIBUTE 1
| #define HAVE_THREAD_LOCAL 1
| #define HAVE_SYS_GETRANDOM 1
| #define HAVE_GETENTROPY 1
| #define HAVE_GETENTROPY_RAND 1
| #define HAVE_MINIUPNPC_MINIWGET_H 1
| #define HAVE_MINIUPNPC_MINIUPNPC_H 1
| #define HAVE_MINIUPNPC_UPNPCOMMANDS_H 1
| #define HAVE_MINIUPNPC_UPNPERRORS_H 1
| #define QT_STATICPLUGIN 1
| #define QT_STATICPLUGIN 1
| #define QT_QPA_PLATFORM_MINIMAL 1
| #define QT_QPA_PLATFORM_XCB 1
| #define HAVE_BOOST /**/
| #define HAVE_BOOST_SYSTEM /**/
| #define HAVE_BOOST_FILESYSTEM /**/
| #define HAVE_BOOST_PROGRAM_OPTIONS /**/
| #define HAVE_BOOST_THREAD /**/
| #define HAVE_BOOST_CHRONO /**/
| #define HAVE_WORKING_BOOST_SLEEP_FOR 1
| #define ENABLE_ZMQ 1
| /* end confdefs.h.  */
| #include <stdio.h>
| #ifdef HAVE_SYS_TYPES_H
| # include <sys/types.h>
| #endif
| #ifdef HAVE_SYS_STAT_H
| # include <sys/stat.h>
| #endif
| #ifdef STDC_HEADERS
| # include <stdlib.h>
| # include <stddef.h>
| #else
| # ifdef HAVE_STDLIB_H
| #  include <stdlib.h>
| # endif
| #endif
| #ifdef HAVE_STRING_H
| # if !defined STDC_HEADERS && defined HAVE_MEMORY_H
| #  include <memory.h>
| # endif
| # include <string.h>
| #endif
| #ifdef HAVE_STRINGS_H
| # include <strings.h>
| #endif
| #ifdef HAVE_INTTYPES_H
| # include <inttypes.h>
| #endif
| #ifdef HAVE_STDINT_H
| # include <stdint.h>
| #endif
| #ifdef HAVE_UNISTD_H
| # include <unistd.h>
| #endif
| #include <openssl/x509_vfy.h>
| 
| 
| int
| main ()
| {
| #ifndef EVP_MD_CTX_new
| #ifdef __cplusplus
|   (void) EVP_MD_CTX_new;
| #else
|   (void) EVP_MD_CTX_new;
| #endif
| #endif
| 
|   ;
|   return 0;
| }
configure:30039: result: no
configure:30229: checking for protoc
configure:30247: found /home/administrator/walletbuilders/build_environment/litecoin/0.16.3/depends/x86_64-w64-linux/share/../native/bin/protoc
configure:30259: result: /home/administrator/walletbuilders/build_environment/litecoin/0.16.3/depends/x86_64-w64-linux/share/../native/bin/protoc
configure:30339: checking whether to build rosecoind
configure:30349: result: yes
configure:30352: checking whether to build utils (rosecoin-cli rosecoin-tx)
configure:30362: result: yes
configure:30365: checking whether to build libraries
configure:30382: result: yes
configure:30393: checking if ccache should be used
configure:30406: result: yes
configure:30410: checking whether C preprocessor accepts -Qunused-arguments
configure:30429: gcc -m64 -E -I/home/administrator/walletbuilders/build_environment/litecoin/0.16.3/depends/x86_64-w64-linux/share/../include/  -DHAVE_BUILD_INFO -D__STDC_FORMAT_MACROS  -Qunused-arguments conftest.c
gcc: error: unrecognized command line option '-Qunused-arguments'; did you mean '-Wunused-parameter'?
configure:30429: $? = 1
configure: failed program was:
| /* confdefs.h */
| #define PACKAGE_NAME "RoseCoin Core"
| #define PACKAGE_TARNAME "rosecoin"
| #define PACKAGE_VERSION "1.0.0"
| #define PACKAGE_STRING "RoseCoin Core 1.0.0"
| #define PACKAGE_BUGREPORT "https://github.com/rosecoin-project/rosecoin/issues"
| #define PACKAGE_URL "https://rosecoin.org/"
| #define HAVE_CXX11 1
| #define STDC_HEADERS 1
| #define HAVE_SYS_TYPES_H 1
| #define HAVE_SYS_STAT_H 1
| #define HAVE_STDLIB_H 1
| #define HAVE_STRING_H 1
| #define HAVE_MEMORY_H 1
| #define HAVE_STRINGS_H 1
| #define HAVE_INTTYPES_H 1
| #define HAVE_STDINT_H 1
| #define HAVE_UNISTD_H 1
| #define HAVE_DLFCN_H 1
| #define LT_OBJDIR ".libs/"
| #define USE_ASM 1
| #define HAVE_PTHREAD_PRIO_INHERIT 1
| #define HAVE_PTHREAD 1
| #define HAVE_DECL_STRERROR_R 1
| #define HAVE_STRERROR_R 1
| #define STRERROR_R_CHAR_P 1
| #define HAVE_FUNC_ATTRIBUTE_VISIBILITY 1
| #define HAVE_ENDIAN_H 1
| #define HAVE_BYTESWAP_H 1
| #define HAVE_STDIO_H 1
| #define HAVE_STDLIB_H 1
| #define HAVE_UNISTD_H 1
| #define HAVE_STRINGS_H 1
| #define HAVE_SYS_TYPES_H 1
| #define HAVE_SYS_STAT_H 1
| #define HAVE_SYS_SELECT_H 1
| #define HAVE_SYS_PRCTL_H 1
| #define HAVE_DECL_STRNLEN 1
| #define HAVE_DECL_DAEMON 1
| #define HAVE_DECL_LE16TOH 1
| #define HAVE_DECL_LE32TOH 1
| #define HAVE_DECL_LE64TOH 1
| #define HAVE_DECL_HTOLE16 1
| #define HAVE_DECL_HTOLE32 1
| #define HAVE_DECL_HTOLE64 1
| #define HAVE_DECL_BE16TOH 1
| #define HAVE_DECL_BE32TOH 1
| #define HAVE_DECL_BE64TOH 1
| #define HAVE_DECL_HTOBE16 1
| #define HAVE_DECL_HTOBE32 1
| #define HAVE_DECL_HTOBE64 1
| #define HAVE_DECL_BSWAP_16 1
| #define HAVE_DECL_BSWAP_32 1
| #define HAVE_DECL_BSWAP_64 1
| #define HAVE_DECL___BUILTIN_CLZ 1
| #define HAVE_DECL___BUILTIN_CLZL 1
| #define HAVE_DECL___BUILTIN_CLZLL 1
| #define HAVE_MSG_NOSIGNAL 1
| #define HAVE_MSG_DONTWAIT 1
| #define HAVE_MALLOC_INFO 1
| #define HAVE_MALLOPT_ARENA_MAX 1
| #define HAVE_VISIBILITY_ATTRIBUTE 1
| #define HAVE_THREAD_LOCAL 1
| #define HAVE_SYS_GETRANDOM 1
| #define HAVE_GETENTROPY 1
| #define HAVE_GETENTROPY_RAND 1
| #define HAVE_MINIUPNPC_MINIWGET_H 1
| #define HAVE_MINIUPNPC_MINIUPNPC_H 1
| #define HAVE_MINIUPNPC_UPNPCOMMANDS_H 1
| #define HAVE_MINIUPNPC_UPNPERRORS_H 1
| #define QT_STATICPLUGIN 1
| #define QT_STATICPLUGIN 1
| #define QT_QPA_PLATFORM_MINIMAL 1
| #define QT_QPA_PLATFORM_XCB 1
| #define HAVE_BOOST /**/
| #define HAVE_BOOST_SYSTEM /**/
| #define HAVE_BOOST_FILESYSTEM /**/
| #define HAVE_BOOST_PROGRAM_OPTIONS /**/
| #define HAVE_BOOST_THREAD /**/
| #define HAVE_BOOST_CHRONO /**/
| #define HAVE_WORKING_BOOST_SLEEP_FOR 1
| #define ENABLE_ZMQ 1
| #define HAVE_DECL_EVP_MD_CTX_NEW 0
| #define HAVE_CONSENSUS_LIB 1
| /* end confdefs.h.  */
| 
| int
| main ()
| {
| 
|   ;
|   return 0;
| }
configure:30437: result: no
configure:30447: checking if wallet should be enabled
configure:30450: result: yes
configure:30463: checking whether to build with support for UPnP
configure:30473: result: yes
configure:30475: checking whether to build with UPnP enabled by default
configure:30483: result: no
configure:30501: checking whether to build GUI with support for D-Bus
configure:30508: result: yes
configure:30511: checking whether to build GUI with support for QR codes
configure:30521: result: yes
configure:30534: WARNING: "xgettext is required to update qt translations"
configure:30538: checking whether to build test_rosecoin-qt
configure:30545: result: no
configure:30559: checking whether to build test_rosecoin
configure:30566: result: no
configure:30571: checking whether to enable sse2 instructions
configure:30582: result: no
configure:30586: checking whether to reduce exports
configure:30592: result: no
configure:30949: checking that generated files are newer than configure
configure:30955: result: done
configure:31079: creating ./config.status

## ---------------------- ##
## Running config.status. ##
## ---------------------- ##

This file was extended by RoseCoin Core config.status 1.0.0, which was
generated by GNU Autoconf 2.69.  Invocation command line was

  CONFIG_FILES    = 
  CONFIG_HEADERS  = 
  CONFIG_LINKS    = 
  CONFIG_COMMANDS = 
  $ ./config.status 

on bld

config.status:1462: creating libbitcoinconsensus.pc
config.status:1462: creating Makefile
config.status:1462: creating src/Makefile
config.status:1462: creating doc/man/Makefile
config.status:1462: creating share/setup.nsi
config.status:1462: creating share/qt/Info.plist
config.status:1462: creating test/config.ini
config.status:1462: creating contrib/devtools/split-debug.sh
config.status:1462: creating doc/Doxyfile
config.status:1462: creating src/config/bitcoin-config.h
config.status:1643: src/config/bitcoin-config.h is unchanged
config.status:1722: executing depfiles commands
config.status:1722: executing libtool commands
configure:33601: === configuring in src/univalue (/tmp/upgrade-wallet/rosecoin/src/univalue)
configure:33664: running /bin/bash ./configure --disable-option-checking '--prefix=/usr/local'  '--disable-tests' '--disable-bench' '--disable-shared' '--with-pic' '--with-bignum=no' '--enable-module-recovery' '--disable-jni' --cache-file=/dev/null --srcdir=.
configure:33601: === configuring in src/secp256k1 (/tmp/upgrade-wallet/rosecoin/src/secp256k1)
configure:33664: running /bin/bash ./configure --disable-option-checking '--prefix=/usr/local'  '--disable-tests' '--disable-bench' '--disable-shared' '--with-pic' '--with-bignum=no' '--enable-module-recovery' '--disable-jni' --cache-file=/dev/null --srcdir=.
configure:33683: result: Fixing libtool for -rpath problems.

## ---------------- ##
## Cache variables. ##
## ---------------- ##

ac_cv_build=x86_64-pc-linux-gnu
ac_cv_c_bigendian=no
ac_cv_c_compiler_gnu=yes
ac_cv_cxx_compiler_gnu=yes
ac_cv_env_ARFLAGS_set=
ac_cv_env_ARFLAGS_value=
ac_cv_env_BDB_CFLAGS_set=
ac_cv_env_BDB_CFLAGS_value=
ac_cv_env_BDB_LIBS_set=
ac_cv_env_BDB_LIBS_value=
ac_cv_env_CCC_set=
ac_cv_env_CCC_value=
ac_cv_env_CC_set=
ac_cv_env_CC_value=
ac_cv_env_CFLAGS_set=
ac_cv_env_CFLAGS_value=
ac_cv_env_CPPFLAGS_set=
ac_cv_env_CPPFLAGS_value=
ac_cv_env_CPP_set=
ac_cv_env_CPP_value=
ac_cv_env_CRYPTO_CFLAGS_set=
ac_cv_env_CRYPTO_CFLAGS_value=
ac_cv_env_CRYPTO_LIBS_set=
ac_cv_env_CRYPTO_LIBS_value=
ac_cv_env_CXXCPP_set=
ac_cv_env_CXXCPP_value=
ac_cv_env_CXXFLAGS_set=
ac_cv_env_CXXFLAGS_value=
ac_cv_env_CXX_set=
ac_cv_env_CXX_value=
ac_cv_env_EVENT_CFLAGS_set=
ac_cv_env_EVENT_CFLAGS_value=
ac_cv_env_EVENT_LIBS_set=
ac_cv_env_EVENT_LIBS_value=
ac_cv_env_EVENT_PTHREADS_CFLAGS_set=
ac_cv_env_EVENT_PTHREADS_CFLAGS_value=
ac_cv_env_EVENT_PTHREADS_LIBS_set=
ac_cv_env_EVENT_PTHREADS_LIBS_value=
ac_cv_env_LDFLAGS_set=
ac_cv_env_LDFLAGS_value=
ac_cv_env_LIBS_set=
ac_cv_env_LIBS_value=
ac_cv_env_LT_SYS_LIBRARY_PATH_set=
ac_cv_env_LT_SYS_LIBRARY_PATH_value=
ac_cv_env_OBJCXXFLAGS_set=
ac_cv_env_OBJCXXFLAGS_value=
ac_cv_env_OBJCXX_set=
ac_cv_env_OBJCXX_value=
ac_cv_env_PKG_CONFIG_LIBDIR_set=
ac_cv_env_PKG_CONFIG_LIBDIR_value=
ac_cv_env_PKG_CONFIG_PATH_set=
ac_cv_env_PKG_CONFIG_PATH_value=
ac_cv_env_PKG_CONFIG_set=
ac_cv_env_PKG_CONFIG_value=
ac_cv_env_PROTOBUF_CFLAGS_set=
ac_cv_env_PROTOBUF_CFLAGS_value=
ac_cv_env_PROTOBUF_LIBS_set=
ac_cv_env_PROTOBUF_LIBS_value=
ac_cv_env_PYTHONPATH_set=
ac_cv_env_PYTHONPATH_value=
ac_cv_env_QR_CFLAGS_set=
ac_cv_env_QR_CFLAGS_value=
ac_cv_env_QR_LIBS_set=
ac_cv_env_QR_LIBS_value=
ac_cv_env_QT4_CFLAGS_set=
ac_cv_env_QT4_CFLAGS_value=
ac_cv_env_QT4_LIBS_set=
ac_cv_env_QT4_LIBS_value=
ac_cv_env_QT5_CFLAGS_set=
ac_cv_env_QT5_CFLAGS_value=
ac_cv_env_QT5_LIBS_set=
ac_cv_env_QT5_LIBS_value=
ac_cv_env_QTPLATFORM_CFLAGS_set=
ac_cv_env_QTPLATFORM_CFLAGS_value=
ac_cv_env_QTPLATFORM_LIBS_set=
ac_cv_env_QTPLATFORM_LIBS_value=
ac_cv_env_QTPRINT_CFLAGS_set=
ac_cv_env_QTPRINT_CFLAGS_value=
ac_cv_env_QTPRINT_LIBS_set=
ac_cv_env_QTPRINT_LIBS_value=
ac_cv_env_QTXCBQPA_CFLAGS_set=
ac_cv_env_QTXCBQPA_CFLAGS_value=
ac_cv_env_QTXCBQPA_LIBS_set=
ac_cv_env_QTXCBQPA_LIBS_value=
ac_cv_env_QT_DBUS_CFLAGS_set=
ac_cv_env_QT_DBUS_CFLAGS_value=
ac_cv_env_QT_DBUS_LIBS_set=
ac_cv_env_QT_DBUS_LIBS_value=
ac_cv_env_QT_TEST_CFLAGS_set=
ac_cv_env_QT_TEST_CFLAGS_value=
ac_cv_env_QT_TEST_LIBS_set=
ac_cv_env_QT_TEST_LIBS_value=
ac_cv_env_SSL_CFLAGS_set=
ac_cv_env_SSL_CFLAGS_value=
ac_cv_env_SSL_LIBS_set=
ac_cv_env_SSL_LIBS_value=
ac_cv_env_UNIVALUE_CFLAGS_set=
ac_cv_env_UNIVALUE_CFLAGS_value=
ac_cv_env_UNIVALUE_LIBS_set=
ac_cv_env_UNIVALUE_LIBS_value=
ac_cv_env_X11XCB_CFLAGS_set=
ac_cv_env_X11XCB_CFLAGS_value=
ac_cv_env_X11XCB_LIBS_set=
ac_cv_env_X11XCB_LIBS_value=
ac_cv_env_ZMQ_CFLAGS_set=
ac_cv_env_ZMQ_CFLAGS_value=
ac_cv_env_ZMQ_LIBS_set=
ac_cv_env_ZMQ_LIBS_value=
ac_cv_env_build_alias_set=
ac_cv_env_build_alias_value=
ac_cv_env_host_alias_set=
ac_cv_env_host_alias_value=
ac_cv_env_target_alias_set=
ac_cv_env_target_alias_value=
ac_cv_func_strerror_r=yes
ac_cv_func_strerror_r_char_p=yes
ac_cv_have_decl_EVP_MD_CTX_new=no
ac_cv_have_decl___builtin_clz=yes
ac_cv_have_decl___builtin_clzl=yes
ac_cv_have_decl___builtin_clzll=yes
ac_cv_have_decl_be16toh=yes
ac_cv_have_decl_be32toh=yes
ac_cv_have_decl_be64toh=yes
ac_cv_have_decl_bswap_16=yes
ac_cv_have_decl_bswap_32=yes
ac_cv_have_decl_bswap_64=yes
ac_cv_have_decl_daemon=yes
ac_cv_have_decl_htobe16=yes
ac_cv_have_decl_htobe32=yes
ac_cv_have_decl_htobe64=yes
ac_cv_have_decl_htole16=yes
ac_cv_have_decl_htole32=yes
ac_cv_have_decl_htole64=yes
ac_cv_have_decl_le16toh=yes
ac_cv_have_decl_le32toh=yes
ac_cv_have_decl_le64toh=yes
ac_cv_have_decl_strerror_r=yes
ac_cv_have_decl_strnlen=yes
ac_cv_header_byteswap_h=yes
ac_cv_header_dlfcn_h=yes
ac_cv_header_endian_h=yes
ac_cv_header_inttypes_h=yes
ac_cv_header_memory_h=yes
ac_cv_header_miniupnpc_miniupnpc_h=yes
ac_cv_header_miniupnpc_miniwget_h=yes
ac_cv_header_miniupnpc_upnpcommands_h=yes
ac_cv_header_miniupnpc_upnperrors_h=yes
ac_cv_header_stdc=yes
ac_cv_header_stdint_h=yes
ac_cv_header_stdio_h=yes
ac_cv_header_stdlib_h=yes
ac_cv_header_string_h=yes
ac_cv_header_strings_h=yes
ac_cv_header_sys_endian_h=no
ac_cv_header_sys_prctl_h=yes
ac_cv_header_sys_select_h=yes
ac_cv_header_sys_stat_h=yes
ac_cv_header_sys_types_h=yes
ac_cv_header_unistd_h=yes
ac_cv_host=x86_64-w64-linux-gnu
ac_cv_lib_boost_chrono_mt___exit=yes
ac_cv_lib_boost_filesystem_mt___exit=yes
ac_cv_lib_boost_program_options_mt___exit=yes
ac_cv_lib_boost_system_mt___exit=yes
ac_cv_lib_boost_thread_mt___exit=yes
ac_cv_lib_db_cxx_4_8___main=yes
ac_cv_lib_miniupnpc_main=yes
ac_cv_objcxx_compiler_gnu=no
ac_cv_objext=o
ac_cv_path_CCACHE=/home/administrator/walletbuilders/build_environment/litecoin/0.16.3/depends/x86_64-w64-linux/share/../native/bin/ccache
ac_cv_path_EGREP='/bin/grep -E'
ac_cv_path_FGREP='/bin/grep -F'
ac_cv_path_GIT=/usr/bin/git
ac_cv_path_GREP=/bin/grep
ac_cv_path_HEXDUMP=/usr/bin/hexdump
ac_cv_path_LRELEASE=/home/administrator/walletbuilders/build_environment/litecoin/0.16.3/depends/x86_64-w64-linux/share/../native/bin/lrelease
ac_cv_path_MOC=/home/administrator/walletbuilders/build_environment/litecoin/0.16.3/depends/x86_64-w64-linux/share/../native/bin/moc
ac_cv_path_PKG_CONFIG='/usr/bin/pkg-config --static'
ac_cv_path_PROTOC=/home/administrator/walletbuilders/build_environment/litecoin/0.16.3/depends/x86_64-w64-linux/share/../native/bin/protoc
ac_cv_path_PYTHON=/usr/bin/python3.6
ac_cv_path_RCC=/home/administrator/walletbuilders/build_environment/litecoin/0.16.3/depends/x86_64-w64-linux/share/../native/bin/rcc
ac_cv_path_SED=/bin/sed
ac_cv_path_UIC=/home/administrator/walletbuilders/build_environment/litecoin/0.16.3/depends/x86_64-w64-linux/share/../native/bin/uic
ac_cv_path_ac_pt_AR=ar
ac_cv_path_ac_pt_CPPFILT=/usr/bin/c++filt
ac_cv_path_ac_pt_GCOV=/usr/bin/gcov
ac_cv_path_ac_pt_NM=nm
ac_cv_path_ac_pt_OBJCOPY=/usr/bin/objcopy
ac_cv_path_ac_pt_RANLIB=ranlib
ac_cv_path_ac_pt_READELF=/usr/bin/readelf
ac_cv_path_ac_pt_STRIP=/usr/bin/strip
ac_cv_path_install='/usr/bin/install -c'
ac_cv_path_lt_DD=/bin/dd
ac_cv_path_mkdir=/bin/mkdir
ac_cv_prog_AR=ar
ac_cv_prog_AWK=gawk
ac_cv_prog_CC='gcc -m64'
ac_cv_prog_CPP='gcc -m64 -E'
ac_cv_prog_CXXCPP='g++ -m64 -std=c++11 -E'
ac_cv_prog_OBJCXX='g++ -m64 -std=c++11'
ac_cv_prog_RANLIB=ranlib
ac_cv_prog_STRIP=strip
ac_cv_prog_ac_ct_MANIFEST_TOOL=mt
ac_cv_prog_ac_ct_OBJDUMP=objdump
ac_cv_prog_ac_ct_STRIP=strip
ac_cv_prog_cc_c89=
ac_cv_prog_cc_g=yes
ac_cv_prog_cxx_g=yes
ac_cv_prog_make_make_set=yes
ac_cv_prog_objcxx_g=no
ac_cv_search_clock_gettime='none required'
ac_cv_sys_file_offset_bits=no
ac_cv_sys_largefile_CC=no
am_cv_CC_dependencies_compiler_type=gcc3
am_cv_CXX_dependencies_compiler_type=gcc3
am_cv_OBJCXX_dependencies_compiler_type=gcc3
am_cv_make_support_nested_variables=yes
am_cv_prog_cc_c_o=yes
ax_cv_PTHREAD_CLANG=no
ax_cv_PTHREAD_JOINABLE_ATTR=PTHREAD_CREATE_JOINABLE
ax_cv_PTHREAD_PRIO_INHERIT=yes
ax_cv_PTHREAD_SPECIAL_FLAGS=no
ax_cv_boost_chrono=yes
ax_cv_boost_filesystem=yes
ax_cv_boost_program_options=yes
ax_cv_boost_system=yes
ax_cv_boost_thread=yes
ax_cv_check_ccppflags___Qunused_arguments=no
ax_cv_check_cxxcppflags___D_FORTIFY_SOURCE_2=yes
ax_cv_check_cxxcppflags___U_FORTIFY_SOURCE=yes
ax_cv_check_cxxflags___Werror=yes
ax_cv_check_cxxflags___Wstack_protector=yes
ax_cv_check_cxxflags___fPIC=yes
ax_cv_check_cxxflags___fPIE=yes
ax_cv_check_cxxflags___fstack_protector_all=yes
ax_cv_check_cxxflags__msse4_2=yes
ax_cv_check_ldflags___Wl___dynamicbase=no
ax_cv_check_ldflags___Wl___high_entropy_va=no
ax_cv_check_ldflags___Wl___large_address_aware=no
ax_cv_check_ldflags___Wl___nxcompat=no
ax_cv_check_ldflags___Wl__z_now=yes
ax_cv_check_ldflags___Wl__z_relro=yes
ax_cv_check_ldflags___pie=yes
ax_cv_cxx_compile_cxx11__std_cpp11=yes
ax_cv_have_func_attribute_dllexport=no
ax_cv_have_func_attribute_dllimport=no
ax_cv_have_func_attribute_visibility=yes
bitcoin_cv_need_acc_widget=no
bitcoin_cv_static_qt=yes
lt_cv_ar_at_file=@
lt_cv_archive_cmds_need_lc=no
lt_cv_deplibs_check_method=pass_all
lt_cv_file_magic_cmd='$MAGIC_CMD'
lt_cv_file_magic_test_file=
lt_cv_ld_reload_flag=-r
lt_cv_nm_interface='BSD nm'
lt_cv_objdir=.libs
lt_cv_path_LD=/usr/bin/ld
lt_cv_path_LDCXX='/usr/bin/ld -m elf_x86_64'
lt_cv_path_NM=nm
lt_cv_path_mainfest_tool=no
lt_cv_prog_compiler_c_o=yes
lt_cv_prog_compiler_c_o_CXX=yes
lt_cv_prog_compiler_pic='-fPIC -DPIC'
lt_cv_prog_compiler_pic_CXX='-fPIC -DPIC'
lt_cv_prog_compiler_pic_works=yes
lt_cv_prog_compiler_pic_works_CXX=yes
lt_cv_prog_compiler_rtti_exceptions=no
lt_cv_prog_compiler_static_works=yes
lt_cv_prog_compiler_static_works_CXX=yes
lt_cv_prog_gnu_ld=yes
lt_cv_prog_gnu_ldcxx=yes
lt_cv_sharedlib_from_linklib_cmd='printf %s\n'
lt_cv_shlibpath_overrides_runpath=yes
lt_cv_sys_global_symbol_pipe='sed -n -e '\''s/^.*[	 ]\([ABCDGIRSTW][ABCDGIRSTW]*\)[	 ][	 ]*\([_A-Za-z][_A-Za-z0-9]*\)$/\1 \2 \2/p'\'' | sed '\''/ __gnu_lto/d'\'''
lt_cv_sys_global_symbol_to_c_name_address='sed -n -e '\''s/^: \(.*\) .*$/  {"\1", (void *) 0},/p'\'' -e '\''s/^[ABCDGIRSTW][ABCDGIRSTW]* .* \(.*\)$/  {"\1", (void *) \&\1},/p'\'''
lt_cv_sys_global_symbol_to_c_name_address_lib_prefix='sed -n -e '\''s/^: \(.*\) .*$/  {"\1", (void *) 0},/p'\'' -e '\''s/^[ABCDGIRSTW][ABCDGIRSTW]* .* \(lib.*\)$/  {"\1", (void *) \&\1},/p'\'' -e '\''s/^[ABCDGIRSTW][ABCDGIRSTW]* .* \(.*\)$/  {"lib\1", (void *) \&\1},/p'\'''
lt_cv_sys_global_symbol_to_cdecl='sed -n -e '\''s/^T .* \(.*\)$/extern int \1();/p'\'' -e '\''s/^[ABCDGIRSTW][ABCDGIRSTW]* .* \(.*\)$/extern char \1;/p'\'''
lt_cv_sys_global_symbol_to_import=
lt_cv_sys_max_cmd_len=1572864
lt_cv_to_host_file_cmd=func_convert_file_noop
lt_cv_to_tool_file_cmd=func_convert_file_noop
lt_cv_truncate_bin='/bin/dd bs=4096 count=1'
pkg_cv_CRYPTO_CFLAGS=-I/home/administrator/walletbuilders/build_environment/litecoin/0.16.3/depends/x86_64-w64-linux/include
pkg_cv_CRYPTO_LIBS='-L/home/administrator/walletbuilders/build_environment/litecoin/0.16.3/depends/x86_64-w64-linux/lib -lcrypto -ldl'
pkg_cv_EVENT_CFLAGS=-I/home/administrator/walletbuilders/build_environment/litecoin/0.16.3/depends/x86_64-w64-linux/include
pkg_cv_EVENT_LIBS='-L/home/administrator/walletbuilders/build_environment/litecoin/0.16.3/depends/x86_64-w64-linux/lib -levent'
pkg_cv_EVENT_PTHREADS_CFLAGS='-pthread -I/home/administrator/walletbuilders/build_environment/litecoin/0.16.3/depends/x86_64-w64-linux/include'
pkg_cv_EVENT_PTHREADS_LIBS='-L/home/administrator/walletbuilders/build_environment/litecoin/0.16.3/depends/x86_64-w64-linux/lib -levent_pthreads -levent'
pkg_cv_PROTOBUF_CFLAGS='-pthread -I/home/administrator/walletbuilders/build_environment/litecoin/0.16.3/depends/x86_64-w64-linux/include'
pkg_cv_PROTOBUF_LIBS='-L/home/administrator/walletbuilders/build_environment/litecoin/0.16.3/depends/x86_64-w64-linux/lib -lprotobuf -pthread -lpthread -lz'
pkg_cv_QR_CFLAGS=-I/home/administrator/walletbuilders/build_environment/litecoin/0.16.3/depends/x86_64-w64-linux/include
pkg_cv_QR_LIBS='-L/home/administrator/walletbuilders/build_environment/litecoin/0.16.3/depends/x86_64-w64-linux/lib -lqrencode -lpthread'
pkg_cv_QT5_CFLAGS='-I/home/administrator/walletbuilders/build_environment/litecoin/0.16.3/depends/x86_64-w64-linux/include/QtNetwork -I/home/administrator/walletbuilders/build_environment/litecoin/0.16.3/depends/x86_64-w64-linux/include/QtWidgets -I/home/administrator/walletbuilders/build_environment/litecoin/0.16.3/depends/x86_64-w64-linux/include/QtGui -I/home/administrator/walletbuilders/build_environment/litecoin/0.16.3/depends/x86_64-w64-linux/include/QtCore'
pkg_cv_QT5_LIBS='-L/home/administrator/walletbuilders/build_environment/litecoin/0.16.3/depends/x86_64-w64-linux/lib -lQt5Network -lQt5Core -lz -lqtpcre -lm -ldl -lrt -lpthread -lz -lssl -lcrypto -lQt5Widgets -lQt5Gui -lqtpng -lharfbuzz -lQt5Core -lz -lqtpcre -lm -ldl -lrt -lpthread -lQt5Gui -lQt5Core -lz -lqtpcre -lm -ldl -lrt -lpthread -lqtpng -lharfbuzz -lz -lQt5Core -lpthread -lz -lqtpcre -lm -ldl -lrt'
pkg_cv_QTPLATFORM_CFLAGS='-I/home/administrator/walletbuilders/build_environment/litecoin/0.16.3/depends/x86_64-w64-linux/include/QtPlatformSupport -I/home/administrator/walletbuilders/build_environment/litecoin/0.16.3/depends/x86_64-w64-linux/include/QtGui -I/home/administrator/walletbuilders/build_environment/litecoin/0.16.3/depends/x86_64-w64-linux/include/QtCore'
pkg_cv_QTPLATFORM_LIBS='-L/home/administrator/walletbuilders/build_environment/litecoin/0.16.3/depends/x86_64-w64-linux/lib -lQt5PlatformSupport -lQt5Gui -lqtpng -lharfbuzz -lQt5DBus -lQt5Core -lz -lqtpcre -lm -ldl -lrt -lpthread -lfontconfig -lfreetype -lQt5Gui -lQt5Core -lz -lqtpcre -lm -ldl -lrt -lpthread -lqtpng -lharfbuzz -lz -lQt5Core -lpthread -lz -lqtpcre -lm -ldl -lrt'
pkg_cv_QTXCBQPA_CFLAGS='-I/home/administrator/walletbuilders/build_environment/litecoin/0.16.3/depends/x86_64-w64-linux/include/QtXcbQpa -I/home/administrator/walletbuilders/build_environment/litecoin/0.16.3/depends/x86_64-w64-linux/include/QtPlatformSupport -I/home/administrator/walletbuilders/build_environment/litecoin/0.16.3/depends/x86_64-w64-linux/include/QtGui -I/home/administrator/walletbuilders/build_environment/litecoin/0.16.3/depends/x86_64-w64-linux/include/QtCore'
pkg_cv_QTXCBQPA_LIBS='-L/home/administrator/walletbuilders/build_environment/litecoin/0.16.3/depends/x86_64-w64-linux/lib -L//home/administrator/walletbuilders/build_environment/litecoin/0.16.3/depends/x86_64-w64-linux/lib -L/home/administrator/walletbuilders/build_environment/litecoin/0.16.3/depends/x86_64-w64-linux/lib -lQt5XcbQpa -lX11 -lX11-xcb -lxcb -lxcb-static -lQt5PlatformSupport -lQt5DBus -lfontconfig -lfreetype -lQt5Gui -lqtpng -lharfbuzz -lQt5Core -lz -lqtpcre -lm -ldl -lrt -lpthread -lfontconfig -lfreetype -lQt5PlatformSupport -lQt5Gui -lqtpng -lharfbuzz -lQt5DBus -lQt5Core -lz -lqtpcre -lm -ldl -lrt -lpthread -lfontconfig -lfreetype -lQt5Gui -lQt5Core -lz -lqtpcre -lm -ldl -lrt -lpthread -lqtpng -lharfbuzz -lz -lQt5Core -lpthread -lz -lqtpcre -lm -ldl -lrt'
pkg_cv_QT_DBUS_CFLAGS='-I/home/administrator/walletbuilders/build_environment/litecoin/0.16.3/depends/x86_64-w64-linux/include/QtDBus -I/home/administrator/walletbuilders/build_environment/litecoin/0.16.3/depends/x86_64-w64-linux/include/QtCore'
pkg_cv_QT_DBUS_LIBS='-L/home/administrator/walletbuilders/build_environment/litecoin/0.16.3/depends/x86_64-w64-linux/lib -lQt5DBus -lQt5Core -lz -lqtpcre -lm -ldl -lrt -lpthread -lQt5Core -lpthread -lz -lqtpcre -lm -ldl -lrt'
pkg_cv_QT_TEST_CFLAGS='-I/home/administrator/walletbuilders/build_environment/litecoin/0.16.3/depends/x86_64-w64-linux/include/QtTest -I/home/administrator/walletbuilders/build_environment/litecoin/0.16.3/depends/x86_64-w64-linux/include/QtCore'
pkg_cv_QT_TEST_LIBS='-L/home/administrator/walletbuilders/build_environment/litecoin/0.16.3/depends/x86_64-w64-linux/lib -lQt5Test -lQt5Core -lz -lqtpcre -lm -ldl -lrt -lpthread -lQt5Core -lpthread -lz -lqtpcre -lm -ldl -lrt'
pkg_cv_SSL_CFLAGS=-I/home/administrator/walletbuilders/build_environment/litecoin/0.16.3/depends/x86_64-w64-linux/include
pkg_cv_SSL_LIBS='-L/home/administrator/walletbuilders/build_environment/litecoin/0.16.3/depends/x86_64-w64-linux/lib -lssl -lcrypto -ldl'
pkg_cv_X11XCB_CFLAGS='-I/home/administrator/walletbuilders/build_environment/litecoin/0.16.3/depends/x86_64-w64-linux/include -I/home/administrator/walletbuilders/build_environment/litecoin/0.16.3/depends/x86_64-w64-linux/include/xcb-shared -I/home/administrator/walletbuilders/build_environment/litecoin/0.16.3/depends/x86_64-w64-linux/include'
pkg_cv_X11XCB_LIBS='-L/home/administrator/walletbuilders/build_environment/litecoin/0.16.3/depends/x86_64-w64-linux/lib -lX11-xcb -lX11 -lpthread -lxcb -lXau'
pkg_cv_ZMQ_CFLAGS=-I/home/administrator/walletbuilders/build_environment/litecoin/0.16.3/depends/x86_64-w64-linux/include
pkg_cv_ZMQ_LIBS='-L/home/administrator/walletbuilders/build_environment/litecoin/0.16.3/depends/x86_64-w64-linux/lib -lzmq'

## ----------------- ##
## Output variables. ##
## ----------------- ##

ACLOCAL='${SHELL} /tmp/upgrade-wallet/rosecoin/build-aux/missing aclocal-1.15'
AMDEPBACKSLASH='\'
AMDEP_FALSE='#'
AMDEP_TRUE=''
AMTAR='$${TAR-tar}'
AM_BACKSLASH='\'
AM_DEFAULT_V='$(AM_DEFAULT_VERBOSITY)'
AM_DEFAULT_VERBOSITY='0'
AM_V='$(V)'
AR='ar'
ARFLAGS='cr'
AUTOCONF='${SHELL} /tmp/upgrade-wallet/rosecoin/build-aux/missing autoconf'
AUTOHEADER='${SHELL} /tmp/upgrade-wallet/rosecoin/build-aux/missing autoheader'
AUTOMAKE='${SHELL} /tmp/upgrade-wallet/rosecoin/build-aux/missing automake-1.15'
AWK='gawk'
BDB_CFLAGS=''
BDB_CPPFLAGS=''
BDB_LIBS='-ldb_cxx-4.8'
BITCOIN_CLI_NAME='rosecoin-cli'
BITCOIN_DAEMON_NAME='rosecoind'
BITCOIN_GUI_NAME='rosecoin-qt'
BITCOIN_TX_NAME='rosecoin-tx'
BOOST_CHRONO_LIB='-lboost_chrono-mt'
BOOST_CPPFLAGS='-DBOOST_SP_USE_STD_ATOMIC -DBOOST_AC_USE_STD_ATOMIC -pthread -I/home/administrator/walletbuilders/build_environment/litecoin/0.16.3/depends/x86_64-w64-linux/share/../include'
BOOST_FILESYSTEM_LIB='-lboost_filesystem-mt'
BOOST_LDFLAGS='-L/home/administrator/walletbuilders/build_environment/litecoin/0.16.3/depends/x86_64-w64-linux/share/../lib'
BOOST_LIBS='-L/home/administrator/walletbuilders/build_environment/litecoin/0.16.3/depends/x86_64-w64-linux/share/../lib -lboost_system-mt -lboost_filesystem-mt -lboost_program_options-mt -lboost_thread-mt -lboost_chrono-mt'
BOOST_PROGRAM_OPTIONS_LIB='-lboost_program_options-mt'
BOOST_SYSTEM_LIB='-lboost_system-mt'
BOOST_THREAD_LIB='-lboost_thread-mt'
BOOST_UNIT_TEST_FRAMEWORK_LIB=''
BREW=''
BUILD_BITCOIND_FALSE='#'
BUILD_BITCOIND_TRUE=''
BUILD_BITCOIN_LIBS_FALSE='#'
BUILD_BITCOIN_LIBS_TRUE=''
BUILD_BITCOIN_UTILS_FALSE='#'
BUILD_BITCOIN_UTILS_TRUE=''
BUILD_DARWIN_FALSE=''
BUILD_DARWIN_TRUE='#'
CC='/home/administrator/walletbuilders/build_environment/litecoin/0.16.3/depends/x86_64-w64-linux/share/../native/bin/ccache gcc -m64'
CCACHE='/home/administrator/walletbuilders/build_environment/litecoin/0.16.3/depends/x86_64-w64-linux/share/../native/bin/ccache'
CCDEPMODE='depmode=gcc3'
CFLAGS='-pipe -O2 '
CLIENT_VERSION_BUILD='0'
CLIENT_VERSION_IS_RELEASE='true'
CLIENT_VERSION_MAJOR='1'
CLIENT_VERSION_MINOR='0'
CLIENT_VERSION_REVISION='0'
COPYRIGHT_HOLDERS='The %s developers'
COPYRIGHT_HOLDERS_FINAL='The RoseCoin Core developers'
COPYRIGHT_HOLDERS_SUBSTITUTION='RoseCoin Core'
COPYRIGHT_YEAR='2020'
CPP='gcc -m64 -E'
CPPFILT='/usr/bin/c++filt'
CPPFLAGS='-I/home/administrator/walletbuilders/build_environment/litecoin/0.16.3/depends/x86_64-w64-linux/share/../include/  -DHAVE_BUILD_INFO -D__STDC_FORMAT_MACROS'
CRYPTO_CFLAGS='-I/home/administrator/walletbuilders/build_environment/litecoin/0.16.3/depends/x86_64-w64-linux/include'
CRYPTO_LIBS='-L/home/administrator/walletbuilders/build_environment/litecoin/0.16.3/depends/x86_64-w64-linux/lib -lcrypto -ldl'
CXX='/home/administrator/walletbuilders/build_environment/litecoin/0.16.3/depends/x86_64-w64-linux/share/../native/bin/ccache g++ -m64 -std=c++11'
CXXCPP='g++ -m64 -std=c++11 -E'
CXXDEPMODE='depmode=gcc3'
CXXFLAGS='-pipe -O2 '
CYGPATH_W='echo'
DEFS='-DHAVE_CONFIG_H'
DEPDIR='.deps'
DLLTOOL='false'
DSYMUTIL=''
DUMPBIN=''
ECHO_C=''
ECHO_N='-n'
ECHO_T=''
EGREP='/bin/grep -E'
EMBEDDED_LEVELDB_FALSE='#'
EMBEDDED_LEVELDB_TRUE=''
EMBEDDED_UNIVALUE_FALSE='#'
EMBEDDED_UNIVALUE_TRUE=''
ENABLE_BENCH_FALSE=''
ENABLE_BENCH_TRUE='#'
ENABLE_HWCRC32_FALSE='#'
ENABLE_HWCRC32_TRUE=''
ENABLE_MAN_FALSE='#'
ENABLE_MAN_TRUE=''
ENABLE_QT_FALSE='#'
ENABLE_QT_TESTS_FALSE=''
ENABLE_QT_TESTS_TRUE='#'
ENABLE_QT_TRUE=''
ENABLE_TESTS_FALSE=''
ENABLE_TESTS_TRUE='#'
ENABLE_WALLET_FALSE='#'
ENABLE_WALLET_TRUE=''
ENABLE_ZMQ_FALSE='#'
ENABLE_ZMQ_TRUE=''
ERROR_CXXFLAGS=''
EVENT_CFLAGS='-I/home/administrator/walletbuilders/build_environment/litecoin/0.16.3/depends/x86_64-w64-linux/include'
EVENT_LIBS='-L/home/administrator/walletbuilders/build_environment/litecoin/0.16.3/depends/x86_64-w64-linux/lib -levent'
EVENT_PTHREADS_CFLAGS='-pthread -I/home/administrator/walletbuilders/build_environment/litecoin/0.16.3/depends/x86_64-w64-linux/include'
EVENT_PTHREADS_LIBS='-L/home/administrator/walletbuilders/build_environment/litecoin/0.16.3/depends/x86_64-w64-linux/lib -levent_pthreads -levent'
EXEEXT=''
EXTENDED_FUNCTIONAL_TESTS=''
FGREP='/bin/grep -F'
GCOV='/usr/bin/gcov'
GENHTML=''
GENISOIMAGE=''
GIT='/usr/bin/git'
GLIBC_BACK_COMPAT_FALSE=''
GLIBC_BACK_COMPAT_TRUE='#'
GREP='/bin/grep'
HARDENED_CPPFLAGS=' -U_FORTIFY_SOURCE -D_FORTIFY_SOURCE=2'
HARDENED_CXXFLAGS=' -Wstack-protector -fstack-protector-all'
HARDENED_LDFLAGS=' -Wl,-z,relro -Wl,-z,now -pie'
HARDEN_FALSE='#'
HARDEN_TRUE=''
HAVE_CXX11='1'
HEXDUMP='/usr/bin/hexdump'
IMAGEMAGICK_CONVERT=''
INSTALLNAMETOOL=''
INSTALL_DATA='${INSTALL} -m 644'
INSTALL_PROGRAM='${INSTALL}'
INSTALL_SCRIPT='${INSTALL}'
INSTALL_STRIP_PROGRAM='$(install_sh) -c -s'
LCOV=''
LCOV_OPTS=''
LD='/usr/bin/ld -m elf_x86_64'
LDFLAGS='-L/home/administrator/walletbuilders/build_environment/litecoin/0.16.3/depends/x86_64-w64-linux/share/../lib '
LEVELDB_CPPFLAGS=''
LEVELDB_TARGET_FLAGS='-DOS_LINUX'
LIBLEVELDB=''
LIBMEMENV=''
LIBOBJS=''
LIBS=''
LIBTOOL='$(SHELL) $(top_builddir)/libtool'
LIBTOOL_APP_LDFLAGS=''
LIPO=''
LN_S='ln -s'
LRELEASE='/home/administrator/walletbuilders/build_environment/litecoin/0.16.3/depends/x86_64-w64-linux/share/../native/bin/lrelease'
LTLIBOBJS=''
LT_SYS_LIBRARY_PATH=''
LUPDATE=''
MAINT=''
MAINTAINER_MODE_FALSE='#'
MAINTAINER_MODE_TRUE=''
MAKEINFO='${SHELL} /tmp/upgrade-wallet/rosecoin/build-aux/missing makeinfo'
MAKENSIS=''
MANIFEST_TOOL=':'
MINIUPNPC_CPPFLAGS=''
MINIUPNPC_LIBS='-lminiupnpc'
MKDIR_P='/bin/mkdir -p'
MOC='/home/administrator/walletbuilders/build_environment/litecoin/0.16.3/depends/x86_64-w64-linux/share/../native/bin/moc'
MOC_DEFS='-DHAVE_CONFIG_H -I$(srcdir)'
NM='nm'
NMEDIT=''
OBJCOPY='/usr/bin/objcopy'
OBJCXX='g++ -m64 -std=c++11'
OBJCXXDEPMODE='depmode=gcc3'
OBJCXXFLAGS=''
OBJDUMP='objdump'
OBJEXT='o'
OTOOL64=''
OTOOL=''
PACKAGE='rosecoin'
PACKAGE_BUGREPORT='https://github.com/rosecoin-project/rosecoin/issues'
PACKAGE_NAME='RoseCoin Core'
PACKAGE_STRING='RoseCoin Core 1.0.0'
PACKAGE_TARNAME='rosecoin'
PACKAGE_URL='https://rosecoin.org/'
PACKAGE_VERSION='1.0.0'
PATH_SEPARATOR=':'
PIC_FLAGS='-fPIC'
PIE_FLAGS='-fPIE'
PKG_CONFIG='/usr/bin/pkg-config --static'
PKG_CONFIG_LIBDIR=''
PKG_CONFIG_PATH='/home/administrator/walletbuilders/build_environment/litecoin/0.16.3/depends/x86_64-w64-linux/share/../share/pkgconfig:/home/administrator/walletbuilders/build_environment/litecoin/0.16.3/depends/x86_64-w64-linux/share/../lib/pkgconfig'
PORT=''
PROTOBUF_CFLAGS='-pthread -I/home/administrator/walletbuilders/build_environment/litecoin/0.16.3/depends/x86_64-w64-linux/include'
PROTOBUF_LIBS='-L/home/administrator/walletbuilders/build_environment/litecoin/0.16.3/depends/x86_64-w64-linux/lib -lprotobuf -pthread -lpthread -lz'
PROTOC='/home/administrator/walletbuilders/build_environment/litecoin/0.16.3/depends/x86_64-w64-linux/share/../native/bin/protoc'
PTHREAD_CC='gcc -m64'
PTHREAD_CFLAGS='-pthread'
PTHREAD_LIBS=''
PYTHON='/usr/bin/python3.6'
PYTHONPATH='/home/administrator/walletbuilders/build_environment/litecoin/0.16.3/depends/x86_64-w64-linux/share/../native/lib/python/dist-packages:'
QR_CFLAGS='-I/home/administrator/walletbuilders/build_environment/litecoin/0.16.3/depends/x86_64-w64-linux/include'
QR_LIBS='-L/home/administrator/walletbuilders/build_environment/litecoin/0.16.3/depends/x86_64-w64-linux/lib -lqrencode -lpthread'
QT4_CFLAGS=''
QT4_LIBS=''
QT5_CFLAGS='-I/home/administrator/walletbuilders/build_environment/litecoin/0.16.3/depends/x86_64-w64-linux/include/QtNetwork -I/home/administrator/walletbuilders/build_environment/litecoin/0.16.3/depends/x86_64-w64-linux/include/QtWidgets -I/home/administrator/walletbuilders/build_environment/litecoin/0.16.3/depends/x86_64-w64-linux/include/QtGui -I/home/administrator/walletbuilders/build_environment/litecoin/0.16.3/depends/x86_64-w64-linux/include/QtCore'
QT5_LIBS='-L/home/administrator/walletbuilders/build_environment/litecoin/0.16.3/depends/x86_64-w64-linux/lib -lQt5Network -lQt5Core -lz -lqtpcre -lm -ldl -lrt -lpthread -lz -lssl -lcrypto -lQt5Widgets -lQt5Gui -lqtpng -lharfbuzz -lQt5Core -lz -lqtpcre -lm -ldl -lrt -lpthread -lQt5Gui -lQt5Core -lz -lqtpcre -lm -ldl -lrt -lpthread -lqtpng -lharfbuzz -lz -lQt5Core -lpthread -lz -lqtpcre -lm -ldl -lrt'
QTPLATFORM_CFLAGS='-I/home/administrator/walletbuilders/build_environment/litecoin/0.16.3/depends/x86_64-w64-linux/include/QtPlatformSupport -I/home/administrator/walletbuilders/build_environment/litecoin/0.16.3/depends/x86_64-w64-linux/include/QtGui -I/home/administrator/walletbuilders/build_environment/litecoin/0.16.3/depends/x86_64-w64-linux/include/QtCore'
QTPLATFORM_LIBS='-L/home/administrator/walletbuilders/build_environment/litecoin/0.16.3/depends/x86_64-w64-linux/lib -lQt5PlatformSupport -lQt5Gui -lqtpng -lharfbuzz -lQt5DBus -lQt5Core -lz -lqtpcre -lm -ldl -lrt -lpthread -lfontconfig -lfreetype -lQt5Gui -lQt5Core -lz -lqtpcre -lm -ldl -lrt -lpthread -lqtpng -lharfbuzz -lz -lQt5Core -lpthread -lz -lqtpcre -lm -ldl -lrt'
QTPRINT_CFLAGS=''
QTPRINT_LIBS=''
QTXCBQPA_CFLAGS='-I/home/administrator/walletbuilders/build_environment/litecoin/0.16.3/depends/x86_64-w64-linux/include/QtXcbQpa -I/home/administrator/walletbuilders/build_environment/litecoin/0.16.3/depends/x86_64-w64-linux/include/QtPlatformSupport -I/home/administrator/walletbuilders/build_environment/litecoin/0.16.3/depends/x86_64-w64-linux/include/QtGui -I/home/administrator/walletbuilders/build_environment/litecoin/0.16.3/depends/x86_64-w64-linux/include/QtCore'
QTXCBQPA_LIBS='-L/home/administrator/walletbuilders/build_environment/litecoin/0.16.3/depends/x86_64-w64-linux/lib -L//home/administrator/walletbuilders/build_environment/litecoin/0.16.3/depends/x86_64-w64-linux/lib -L/home/administrator/walletbuilders/build_environment/litecoin/0.16.3/depends/x86_64-w64-linux/lib -lQt5XcbQpa -lX11 -lX11-xcb -lxcb -lxcb-static -lQt5PlatformSupport -lQt5DBus -lfontconfig -lfreetype -lQt5Gui -lqtpng -lharfbuzz -lQt5Core -lz -lqtpcre -lm -ldl -lrt -lpthread -lfontconfig -lfreetype -lQt5PlatformSupport -lQt5Gui -lqtpng -lharfbuzz -lQt5DBus -lQt5Core -lz -lqtpcre -lm -ldl -lrt -lpthread -lfontconfig -lfreetype -lQt5Gui -lQt5Core -lz -lqtpcre -lm -ldl -lrt -lpthread -lqtpng -lharfbuzz -lz -lQt5Core -lpthread -lz -lqtpcre -lm -ldl -lrt'
QT_DBUS_CFLAGS='-I/home/administrator/walletbuilders/build_environment/litecoin/0.16.3/depends/x86_64-w64-linux/include/QtDBus -I/home/administrator/walletbuilders/build_environment/litecoin/0.16.3/depends/x86_64-w64-linux/include/QtCore'
QT_DBUS_INCLUDES='-I/home/administrator/walletbuilders/build_environment/litecoin/0.16.3/depends/x86_64-w64-linux/include/QtDBus -I/home/administrator/walletbuilders/build_environment/litecoin/0.16.3/depends/x86_64-w64-linux/include/QtCore'
QT_DBUS_LIBS='-L/home/administrator/walletbuilders/build_environment/litecoin/0.16.3/depends/x86_64-w64-linux/lib -lQt5DBus -lQt5Core -lz -lqtpcre -lm -ldl -lrt -lpthread -lQt5Core -lpthread -lz -lqtpcre -lm -ldl -lrt'
QT_INCLUDES='-I/home/administrator/walletbuilders/build_environment/litecoin/0.16.3/depends/x86_64-w64-linux/include/QtNetwork -I/home/administrator/walletbuilders/build_environment/litecoin/0.16.3/depends/x86_64-w64-linux/include/QtWidgets -I/home/administrator/walletbuilders/build_environment/litecoin/0.16.3/depends/x86_64-w64-linux/include/QtGui -I/home/administrator/walletbuilders/build_environment/litecoin/0.16.3/depends/x86_64-w64-linux/include/QtCore'
QT_LDFLAGS=''
QT_LIBS='-lqxcb -lxcb-static -lqminimal -L/home/administrator/walletbuilders/build_environment/litecoin/0.16.3/depends/x86_64-w64-linux/lib -L//home/administrator/walletbuilders/build_environment/litecoin/0.16.3/depends/x86_64-w64-linux/lib -L/home/administrator/walletbuilders/build_environment/litecoin/0.16.3/depends/x86_64-w64-linux/lib -lQt5XcbQpa -lX11 -lX11-xcb -lxcb -lxcb-static -lQt5PlatformSupport -lQt5DBus -lfontconfig -lfreetype -lQt5Gui -lqtpng -lharfbuzz -lQt5Core -lz -lqtpcre -lm -ldl -lrt -lpthread -lfontconfig -lfreetype -lQt5PlatformSupport -lQt5Gui -lqtpng -lharfbuzz -lQt5DBus -lQt5Core -lz -lqtpcre -lm -ldl -lrt -lpthread -lfontconfig -lfreetype -lQt5Gui -lQt5Core -lz -lqtpcre -lm -ldl -lrt -lpthread -lqtpng -lharfbuzz -lz -lQt5Core -lpthread -lz -lqtpcre -lm -ldl -lrt -L/home/administrator/walletbuilders/build_environment/litecoin/0.16.3/depends/x86_64-w64-linux/lib -lX11-xcb -lX11 -lpthread -lxcb -lXau -L/home/administrator/walletbuilders/build_environment/litecoin/0.16.3/depends/x86_64-w64-linux/lib -lQt5PlatformSupport -lQt5Gui -lqtpng -lharfbuzz -lQt5DBus -lQt5Core -lz -lqtpcre -lm -ldl -lrt -lpthread -lfontconfig -lfreetype -lQt5Gui -lQt5Core -lz -lqtpcre -lm -ldl -lrt -lpthread -lqtpng -lharfbuzz -lz -lQt5Core -lpthread -lz -lqtpcre -lm -ldl -lrt -L/home/administrator/walletbuilders/build_environment/litecoin/0.16.3/depends/x86_64-w64-linux/lib -lQt5Network -lQt5Core -lz -lqtpcre -lm -ldl -lrt -lpthread -lz -lssl -lcrypto -lQt5Widgets -lQt5Gui -lqtpng -lharfbuzz -lQt5Core -lz -lqtpcre -lm -ldl -lrt -lpthread -lQt5Gui -lQt5Core -lz -lqtpcre -lm -ldl -lrt -lpthread -lqtpng -lharfbuzz -lz -lQt5Core -lpthread -lz -lqtpcre -lm -ldl -lrt -L/home/administrator/walletbuilders/build_environment/litecoin/0.16.3/depends/x86_64-w64-linux/share/../plugins/platforms'
QT_PIE_FLAGS='-fPIE'
QT_SELECT='qt5'
QT_TEST_CFLAGS='-I/home/administrator/walletbuilders/build_environment/litecoin/0.16.3/depends/x86_64-w64-linux/include/QtTest -I/home/administrator/walletbuilders/build_environment/litecoin/0.16.3/depends/x86_64-w64-linux/include/QtCore'
QT_TEST_INCLUDES='-I/home/administrator/walletbuilders/build_environment/litecoin/0.16.3/depends/x86_64-w64-linux/include/QtTest -I/home/administrator/walletbuilders/build_environment/litecoin/0.16.3/depends/x86_64-w64-linux/include/QtCore'
QT_TEST_LIBS='-L/home/administrator/walletbuilders/build_environment/litecoin/0.16.3/depends/x86_64-w64-linux/lib -lQt5Test -lQt5Core -lz -lqtpcre -lm -ldl -lrt -lpthread -lQt5Core -lpthread -lz -lqtpcre -lm -ldl -lrt'
QT_TRANSLATION_DIR='/home/administrator/walletbuilders/build_environment/litecoin/0.16.3/depends/x86_64-w64-linux/share/../translations'
RANLIB='ranlib'
RCC='/home/administrator/walletbuilders/build_environment/litecoin/0.16.3/depends/x86_64-w64-linux/share/../native/bin/rcc'
READELF='/usr/bin/readelf'
RELDFLAGS=''
RSVG_CONVERT=''
SED='/bin/sed'
SET_MAKE=''
SHELL='/bin/bash'
SSE42_CXXFLAGS='-msse4.2'
SSL_CFLAGS='-I/home/administrator/walletbuilders/build_environment/litecoin/0.16.3/depends/x86_64-w64-linux/include'
SSL_LIBS='-L/home/administrator/walletbuilders/build_environment/litecoin/0.16.3/depends/x86_64-w64-linux/lib -lssl -lcrypto -ldl'
STRIP='/usr/bin/strip'
TARGET_DARWIN_FALSE=''
TARGET_DARWIN_TRUE='#'
TARGET_WINDOWS_FALSE=''
TARGET_WINDOWS_TRUE='#'
TESTDEFS=''
TIFFCP=''
UIC='/home/administrator/walletbuilders/build_environment/litecoin/0.16.3/depends/x86_64-w64-linux/share/../native/bin/uic'
UNIVALUE_CFLAGS='-I$(srcdir)/univalue/include'
UNIVALUE_LIBS='univalue/libunivalue.la'
USE_ASM_FALSE='#'
USE_ASM_TRUE=''
USE_LCOV_FALSE=''
USE_LCOV_TRUE='#'
USE_QRCODE=''
USE_QRCODE_FALSE='#'
USE_QRCODE_TRUE=''
USE_SSE2=''
USE_SSE2_FALSE=''
USE_SSE2_TRUE='#'
USE_UPNP=''
VERSION='1.0.0'
WINDOWS_BITS=''
WINDRES=''
X11XCB_CFLAGS='-I/home/administrator/walletbuilders/build_environment/litecoin/0.16.3/depends/x86_64-w64-linux/include -I/home/administrator/walletbuilders/build_environment/litecoin/0.16.3/depends/x86_64-w64-linux/include/xcb-shared -I/home/administrator/walletbuilders/build_environment/litecoin/0.16.3/depends/x86_64-w64-linux/include'
X11XCB_LIBS='-L/home/administrator/walletbuilders/build_environment/litecoin/0.16.3/depends/x86_64-w64-linux/lib -lX11-xcb -lX11 -lpthread -lxcb -lXau'
XGETTEXT=''
ZMQ_CFLAGS='-I/home/administrator/walletbuilders/build_environment/litecoin/0.16.3/depends/x86_64-w64-linux/include'
ZMQ_LIBS='-L/home/administrator/walletbuilders/build_environment/litecoin/0.16.3/depends/x86_64-w64-linux/lib -lzmq'
ac_ct_AR=''
ac_ct_CC=''
ac_ct_CXX=''
ac_ct_DUMPBIN=''
ac_ct_OBJCXX=''
am__EXEEXT_FALSE=''
am__EXEEXT_TRUE='#'
am__fastdepCC_FALSE='#'
am__fastdepCC_TRUE=''
am__fastdepCXX_FALSE='#'
am__fastdepCXX_TRUE=''
am__fastdepOBJCXX_FALSE='#'
am__fastdepOBJCXX_TRUE=''
am__include='include'
am__isrc=''
am__leading_dot='.'
am__nodep='_no'
am__quote=''
am__tar='$${TAR-tar} chof - "$$tardir"'
am__untar='$${TAR-tar} xf -'
ax_pthread_config=''
bindir='${exec_prefix}/bin'
build='x86_64-pc-linux-gnu'
build_alias=''
build_cpu='x86_64'
build_os='linux-gnu'
build_vendor='pc'
datadir='${datarootdir}'
datarootdir='${prefix}/share'
docdir='${datarootdir}/doc/${PACKAGE_TARNAME}'
dvidir='${docdir}'
exec_prefix='${prefix}'
host='x86_64-w64-linux-gnu'
host_alias='x86_64-w64-linux'
host_cpu='x86_64'
host_os='linux-gnu'
host_vendor='w64'
htmldir='${docdir}'
includedir='${prefix}/include'
infodir='${datarootdir}/info'
install_sh='${SHELL} /tmp/upgrade-wallet/rosecoin/build-aux/install-sh'
libdir='${exec_prefix}/lib'
libexecdir='${exec_prefix}/libexec'
localedir='${datarootdir}/locale'
localstatedir='${prefix}/var'
mandir='${datarootdir}/man'
mkdir_p='$(MKDIR_P)'
oldincludedir='/usr/include'
pdfdir='${docdir}'
prefix='/usr/local'
program_transform_name='s,x,x,'
psdir='${docdir}'
runstatedir='${localstatedir}/run'
sbindir='${exec_prefix}/sbin'
sharedstatedir='${prefix}/com'
subdirs=' src/univalue src/secp256k1'
sysconfdir='${prefix}/etc'
target_alias=''

## ----------- ##
## confdefs.h. ##
## ----------- ##

/* confdefs.h */
#define PACKAGE_NAME "RoseCoin Core"
#define PACKAGE_TARNAME "rosecoin"
#define PACKAGE_VERSION "1.0.0"
#define PACKAGE_STRING "RoseCoin Core 1.0.0"
#define PACKAGE_BUGREPORT "https://github.com/rosecoin-project/rosecoin/issues"
#define PACKAGE_URL "https://rosecoin.org/"
#define HAVE_CXX11 1
#define STDC_HEADERS 1
#define HAVE_SYS_TYPES_H 1
#define HAVE_SYS_STAT_H 1
#define HAVE_STDLIB_H 1
#define HAVE_STRING_H 1
#define HAVE_MEMORY_H 1
#define HAVE_STRINGS_H 1
#define HAVE_INTTYPES_H 1
#define HAVE_STDINT_H 1
#define HAVE_UNISTD_H 1
#define HAVE_DLFCN_H 1
#define LT_OBJDIR ".libs/"
#define USE_ASM 1
#define HAVE_PTHREAD_PRIO_INHERIT 1
#define HAVE_PTHREAD 1
#define HAVE_DECL_STRERROR_R 1
#define HAVE_STRERROR_R 1
#define STRERROR_R_CHAR_P 1
#define HAVE_FUNC_ATTRIBUTE_VISIBILITY 1
#define HAVE_ENDIAN_H 1
#define HAVE_BYTESWAP_H 1
#define HAVE_STDIO_H 1
#define HAVE_STDLIB_H 1
#define HAVE_UNISTD_H 1
#define HAVE_STRINGS_H 1
#define HAVE_SYS_TYPES_H 1
#define HAVE_SYS_STAT_H 1
#define HAVE_SYS_SELECT_H 1
#define HAVE_SYS_PRCTL_H 1
#define HAVE_DECL_STRNLEN 1
#define HAVE_DECL_DAEMON 1
#define HAVE_DECL_LE16TOH 1
#define HAVE_DECL_LE32TOH 1
#define HAVE_DECL_LE64TOH 1
#define HAVE_DECL_HTOLE16 1
#define HAVE_DECL_HTOLE32 1
#define HAVE_DECL_HTOLE64 1
#define HAVE_DECL_BE16TOH 1
#define HAVE_DECL_BE32TOH 1
#define HAVE_DECL_BE64TOH 1
#define HAVE_DECL_HTOBE16 1
#define HAVE_DECL_HTOBE32 1
#define HAVE_DECL_HTOBE64 1
#define HAVE_DECL_BSWAP_16 1
#define HAVE_DECL_BSWAP_32 1
#define HAVE_DECL_BSWAP_64 1
#define HAVE_DECL___BUILTIN_CLZ 1
#define HAVE_DECL___BUILTIN_CLZL 1
#define HAVE_DECL___BUILTIN_CLZLL 1
#define HAVE_MSG_NOSIGNAL 1
#define HAVE_MSG_DONTWAIT 1
#define HAVE_MALLOC_INFO 1
#define HAVE_MALLOPT_ARENA_MAX 1
#define HAVE_VISIBILITY_ATTRIBUTE 1
#define HAVE_THREAD_LOCAL 1
#define HAVE_SYS_GETRANDOM 1
#define HAVE_GETENTROPY 1
#define HAVE_GETENTROPY_RAND 1
#define HAVE_MINIUPNPC_MINIWGET_H 1
#define HAVE_MINIUPNPC_MINIUPNPC_H 1
#define HAVE_MINIUPNPC_UPNPCOMMANDS_H 1
#define HAVE_MINIUPNPC_UPNPERRORS_H 1
#define QT_STATICPLUGIN 1
#define QT_STATICPLUGIN 1
#define QT_QPA_PLATFORM_MINIMAL 1
#define QT_QPA_PLATFORM_XCB 1
#define HAVE_BOOST /**/
#define HAVE_BOOST_SYSTEM /**/
#define HAVE_BOOST_FILESYSTEM /**/
#define HAVE_BOOST_PROGRAM_OPTIONS /**/
#define HAVE_BOOST_THREAD /**/
#define HAVE_BOOST_CHRONO /**/
#define HAVE_WORKING_BOOST_SLEEP_FOR 1
#define ENABLE_ZMQ 1
#define HAVE_DECL_EVP_MD_CTX_NEW 0
#define HAVE_CONSENSUS_LIB 1
#define ENABLE_WALLET 1
#define USE_UPNP 0
#define USE_DBUS 1
#define USE_QRCODE 1
#define CLIENT_VERSION_MAJOR 1
#define CLIENT_VERSION_MINOR 0
#define CLIENT_VERSION_REVISION 0
#define CLIENT_VERSION_BUILD 0
#define CLIENT_VERSION_IS_RELEASE true
#define COPYRIGHT_YEAR 2020
#define COPYRIGHT_HOLDERS "The %s developers"
#define COPYRIGHT_HOLDERS_SUBSTITUTION "RoseCoin Core"
#define COPYRIGHT_HOLDERS_FINAL "The RoseCoin Core developers"

configure: exit 0
